SF:/home/freitas/Development/Projects/CDIO/cdio-il2018-19sem5-grupo3/MYCM/backend/Program.cs
FN:16,Microsoft.Extensions.Configuration.IConfiguration backend.Program::get_configuration()
FNDA:0,Microsoft.Extensions.Configuration.IConfiguration backend.Program::get_configuration()
DA:17,0
FN:21,System.Void backend.Program::Main(System.String[])
FNDA:0,System.Void backend.Program::Main(System.String[])
DA:22,0
DA:24,0
DA:25,0
DA:26,0
DA:28,0
DA:29,0
DA:30,0
DA:31,0
DA:32,0
DA:33,0
DA:34,0
DA:36,0
DA:37,0
DA:38,0
DA:39,0
FN:41,Microsoft.AspNetCore.Hosting.IWebHostBuilder backend.Program::CreateWebHostBuilder(System.String[])
FNDA:0,Microsoft.AspNetCore.Hosting.IWebHostBuilder backend.Program::CreateWebHostBuilder(System.String[])
DA:42,0
DA:43,0
DA:44,0
FN:17,System.Void backend.Program::.cctor()
FNDA:0,System.Void backend.Program::.cctor()
DA:18,0
DA:19,0
LF:21
LH:0
BRF:0
BRH:0
FNF:4
FNH:0
end_of_record
SF:/home/freitas/Development/Projects/CDIO/cdio-il2018-19sem5-grupo3/MYCM/backend/Startup.cs
FN:20,Microsoft.Extensions.Configuration.IConfiguration backend.Startup::get_Configuration()
FNDA:0,Microsoft.Extensions.Configuration.IConfiguration backend.Startup::get_Configuration()
DA:21,0
FN:24,System.Void backend.Startup::ConfigureServices(Microsoft.Extensions.DependencyInjection.IServiceCollection)
FNDA:0,System.Void backend.Startup::ConfigureServices(Microsoft.Extensions.DependencyInjection.IServiceCollection)
DA:25,0
DA:33,0
DA:35,0
DA:36,0
DA:37,0
DA:38,0
DA:39,0
DA:40,0
DA:41,0
DA:42,0
BRDA:35,26,0,0
BRDA:35,26,1,0
FN:45,System.Void backend.Startup::Configure(Microsoft.AspNetCore.Builder.IApplicationBuilder,Microsoft.AspNetCore.Hosting.IHostingEnvironment)
FNDA:6,System.Void backend.Startup::Configure(Microsoft.AspNetCore.Builder.IApplicationBuilder,Microsoft.AspNetCore.Hosting.IHostingEnvironment)
DA:46,6
DA:47,6
DA:48,0
DA:49,0
DA:50,0
DA:61,6
DA:62,6
BRDA:47,9,0,0
BRDA:47,9,1,6
FN:15,System.Void backend.Startup::.ctor(Microsoft.Extensions.Configuration.IConfiguration)
FNDA:6,System.Void backend.Startup::.ctor(Microsoft.Extensions.Configuration.IConfiguration)
DA:16,6
DA:17,6
DA:18,6
DA:19,6
LF:22
LH:8
BRF:4
BRH:1
FNF:4
FNH:2
end_of_record
SF:/home/freitas/Development/Projects/CDIO/cdio-il2018-19sem5-grupo3/MYCM/backend/utils/SimpleJSONMessageService.cs
FN:8,System.String backend.utils.SimpleJSONMessageService::get_message()
FNDA:30,System.String backend.utils.SimpleJSONMessageService::get_message()
DA:9,30
FN:13,System.Void backend.utils.SimpleJSONMessageService::.ctor(System.String)
FNDA:60,System.Void backend.utils.SimpleJSONMessageService::.ctor(System.String)
DA:14,60
LF:2
LH:2
BRF:0
BRH:0
FNF:2
FNH:2
end_of_record
SF:/home/freitas/Development/Projects/CDIO/cdio-il2018-19sem5-grupo3/MYCM/backend/persistence/ef/EFBaseRepository.cs
FN:33,E backend.persistence.ef.EFBaseRepository`3::find(ID)
FNDA:32,E backend.persistence.ef.EFBaseRepository`3::find(ID)
DA:34,32
DA:35,32
DA:37,32
DA:38,32
BRDA:37,39,0,17
BRDA:37,39,1,16
BRDA:37,52,0,16
BRDA:37,52,1,16
FN:40,E backend.persistence.ef.EFBaseRepository`3::find(EID)
FNDA:32,E backend.persistence.ef.EFBaseRepository`3::find(EID)
DA:41,32
DA:43,32
DA:44,32
FN:46,System.Collections.Generic.IEnumerable`1<E> backend.persistence.ef.EFBaseRepository`3::findAll()
FNDA:7,System.Collections.Generic.IEnumerable`1<E> backend.persistence.ef.EFBaseRepository`3::findAll()
DA:47,7
DA:48,7
DA:49,7
FN:51,E backend.persistence.ef.EFBaseRepository`3::remove(E)
FNDA:2,E backend.persistence.ef.EFBaseRepository`3::remove(E)
DA:52,2
DA:53,2
DA:54,2
DA:56,2
DA:57,2
FN:59,E backend.persistence.ef.EFBaseRepository`3::save(E)
FNDA:26,E backend.persistence.ef.EFBaseRepository`3::save(E)
DA:60,26
DA:68,26
DA:70,26
DA:71,0
DA:72,0
DA:74,0
DA:77,26
DA:78,2
DA:79,2
DA:82,24
DA:83,24
DA:85,24
DA:86,26
BRDA:70,20,0,0
BRDA:70,20,1,26
BRDA:77,72,0,2
BRDA:77,72,1,24
FN:93,E backend.persistence.ef.EFBaseRepository`3::findDeactivatedEntityWithSameBusinessIdentifier(E)
FNDA:26,E backend.persistence.ef.EFBaseRepository`3::findDeactivatedEntityWithSameBusinessIdentifier(E)
DA:94,26
DA:95,26
DA:96,26
FN:98,E backend.persistence.ef.EFBaseRepository`3::update(E)
FNDA:5,E backend.persistence.ef.EFBaseRepository`3::update(E)
DA:99,5
DA:100,5
DA:101,5
DA:103,5
DA:104,5
FN:27,System.Void backend.persistence.ef.EFBaseRepository`3::.ctor(backend.persistence.ef.MyCContext)
FNDA:164,System.Void backend.persistence.ef.EFBaseRepository`3::.ctor(backend.persistence.ef.MyCContext)
DA:28,164
DA:29,164
DA:30,164
DA:31,164
LF:40
LH:37
BRF:8
BRH:7
FNF:8
FNH:8
end_of_record
SF:/home/freitas/Development/Projects/CDIO/cdio-il2018-19sem5-grupo3/MYCM/backend/persistence/ef/EFCommercialCatalogueRepository.cs
FN:20,System.Collections.Generic.IEnumerable`1<core.domain.CommercialCatalogue> backend.persistence.ef.EFCommercialCatalogueRepository::fetchCommercialCataloguesById(System.Collections.Generic.IEnumerable`1<core.dto.CommercialCatalogueDTO>)
FNDA:0,System.Collections.Generic.IEnumerable`1<core.domain.CommercialCatalogue> backend.persistence.ef.EFCommercialCatalogueRepository::fetchCommercialCataloguesById(System.Collections.Generic.IEnumerable`1<core.dto.CommercialCatalogueDTO>)
DA:21,0
DA:22,0
DA:23,0
DA:24,0
DA:25,0
DA:26,0
DA:27,0
BRDA:23,59,1,0
BRDA:23,59,0,0
FN:11,System.Void backend.persistence.ef.EFCommercialCatalogueRepository::.ctor(backend.persistence.ef.MyCContext)
FNDA:0,System.Void backend.persistence.ef.EFCommercialCatalogueRepository::.ctor(backend.persistence.ef.MyCContext)
DA:12,0
LF:8
LH:0
BRF:2
BRH:0
FNF:2
FNH:0
end_of_record
SF:/home/freitas/Development/Projects/CDIO/cdio-il2018-19sem5-grupo3/MYCM/backend/persistence/ef/EFCustomizedProductCollectionRepository.cs
FN:18,core.domain.CustomizedProductCollection backend.persistence.ef.EFCustomizedProductCollectionRepository::find(System.Int64)
FNDA:0,core.domain.CustomizedProductCollection backend.persistence.ef.EFCustomizedProductCollectionRepository::find(System.Int64)
DA:19,0
DA:20,0
DA:21,0
DA:22,0
BRDA:21,15,0,0
BRDA:21,15,1,0
FN:28,System.Collections.Generic.IEnumerable`1<core.domain.CustomizedProductCollection> backend.persistence.ef.EFCustomizedProductCollectionRepository::findAllCollections()
FNDA:0,System.Collections.Generic.IEnumerable`1<core.domain.CustomizedProductCollection> backend.persistence.ef.EFCustomizedProductCollectionRepository::findAllCollections()
DA:29,0
DA:30,0
DA:31,0
DA:32,0
DA:33,0
FN:11,System.Void backend.persistence.ef.EFCustomizedProductCollectionRepository::.ctor(backend.persistence.ef.MyCContext)
FNDA:54,System.Void backend.persistence.ef.EFCustomizedProductCollectionRepository::.ctor(backend.persistence.ef.MyCContext)
DA:12,54
LF:10
LH:1
BRF:2
BRH:0
FNF:3
FNH:1
end_of_record
SF:/home/freitas/Development/Projects/CDIO/cdio-il2018-19sem5-grupo3/MYCM/backend/persistence/ef/EFCustomizedProductRepository.cs
FN:19,System.Collections.Generic.IEnumerable`1<core.domain.CustomizedProduct> backend.persistence.ef.EFCustomizedProductRepository::findAllCustomizedProducts()
FNDA:1,System.Collections.Generic.IEnumerable`1<core.domain.CustomizedProduct> backend.persistence.ef.EFCustomizedProductRepository::findAllCustomizedProducts()
DA:20,1
DA:21,1
DA:22,1
FN:28,System.Collections.Generic.IEnumerable`1<core.domain.CustomizedProduct> backend.persistence.ef.EFCustomizedProductRepository::findCustomizedProductsByTheirPIDS(System.Collections.Generic.IEnumerable`1<core.dto.CustomizedProductDTO>)
FNDA:2,System.Collections.Generic.IEnumerable`1<core.domain.CustomizedProduct> backend.persistence.ef.EFCustomizedProductRepository::findCustomizedProductsByTheirPIDS(System.Collections.Generic.IEnumerable`1<core.dto.CustomizedProductDTO>)
DA:29,2
DA:30,2
DA:31,8
DA:32,1
DA:33,2
DA:34,2
DA:35,2
DA:36,2
DA:37,2
BRDA:31,59,1,1
BRDA:31,59,0,2
FN:45,core.domain.Slot backend.persistence.ef.EFCustomizedProductRepository::findSlot(System.Int64,System.Int64)
FNDA:0,core.domain.Slot backend.persistence.ef.EFCustomizedProductRepository::findSlot(System.Int64,System.Int64)
DA:46,0
DA:54,0
DA:55,0
DA:57,0
DA:58,0
DA:60,0
DA:61,0
DA:62,0
FN:12,System.Void backend.persistence.ef.EFCustomizedProductRepository::.ctor(backend.persistence.ef.MyCContext)
FNDA:63,System.Void backend.persistence.ef.EFCustomizedProductRepository::.ctor(backend.persistence.ef.MyCContext)
DA:13,63
LF:21
LH:13
BRF:2
BRH:2
FNF:4
FNH:3
end_of_record
SF:/home/freitas/Development/Projects/CDIO/cdio-il2018-19sem5-grupo3/MYCM/backend/persistence/ef/EFFinishPriceTableRepository.cs
FN:23,System.Collections.Generic.IEnumerable`1<core.domain.FinishPriceTableEntry> backend.persistence.ef.EFFinishPriceTableRepository::fetchMaterialFinishPriceHistory(core.dto.FetchMaterialFinishPriceHistoryDTO)
FNDA:0,System.Collections.Generic.IEnumerable`1<core.domain.FinishPriceTableEntry> backend.persistence.ef.EFFinishPriceTableRepository::fetchMaterialFinishPriceHistory(core.dto.FetchMaterialFinishPriceHistoryDTO)
DA:24,0
DA:25,0
DA:26,0
DA:27,0
DA:28,0
DA:29,0
DA:30,0
FN:16,System.Void backend.persistence.ef.EFFinishPriceTableRepository::.ctor(backend.persistence.ef.MyCContext)
FNDA:0,System.Void backend.persistence.ef.EFFinishPriceTableRepository::.ctor(backend.persistence.ef.MyCContext)
DA:17,0
LF:8
LH:0
BRF:0
BRH:0
FNF:2
FNH:0
end_of_record
SF:/home/freitas/Development/Projects/CDIO/cdio-il2018-19sem5-grupo3/MYCM/backend/persistence/ef/EFMaterialPriceTableRepository.cs
FN:24,System.Collections.Generic.IEnumerable`1<core.domain.MaterialPriceTableEntry> backend.persistence.ef.EFMaterialPriceTableRepository::fetchMaterialPriceHistory(core.dto.FetchMaterialPriceHistoryDTO)
FNDA:0,System.Collections.Generic.IEnumerable`1<core.domain.MaterialPriceTableEntry> backend.persistence.ef.EFMaterialPriceTableRepository::fetchMaterialPriceHistory(core.dto.FetchMaterialPriceHistoryDTO)
DA:25,0
DA:26,0
DA:27,0
DA:28,0
DA:29,0
FN:17,System.Void backend.persistence.ef.EFMaterialPriceTableRepository::.ctor(backend.persistence.ef.MyCContext)
FNDA:0,System.Void backend.persistence.ef.EFMaterialPriceTableRepository::.ctor(backend.persistence.ef.MyCContext)
DA:18,0
LF:6
LH:0
BRF:0
BRH:0
FNF:2
FNH:0
end_of_record
SF:/home/freitas/Development/Projects/CDIO/cdio-il2018-19sem5-grupo3/MYCM/backend/persistence/ef/EFMaterialRepository.cs
FN:20,System.Collections.Generic.IEnumerable`1<core.domain.Material> backend.persistence.ef.EFMaterialRepository::getMaterialsByIDS(System.Collections.Generic.IEnumerable`1<core.dto.MaterialDTO>)
FNDA:0,System.Collections.Generic.IEnumerable`1<core.domain.Material> backend.persistence.ef.EFMaterialRepository::getMaterialsByIDS(System.Collections.Generic.IEnumerable`1<core.dto.MaterialDTO>)
DA:21,0
DA:22,0
DA:23,0
DA:24,0
DA:25,0
DA:26,0
DA:27,0
BRDA:23,59,1,0
BRDA:23,59,0,0
FN:34,core.domain.Material backend.persistence.ef.EFMaterialRepository::deleteFinish(System.Int64,System.Int64)
FNDA:1,core.domain.Material backend.persistence.ef.EFMaterialRepository::deleteFinish(System.Int64,System.Int64)
DA:35,1
DA:37,1
DA:38,1
DA:40,7
DA:41,2
DA:42,2
DA:43,0
DA:44,0
DA:45,0
DA:46,2
DA:48,1
DA:50,1
BRDA:40,84,1,2
BRDA:42,64,0,0
BRDA:42,64,1,2
BRDA:40,84,0,1
FN:58,core.domain.Material backend.persistence.ef.EFMaterialRepository::deleteColor(System.Int64,System.Int64)
FNDA:3,core.domain.Material backend.persistence.ef.EFMaterialRepository::deleteColor(System.Int64,System.Int64)
DA:59,3
DA:61,3
DA:62,3
DA:64,11
DA:65,2
DA:66,2
DA:67,0
DA:68,0
DA:69,0
DA:70,2
DA:72,1
DA:74,1
BRDA:64,84,1,2
BRDA:66,64,0,0
BRDA:66,64,1,2
BRDA:64,84,0,1
FN:12,System.Void backend.persistence.ef.EFMaterialRepository::.ctor(backend.persistence.ef.MyCContext)
FNDA:222,System.Void backend.persistence.ef.EFMaterialRepository::.ctor(backend.persistence.ef.MyCContext)
DA:13,222
LF:32
LH:19
BRF:10
BRH:6
FNF:4
FNH:3
end_of_record
SF:/home/freitas/Development/Projects/CDIO/cdio-il2018-19sem5-grupo3/MYCM/backend/persistence/ef/EFProductCategoryRepository.cs
FN:13,System.Collections.Generic.IEnumerable`1<core.domain.ProductCategory> backend.persistence.ef.EFProductCategoryRepository::findSubCategories(core.domain.ProductCategory)
FNDA:1,System.Collections.Generic.IEnumerable`1<core.domain.ProductCategory> backend.persistence.ef.EFProductCategoryRepository::findSubCategories(core.domain.ProductCategory)
DA:14,1
DA:15,1
DA:16,1
FN:18,System.Collections.Generic.IEnumerable`1<core.domain.ProductCategory> backend.persistence.ef.EFProductCategoryRepository::findLeaves()
FNDA:0,System.Collections.Generic.IEnumerable`1<core.domain.ProductCategory> backend.persistence.ef.EFProductCategoryRepository::findLeaves()
DA:19,0
DA:21,0
DA:23,0
DA:24,0
FN:26,System.Boolean backend.persistence.ef.EFProductCategoryRepository::isLeaf(core.domain.ProductCategory)
FNDA:1,System.Boolean backend.persistence.ef.EFProductCategoryRepository::isLeaf(core.domain.ProductCategory)
DA:27,1
DA:28,1
DA:29,1
FN:10,System.Void backend.persistence.ef.EFProductCategoryRepository::.ctor(backend.persistence.ef.MyCContext)
FNDA:126,System.Void backend.persistence.ef.EFProductCategoryRepository::.ctor(backend.persistence.ef.MyCContext)
DA:11,126
LF:11
LH:7
BRF:0
BRH:0
FNF:4
FNH:3
end_of_record
SF:/home/freitas/Development/Projects/CDIO/cdio-il2018-19sem5-grupo3/MYCM/backend/persistence/ef/EFProductRepository.cs
FN:19,core.domain.Component backend.persistence.ef.EFProductRepository::fetchProductComponent(System.Int64,System.Int64)
FNDA:0,core.domain.Component backend.persistence.ef.EFProductRepository::fetchProductComponent(System.Int64,System.Int64)
DA:20,0
DA:21,0
DA:22,0
DA:23,0
FN:29,System.Collections.Generic.IEnumerable`1<core.domain.Product> backend.persistence.ef.EFProductRepository::fetchProductsByID(System.Collections.Generic.IEnumerable`1<core.dto.ProductDTO>)
FNDA:0,System.Collections.Generic.IEnumerable`1<core.domain.Product> backend.persistence.ef.EFProductRepository::fetchProductsByID(System.Collections.Generic.IEnumerable`1<core.dto.ProductDTO>)
DA:30,0
DA:31,0
DA:32,0
DA:33,0
DA:34,0
DA:35,0
DA:36,0
DA:37,0
BRDA:32,59,1,0
BRDA:32,59,0,0
FN:44,core.domain.Product backend.persistence.ef.EFProductRepository::update(core.domain.Product)
FNDA:0,core.domain.Product backend.persistence.ef.EFProductRepository::update(core.domain.Product)
DA:45,0
DA:46,0
DA:47,0
DA:48,0
DA:49,0
BRDA:46,31,0,0
BRDA:46,31,1,0
FN:12,System.Void backend.persistence.ef.EFProductRepository::.ctor(backend.persistence.ef.MyCContext)
FNDA:27,System.Void backend.persistence.ef.EFProductRepository::.ctor(backend.persistence.ef.MyCContext)
DA:13,27
LF:18
LH:1
BRF:4
BRH:0
FNF:4
FNH:1
end_of_record
SF:/home/freitas/Development/Projects/CDIO/cdio-il2018-19sem5-grupo3/MYCM/backend/persistence/ef/EFRepositoryFactoryImpl.cs
FN:15,core.persistence.CommercialCatalogueRepository backend.persistence.ef.EFRepositoryFactoryImpl::createCommercialCatalogueRepository()
FNDA:0,core.persistence.CommercialCatalogueRepository backend.persistence.ef.EFRepositoryFactoryImpl::createCommercialCatalogueRepository()
DA:16,0
DA:17,0
DA:18,0
FN:24,core.persistence.CustomizedProductCollectionRepository backend.persistence.ef.EFRepositoryFactoryImpl::createCustomizedProductCollectionRepository()
FNDA:7,core.persistence.CustomizedProductCollectionRepository backend.persistence.ef.EFRepositoryFactoryImpl::createCustomizedProductCollectionRepository()
DA:25,7
DA:26,7
DA:27,7
FN:33,core.persistence.CustomizedProductRepository backend.persistence.ef.EFRepositoryFactoryImpl::createCustomizedProductRepository()
FNDA:5,core.persistence.CustomizedProductRepository backend.persistence.ef.EFRepositoryFactoryImpl::createCustomizedProductRepository()
DA:34,5
DA:35,5
DA:36,5
FN:38,core.persistence.FinishPriceTableRepository backend.persistence.ef.EFRepositoryFactoryImpl::createFinishPriceTableRepository()
FNDA:0,core.persistence.FinishPriceTableRepository backend.persistence.ef.EFRepositoryFactoryImpl::createFinishPriceTableRepository()
DA:39,0
DA:40,0
DA:41,0
FN:43,core.persistence.MaterialPriceTableRepository backend.persistence.ef.EFRepositoryFactoryImpl::createMaterialPriceTableRepository()
FNDA:0,core.persistence.MaterialPriceTableRepository backend.persistence.ef.EFRepositoryFactoryImpl::createMaterialPriceTableRepository()
DA:44,0
DA:45,0
DA:46,0
FN:52,core.persistence.MaterialRepository backend.persistence.ef.EFRepositoryFactoryImpl::createMaterialRepository()
FNDA:36,core.persistence.MaterialRepository backend.persistence.ef.EFRepositoryFactoryImpl::createMaterialRepository()
DA:53,36
DA:54,36
DA:55,36
FN:61,core.persistence.ProductCategoryRepository backend.persistence.ef.EFRepositoryFactoryImpl::createProductCategoryRepository()
FNDA:21,core.persistence.ProductCategoryRepository backend.persistence.ef.EFRepositoryFactoryImpl::createProductCategoryRepository()
DA:62,21
DA:63,21
DA:64,21
FN:70,core.persistence.ProductRepository backend.persistence.ef.EFRepositoryFactoryImpl::createProductRepository()
FNDA:5,core.persistence.ProductRepository backend.persistence.ef.EFRepositoryFactoryImpl::createProductRepository()
DA:71,5
DA:72,5
DA:73,5
LF:24
LH:15
BRF:0
BRH:0
FNF:8
FNH:5
end_of_record
SF:/home/freitas/Development/Projects/CDIO/cdio-il2018-19sem5-grupo3/MYCM/backend/persistence/ef/MyCContext.cs
FN:19,Microsoft.EntityFrameworkCore.DbSet`1<core.domain.CommercialCatalogue> backend.persistence.ef.MyCContext::get_CommercialCatalogue()
FNDA:81,Microsoft.EntityFrameworkCore.DbSet`1<core.domain.CommercialCatalogue> backend.persistence.ef.MyCContext::get_CommercialCatalogue()
DA:20,81
FN:25,Microsoft.EntityFrameworkCore.DbSet`1<core.domain.Material> backend.persistence.ef.MyCContext::get_Material()
FNDA:81,Microsoft.EntityFrameworkCore.DbSet`1<core.domain.Material> backend.persistence.ef.MyCContext::get_Material()
DA:26,81
FN:31,Microsoft.EntityFrameworkCore.DbSet`1<core.domain.Product> backend.persistence.ef.MyCContext::get_Product()
FNDA:81,Microsoft.EntityFrameworkCore.DbSet`1<core.domain.Product> backend.persistence.ef.MyCContext::get_Product()
DA:32,81
FN:37,Microsoft.EntityFrameworkCore.DbSet`1<core.domain.ProductCategory> backend.persistence.ef.MyCContext::get_ProductCategory()
FNDA:82,Microsoft.EntityFrameworkCore.DbSet`1<core.domain.ProductCategory> backend.persistence.ef.MyCContext::get_ProductCategory()
DA:38,82
FN:43,Microsoft.EntityFrameworkCore.DbSet`1<core.domain.CustomizedProduct> backend.persistence.ef.MyCContext::get_CustomizedProduct()
FNDA:81,Microsoft.EntityFrameworkCore.DbSet`1<core.domain.CustomizedProduct> backend.persistence.ef.MyCContext::get_CustomizedProduct()
DA:44,81
FN:49,Microsoft.EntityFrameworkCore.DbSet`1<core.domain.CustomizedProductCollection> backend.persistence.ef.MyCContext::get_CustomizedProductCollection()
FNDA:81,Microsoft.EntityFrameworkCore.DbSet`1<core.domain.CustomizedProductCollection> backend.persistence.ef.MyCContext::get_CustomizedProductCollection()
DA:50,81
FN:55,Microsoft.EntityFrameworkCore.DbSet`1<core.domain.MaterialPriceTableEntry> backend.persistence.ef.MyCContext::get_MaterialPriceTable()
FNDA:81,Microsoft.EntityFrameworkCore.DbSet`1<core.domain.MaterialPriceTableEntry> backend.persistence.ef.MyCContext::get_MaterialPriceTable()
DA:56,81
FN:61,Microsoft.EntityFrameworkCore.DbSet`1<core.domain.FinishPriceTableEntry> backend.persistence.ef.MyCContext::get_FinishPriceTable()
FNDA:81,Microsoft.EntityFrameworkCore.DbSet`1<core.domain.FinishPriceTableEntry> backend.persistence.ef.MyCContext::get_FinishPriceTable()
DA:62,81
FN:72,System.Void backend.persistence.ef.MyCContext::OnModelCreating(Microsoft.EntityFrameworkCore.ModelBuilder)
FNDA:6,System.Void backend.persistence.ef.MyCContext::OnModelCreating(Microsoft.EntityFrameworkCore.ModelBuilder)
DA:73,6
DA:74,6
DA:78,6
DA:79,6
DA:80,6
DA:85,6
DA:87,6
DA:88,6
DA:89,6
DA:90,6
DA:93,6
DA:95,6
DA:96,6
DA:99,6
DA:100,6
DA:101,6
DA:102,6
DA:106,6
DA:107,6
DA:108,6
DA:110,6
DA:111,6
DA:112,6
DA:113,6
DA:115,6
DA:117,6
DA:120,6
DA:121,6
DA:122,6
DA:123,6
DA:125,6
DA:126,6
DA:127,6
DA:130,6
DA:131,6
DA:134,6
DA:136,6
DA:137,6
DA:138,6
DA:143,6
DA:144,6
DA:145,6
DA:146,6
DA:147,6
DA:149,6
DA:150,6
DA:151,6
DA:152,6
DA:156,6
DA:157,6
DA:158,6
DA:162,6
DA:163,6
DA:164,6
DA:165,6
DA:168,6
DA:169,6
DA:170,6
DA:171,6
DA:174,6
FN:68,System.Void backend.persistence.ef.MyCContext::.ctor(Microsoft.EntityFrameworkCore.DbContextOptions`1<backend.persistence.ef.MyCContext>)
FNDA:324,System.Void backend.persistence.ef.MyCContext::.ctor(Microsoft.EntityFrameworkCore.DbContextOptions`1<backend.persistence.ef.MyCContext>)
DA:69,324
LF:69
LH:69
BRF:0
BRH:0
FNF:10
FNH:10
end_of_record
SF:/home/freitas/Development/Projects/CDIO/cdio-il2018-19sem5-grupo3/MYCM/backend/Models/ErrorViewModel.cs
FN:6,System.String backend.Models.ErrorViewModel::get_RequestId()
FNDA:0,System.String backend.Models.ErrorViewModel::get_RequestId()
DA:7,0
FN:8,System.Boolean backend.Models.ErrorViewModel::get_ShowRequestId()
FNDA:0,System.Boolean backend.Models.ErrorViewModel::get_ShowRequestId()
DA:9,0
LF:2
LH:0
BRF:0
BRH:0
FNF:2
FNH:0
end_of_record
SF:/home/freitas/Development/Projects/CDIO/cdio-il2018-19sem5-grupo3/MYCM/backend/Migrations/20181108121949_InitialCreate.cs
FN:8,System.Void backend.Migrations.InitialCreate::Up(Microsoft.EntityFrameworkCore.Migrations.MigrationBuilder)
FNDA:0,System.Void backend.Migrations.InitialCreate::Up(Microsoft.EntityFrameworkCore.Migrations.MigrationBuilder)
DA:9,0
DA:10,0
DA:11,0
DA:12,0
DA:13,0
DA:14,0
DA:15,0
DA:16,0
DA:17,0
DA:18,0
DA:19,0
DA:20,0
DA:21,0
DA:22,0
DA:23,0
DA:25,0
DA:26,0
DA:27,0
DA:28,0
DA:29,0
DA:30,0
DA:31,0
DA:32,0
DA:33,0
DA:34,0
DA:35,0
DA:36,0
DA:37,0
DA:39,0
DA:40,0
DA:41,0
DA:42,0
DA:43,0
DA:44,0
DA:45,0
DA:46,0
DA:47,0
DA:48,0
DA:49,0
DA:50,0
DA:51,0
DA:52,0
DA:53,0
DA:54,0
DA:56,0
DA:57,0
DA:58,0
DA:59,0
DA:60,0
DA:61,0
DA:62,0
DA:63,0
DA:64,0
DA:65,0
DA:66,0
DA:67,0
DA:68,0
DA:69,0
DA:71,0
DA:72,0
DA:73,0
DA:74,0
DA:75,0
DA:76,0
DA:77,0
DA:78,0
DA:79,0
DA:80,0
DA:81,0
DA:82,0
DA:83,0
DA:84,0
DA:85,0
DA:86,0
DA:87,0
DA:88,0
DA:89,0
DA:90,0
DA:92,0
DA:93,0
DA:94,0
DA:95,0
DA:96,0
DA:97,0
DA:98,0
DA:99,0
DA:100,0
DA:101,0
DA:102,0
DA:103,0
DA:104,0
DA:106,0
DA:107,0
DA:108,0
DA:109,0
DA:110,0
DA:111,0
DA:112,0
DA:113,0
DA:114,0
DA:115,0
DA:116,0
DA:117,0
DA:118,0
DA:119,0
DA:120,0
DA:121,0
DA:122,0
DA:123,0
DA:125,0
DA:126,0
DA:127,0
DA:128,0
DA:129,0
DA:130,0
DA:131,0
DA:132,0
DA:133,0
DA:134,0
DA:135,0
DA:136,0
DA:137,0
DA:138,0
DA:139,0
DA:140,0
DA:141,0
DA:142,0
DA:143,0
DA:145,0
DA:146,0
DA:147,0
DA:148,0
DA:149,0
DA:150,0
DA:151,0
DA:152,0
DA:153,0
DA:154,0
DA:155,0
DA:156,0
DA:157,0
DA:158,0
DA:159,0
DA:160,0
DA:161,0
DA:162,0
DA:163,0
DA:164,0
DA:165,0
DA:166,0
DA:167,0
DA:168,0
DA:169,0
DA:170,0
DA:171,0
DA:172,0
DA:173,0
DA:174,0
DA:175,0
DA:176,0
DA:178,0
DA:179,0
DA:180,0
DA:181,0
DA:182,0
DA:183,0
DA:184,0
DA:185,0
DA:186,0
DA:187,0
DA:188,0
DA:189,0
DA:190,0
DA:191,0
DA:192,0
DA:193,0
DA:194,0
DA:195,0
DA:196,0
DA:197,0
DA:198,0
DA:199,0
DA:200,0
DA:202,0
DA:203,0
DA:204,0
DA:205,0
DA:206,0
DA:207,0
DA:208,0
DA:209,0
DA:210,0
DA:211,0
DA:212,0
DA:213,0
DA:214,0
DA:215,0
DA:216,0
DA:217,0
DA:218,0
DA:219,0
DA:220,0
DA:222,0
DA:223,0
DA:224,0
DA:225,0
DA:226,0
DA:227,0
DA:228,0
DA:229,0
DA:230,0
DA:231,0
DA:232,0
DA:233,0
DA:234,0
DA:235,0
DA:236,0
DA:237,0
DA:238,0
DA:239,0
DA:240,0
DA:241,0
DA:242,0
DA:243,0
DA:244,0
DA:245,0
DA:246,0
DA:247,0
DA:248,0
DA:249,0
DA:250,0
DA:251,0
DA:252,0
DA:254,0
DA:255,0
DA:256,0
DA:257,0
DA:258,0
DA:259,0
DA:260,0
DA:261,0
DA:262,0
DA:263,0
DA:264,0
DA:265,0
DA:266,0
DA:267,0
DA:268,0
DA:269,0
DA:270,0
DA:271,0
DA:272,0
DA:273,0
DA:274,0
DA:275,0
DA:276,0
DA:277,0
DA:278,0
DA:279,0
DA:280,0
DA:281,0
DA:283,0
DA:284,0
DA:285,0
DA:286,0
DA:287,0
DA:288,0
DA:289,0
DA:290,0
DA:291,0
DA:292,0
DA:293,0
DA:294,0
DA:295,0
DA:296,0
DA:297,0
DA:298,0
DA:299,0
DA:300,0
DA:301,0
DA:302,0
DA:303,0
DA:304,0
DA:305,0
DA:307,0
DA:308,0
DA:309,0
DA:310,0
DA:311,0
DA:312,0
DA:313,0
DA:314,0
DA:315,0
DA:316,0
DA:317,0
DA:318,0
DA:319,0
DA:320,0
DA:321,0
DA:322,0
DA:323,0
DA:324,0
DA:325,0
DA:326,0
DA:327,0
DA:328,0
DA:329,0
DA:330,0
DA:331,0
DA:332,0
DA:333,0
DA:334,0
DA:335,0
DA:336,0
DA:337,0
DA:338,0
DA:340,0
DA:341,0
DA:342,0
DA:343,0
DA:344,0
DA:345,0
DA:346,0
DA:347,0
DA:348,0
DA:349,0
DA:350,0
DA:351,0
DA:352,0
DA:353,0
DA:354,0
DA:355,0
DA:356,0
DA:357,0
DA:358,0
DA:359,0
DA:360,0
DA:361,0
DA:362,0
DA:363,0
DA:364,0
DA:365,0
DA:366,0
DA:367,0
DA:368,0
DA:370,0
DA:371,0
DA:372,0
DA:373,0
DA:374,0
DA:375,0
DA:376,0
DA:377,0
DA:378,0
DA:379,0
DA:380,0
DA:381,0
DA:382,0
DA:383,0
DA:384,0
DA:385,0
DA:386,0
DA:387,0
DA:388,0
DA:389,0
DA:390,0
DA:391,0
DA:392,0
DA:393,0
DA:395,0
DA:396,0
DA:397,0
DA:398,0
DA:399,0
DA:400,0
DA:401,0
DA:402,0
DA:403,0
DA:404,0
DA:405,0
DA:406,0
DA:407,0
DA:408,0
DA:409,0
DA:410,0
DA:411,0
DA:412,0
DA:413,0
DA:414,0
DA:415,0
DA:416,0
DA:417,0
DA:419,0
DA:420,0
DA:421,0
DA:422,0
DA:423,0
DA:424,0
DA:425,0
DA:426,0
DA:427,0
DA:428,0
DA:429,0
DA:430,0
DA:431,0
DA:432,0
DA:433,0
DA:434,0
DA:435,0
DA:436,0
DA:437,0
DA:438,0
DA:439,0
DA:440,0
DA:441,0
DA:443,0
DA:444,0
DA:445,0
DA:446,0
DA:447,0
DA:448,0
DA:449,0
DA:450,0
DA:451,0
DA:452,0
DA:453,0
DA:454,0
DA:455,0
DA:456,0
DA:457,0
DA:458,0
DA:459,0
DA:460,0
DA:461,0
DA:462,0
DA:463,0
DA:464,0
DA:465,0
DA:466,0
DA:467,0
DA:468,0
DA:469,0
DA:470,0
DA:471,0
DA:472,0
DA:473,0
DA:474,0
DA:475,0
DA:476,0
DA:477,0
DA:478,0
DA:480,0
DA:481,0
DA:482,0
DA:483,0
DA:484,0
DA:485,0
DA:486,0
DA:487,0
DA:488,0
DA:489,0
DA:490,0
DA:491,0
DA:492,0
DA:493,0
DA:494,0
DA:495,0
DA:496,0
DA:497,0
DA:498,0
DA:499,0
DA:501,0
DA:502,0
DA:503,0
DA:504,0
DA:505,0
DA:506,0
DA:507,0
DA:508,0
DA:509,0
DA:510,0
DA:511,0
DA:512,0
DA:513,0
DA:514,0
DA:515,0
DA:516,0
DA:517,0
DA:519,0
DA:520,0
DA:521,0
DA:522,0
DA:523,0
DA:524,0
DA:525,0
DA:526,0
DA:527,0
DA:528,0
DA:529,0
DA:530,0
DA:531,0
DA:532,0
DA:533,0
DA:534,0
DA:535,0
DA:536,0
DA:537,0
DA:538,0
DA:539,0
DA:540,0
DA:541,0
DA:542,0
DA:543,0
DA:544,0
DA:545,0
DA:546,0
DA:547,0
DA:548,0
DA:549,0
DA:550,0
DA:552,0
DA:553,0
DA:554,0
DA:555,0
DA:556,0
DA:557,0
DA:558,0
DA:559,0
DA:560,0
DA:561,0
DA:562,0
DA:563,0
DA:564,0
DA:565,0
DA:566,0
DA:567,0
DA:568,0
DA:569,0
DA:570,0
DA:571,0
DA:572,0
DA:573,0
DA:574,0
DA:576,0
DA:577,0
DA:578,0
DA:579,0
DA:580,0
DA:581,0
DA:582,0
DA:583,0
DA:584,0
DA:585,0
DA:586,0
DA:587,0
DA:588,0
DA:589,0
DA:590,0
DA:591,0
DA:592,0
DA:593,0
DA:594,0
DA:595,0
DA:596,0
DA:598,0
DA:599,0
DA:600,0
DA:601,0
DA:603,0
DA:604,0
DA:605,0
DA:606,0
DA:608,0
DA:609,0
DA:610,0
DA:611,0
DA:613,0
DA:614,0
DA:615,0
DA:616,0
DA:618,0
DA:619,0
DA:620,0
DA:621,0
DA:622,0
DA:624,0
DA:625,0
DA:626,0
DA:627,0
DA:629,0
DA:630,0
DA:631,0
DA:632,0
DA:634,0
DA:635,0
DA:636,0
DA:637,0
DA:639,0
DA:640,0
DA:641,0
DA:642,0
DA:644,0
DA:645,0
DA:646,0
DA:647,0
DA:649,0
DA:650,0
DA:651,0
DA:652,0
DA:654,0
DA:655,0
DA:656,0
DA:657,0
DA:659,0
DA:660,0
DA:661,0
DA:662,0
DA:664,0
DA:665,0
DA:666,0
DA:667,0
DA:669,0
DA:670,0
DA:671,0
DA:672,0
DA:674,0
DA:675,0
DA:676,0
DA:677,0
DA:679,0
DA:680,0
DA:681,0
DA:682,0
DA:684,0
DA:685,0
DA:686,0
DA:687,0
DA:689,0
DA:690,0
DA:691,0
DA:692,0
DA:694,0
DA:695,0
DA:696,0
DA:697,0
DA:699,0
DA:700,0
DA:701,0
DA:702,0
DA:704,0
DA:705,0
DA:706,0
DA:707,0
DA:709,0
DA:710,0
DA:711,0
DA:712,0
DA:714,0
DA:715,0
DA:716,0
DA:717,0
DA:719,0
DA:720,0
DA:721,0
DA:722,0
DA:724,0
DA:725,0
DA:726,0
DA:727,0
DA:729,0
DA:730,0
DA:731,0
DA:732,0
DA:734,0
DA:735,0
DA:736,0
DA:737,0
DA:739,0
DA:740,0
DA:741,0
DA:742,0
DA:744,0
DA:745,0
DA:746,0
DA:747,0
DA:749,0
DA:750,0
DA:751,0
DA:752,0
DA:753,0
DA:754,0
DA:755,0
DA:757,0
DA:758,0
DA:759,0
DA:760,0
DA:761,0
DA:762,0
DA:763,0
DA:764,0
BRDA:10,13,0,0
BRDA:10,13,1,0
BRDA:10,45,0,0
BRDA:10,45,1,0
BRDA:25,88,0,0
BRDA:25,88,1,0
BRDA:25,120,0,0
BRDA:25,120,1,0
BRDA:39,163,0,0
BRDA:39,163,1,0
BRDA:39,195,0,0
BRDA:39,195,1,0
BRDA:56,238,0,0
BRDA:56,238,1,0
BRDA:56,270,0,0
BRDA:56,270,1,0
BRDA:71,313,0,0
BRDA:71,313,1,0
BRDA:71,345,0,0
BRDA:71,345,1,0
BRDA:92,388,0,0
BRDA:92,388,1,0
BRDA:92,420,0,0
BRDA:92,420,1,0
BRDA:106,463,0,0
BRDA:106,463,1,0
BRDA:106,495,0,0
BRDA:106,495,1,0
BRDA:125,538,0,0
BRDA:125,538,1,0
BRDA:125,570,0,0
BRDA:125,570,1,0
BRDA:145,613,0,0
BRDA:145,613,1,0
BRDA:145,645,0,0
BRDA:145,645,1,0
BRDA:178,688,0,0
BRDA:178,688,1,0
BRDA:178,720,0,0
BRDA:178,720,1,0
BRDA:202,763,0,0
BRDA:202,763,1,0
BRDA:202,795,0,0
BRDA:202,795,1,0
BRDA:222,838,0,0
BRDA:222,838,1,0
BRDA:222,870,0,0
BRDA:222,870,1,0
BRDA:254,913,0,0
BRDA:254,913,1,0
BRDA:254,945,0,0
BRDA:254,945,1,0
BRDA:283,988,0,0
BRDA:283,988,1,0
BRDA:283,1020,0,0
BRDA:283,1020,1,0
BRDA:307,1063,0,0
BRDA:307,1063,1,0
BRDA:307,1095,0,0
BRDA:307,1095,1,0
BRDA:340,1138,0,0
BRDA:340,1138,1,0
BRDA:340,1170,0,0
BRDA:340,1170,1,0
BRDA:370,1213,0,0
BRDA:370,1213,1,0
BRDA:370,1245,0,0
BRDA:370,1245,1,0
BRDA:395,1288,0,0
BRDA:395,1288,1,0
BRDA:395,1320,0,0
BRDA:395,1320,1,0
BRDA:419,1363,0,0
BRDA:419,1363,1,0
BRDA:419,1395,0,0
BRDA:419,1395,1,0
BRDA:443,1438,0,0
BRDA:443,1438,1,0
BRDA:443,1470,0,0
BRDA:443,1470,1,0
BRDA:480,1513,0,0
BRDA:480,1513,1,0
BRDA:480,1545,0,0
BRDA:480,1545,1,0
BRDA:501,1588,0,0
BRDA:501,1588,1,0
BRDA:501,1620,0,0
BRDA:501,1620,1,0
BRDA:519,1663,0,0
BRDA:519,1663,1,0
BRDA:519,1695,0,0
BRDA:519,1695,1,0
BRDA:552,1738,0,0
BRDA:552,1738,1,0
BRDA:552,1770,0,0
BRDA:552,1770,1,0
BRDA:576,1813,0,0
BRDA:576,1813,1,0
BRDA:576,1845,0,0
BRDA:576,1845,1,0
FN:766,System.Void backend.Migrations.InitialCreate::Down(Microsoft.EntityFrameworkCore.Migrations.MigrationBuilder)
FNDA:0,System.Void backend.Migrations.InitialCreate::Down(Microsoft.EntityFrameworkCore.Migrations.MigrationBuilder)
DA:767,0
DA:768,0
DA:769,0
DA:770,0
DA:772,0
DA:773,0
DA:775,0
DA:776,0
DA:778,0
DA:779,0
DA:781,0
DA:782,0
DA:784,0
DA:785,0
DA:787,0
DA:788,0
DA:790,0
DA:791,0
DA:793,0
DA:794,0
DA:796,0
DA:797,0
DA:799,0
DA:800,0
DA:802,0
DA:803,0
DA:805,0
DA:806,0
DA:808,0
DA:809,0
DA:811,0
DA:812,0
DA:814,0
DA:815,0
DA:817,0
DA:818,0
DA:820,0
DA:821,0
DA:823,0
DA:824,0
DA:826,0
DA:827,0
DA:829,0
DA:830,0
DA:832,0
DA:833,0
DA:835,0
DA:836,0
DA:838,0
DA:839,0
DA:841,0
DA:842,0
DA:844,0
DA:845,0
DA:846,0
LF:755
LH:0
BRF:100
BRH:0
FNF:2
FNH:0
end_of_record
SF:/home/freitas/Development/Projects/CDIO/cdio-il2018-19sem5-grupo3/MYCM/backend/Migrations/20181108121949_InitialCreate.Designer.cs
FN:15,System.Void backend.Migrations.InitialCreate::BuildTargetModel(Microsoft.EntityFrameworkCore.ModelBuilder)
FNDA:0,System.Void backend.Migrations.InitialCreate::BuildTargetModel(Microsoft.EntityFrameworkCore.ModelBuilder)
DA:16,0
DA:18,0
DA:19,0
DA:21,0
DA:22,0
DA:23,0
DA:24,0
DA:25,0
DA:26,0
DA:27,0
DA:28,0
DA:29,0
DA:30,0
DA:31,0
DA:32,0
DA:33,0
DA:35,0
DA:36,0
DA:37,0
DA:38,0
DA:39,0
DA:40,0
DA:41,0
DA:42,0
DA:43,0
DA:44,0
DA:45,0
DA:46,0
DA:48,0
DA:49,0
DA:50,0
DA:51,0
DA:52,0
DA:53,0
DA:54,0
DA:55,0
DA:56,0
DA:57,0
DA:58,0
DA:59,0
DA:61,0
DA:62,0
DA:63,0
DA:64,0
DA:65,0
DA:66,0
DA:67,0
DA:68,0
DA:69,0
DA:70,0
DA:71,0
DA:72,0
DA:73,0
DA:74,0
DA:75,0
DA:76,0
DA:77,0
DA:78,0
DA:79,0
DA:80,0
DA:81,0
DA:82,0
DA:83,0
DA:85,0
DA:86,0
DA:87,0
DA:88,0
DA:89,0
DA:90,0
DA:91,0
DA:92,0
DA:93,0
DA:94,0
DA:95,0
DA:96,0
DA:97,0
DA:98,0
DA:99,0
DA:101,0
DA:102,0
DA:103,0
DA:104,0
DA:105,0
DA:106,0
DA:107,0
DA:108,0
DA:109,0
DA:110,0
DA:111,0
DA:112,0
DA:113,0
DA:115,0
DA:116,0
DA:117,0
DA:118,0
DA:119,0
DA:120,0
DA:121,0
DA:122,0
DA:123,0
DA:124,0
DA:125,0
DA:126,0
DA:127,0
DA:128,0
DA:130,0
DA:131,0
DA:132,0
DA:133,0
DA:134,0
DA:135,0
DA:136,0
DA:137,0
DA:138,0
DA:139,0
DA:140,0
DA:141,0
DA:142,0
DA:143,0
DA:144,0
DA:145,0
DA:146,0
DA:147,0
DA:148,0
DA:149,0
DA:150,0
DA:152,0
DA:153,0
DA:154,0
DA:155,0
DA:156,0
DA:157,0
DA:158,0
DA:159,0
DA:160,0
DA:161,0
DA:162,0
DA:163,0
DA:164,0
DA:165,0
DA:166,0
DA:167,0
DA:168,0
DA:169,0
DA:170,0
DA:171,0
DA:172,0
DA:173,0
DA:174,0
DA:175,0
DA:176,0
DA:177,0
DA:178,0
DA:180,0
DA:181,0
DA:182,0
DA:183,0
DA:184,0
DA:185,0
DA:186,0
DA:187,0
DA:188,0
DA:189,0
DA:190,0
DA:191,0
DA:192,0
DA:194,0
DA:195,0
DA:196,0
DA:197,0
DA:198,0
DA:199,0
DA:200,0
DA:201,0
DA:202,0
DA:203,0
DA:204,0
DA:205,0
DA:206,0
DA:207,0
DA:209,0
DA:210,0
DA:211,0
DA:212,0
DA:213,0
DA:214,0
DA:215,0
DA:216,0
DA:217,0
DA:218,0
DA:219,0
DA:220,0
DA:221,0
DA:222,0
DA:223,0
DA:225,0
DA:226,0
DA:227,0
DA:228,0
DA:229,0
DA:230,0
DA:231,0
DA:232,0
DA:233,0
DA:234,0
DA:235,0
DA:236,0
DA:237,0
DA:238,0
DA:239,0
DA:241,0
DA:242,0
DA:243,0
DA:244,0
DA:245,0
DA:246,0
DA:247,0
DA:248,0
DA:249,0
DA:250,0
DA:251,0
DA:252,0
DA:253,0
DA:254,0
DA:255,0
DA:256,0
DA:257,0
DA:258,0
DA:259,0
DA:260,0
DA:261,0
DA:262,0
DA:263,0
DA:265,0
DA:266,0
DA:267,0
DA:268,0
DA:269,0
DA:270,0
DA:271,0
DA:272,0
DA:273,0
DA:274,0
DA:275,0
DA:276,0
DA:277,0
DA:278,0
DA:279,0
DA:280,0
DA:281,0
DA:283,0
DA:284,0
DA:285,0
DA:286,0
DA:287,0
DA:288,0
DA:289,0
DA:290,0
DA:291,0
DA:292,0
DA:293,0
DA:294,0
DA:295,0
DA:296,0
DA:297,0
DA:299,0
DA:300,0
DA:301,0
DA:302,0
DA:303,0
DA:304,0
DA:305,0
DA:306,0
DA:307,0
DA:308,0
DA:309,0
DA:310,0
DA:311,0
DA:312,0
DA:313,0
DA:314,0
DA:315,0
DA:316,0
DA:317,0
DA:318,0
DA:319,0
DA:321,0
DA:322,0
DA:323,0
DA:324,0
DA:325,0
DA:326,0
DA:327,0
DA:328,0
DA:329,0
DA:330,0
DA:331,0
DA:332,0
DA:333,0
DA:334,0
DA:335,0
DA:336,0
DA:337,0
DA:338,0
DA:339,0
DA:340,0
DA:341,0
DA:343,0
DA:344,0
DA:345,0
DA:346,0
DA:347,0
DA:348,0
DA:349,0
DA:350,0
DA:351,0
DA:352,0
DA:353,0
DA:354,0
DA:355,0
DA:356,0
DA:357,0
DA:358,0
DA:359,0
DA:360,0
DA:361,0
DA:362,0
DA:363,0
DA:365,0
DA:366,0
DA:367,0
DA:368,0
DA:369,0
DA:370,0
DA:371,0
DA:372,0
DA:373,0
DA:374,0
DA:375,0
DA:376,0
DA:377,0
DA:378,0
DA:379,0
DA:380,0
DA:381,0
DA:383,0
DA:384,0
DA:385,0
DA:386,0
DA:387,0
DA:388,0
DA:389,0
DA:390,0
DA:391,0
DA:392,0
DA:393,0
DA:394,0
DA:396,0
DA:397,0
DA:398,0
DA:399,0
DA:400,0
DA:401,0
DA:402,0
DA:403,0
DA:404,0
DA:405,0
DA:406,0
DA:407,0
DA:409,0
DA:410,0
DA:411,0
DA:412,0
DA:413,0
DA:414,0
DA:415,0
DA:416,0
DA:417,0
DA:418,0
DA:419,0
DA:420,0
DA:421,0
DA:422,0
DA:423,0
DA:424,0
DA:425,0
DA:426,0
DA:427,0
DA:428,0
DA:429,0
DA:430,0
DA:431,0
DA:432,0
DA:433,0
DA:434,0
DA:435,0
DA:436,0
DA:437,0
DA:439,0
DA:440,0
DA:441,0
DA:442,0
DA:443,0
DA:444,0
DA:445,0
DA:446,0
DA:447,0
DA:448,0
DA:449,0
DA:450,0
DA:451,0
DA:453,0
DA:454,0
DA:455,0
DA:456,0
DA:457,0
DA:458,0
DA:459,0
DA:460,0
DA:461,0
DA:462,0
DA:463,0
DA:464,0
DA:465,0
DA:467,0
DA:468,0
DA:469,0
DA:470,0
DA:471,0
DA:472,0
DA:473,0
DA:474,0
DA:475,0
DA:476,0
DA:477,0
DA:478,0
DA:479,0
DA:480,0
DA:482,0
DA:483,0
DA:484,0
DA:485,0
DA:486,0
DA:487,0
DA:488,0
DA:489,0
DA:490,0
DA:492,0
DA:493,0
DA:494,0
DA:495,0
DA:496,0
DA:497,0
DA:498,0
DA:499,0
DA:500,0
DA:501,0
DA:503,0
DA:504,0
DA:505,0
DA:506,0
DA:507,0
DA:508,0
DA:510,0
DA:511,0
DA:512,0
DA:513,0
DA:514,0
DA:515,0
DA:516,0
DA:517,0
DA:518,0
DA:519,0
DA:520,0
DA:521,0
DA:523,0
DA:524,0
DA:525,0
DA:526,0
DA:527,0
DA:528,0
DA:529,0
DA:530,0
DA:531,0
DA:532,0
DA:533,0
DA:534,0
DA:536,0
DA:537,0
DA:538,0
DA:539,0
DA:540,0
DA:541,0
DA:543,0
DA:544,0
DA:545,0
DA:546,0
DA:547,0
DA:548,0
DA:549,0
DA:550,0
DA:551,0
DA:552,0
DA:553,0
DA:554,0
DA:556,0
DA:557,0
DA:558,0
DA:559,0
DA:560,0
DA:561,0
DA:562,0
DA:563,0
DA:564,0
DA:565,0
DA:566,0
DA:567,0
DA:569,0
DA:570,0
DA:571,0
DA:572,0
DA:573,0
DA:574,0
DA:575,0
DA:576,0
DA:577,0
DA:578,0
DA:579,0
DA:580,0
DA:581,0
DA:582,0
DA:584,0
DA:585,0
DA:586,0
DA:587,0
DA:588,0
DA:589,0
DA:590,0
DA:591,0
DA:592,0
DA:593,0
DA:594,0
DA:595,0
DA:596,0
DA:597,0
DA:598,0
DA:599,0
DA:600,0
DA:601,0
DA:602,0
DA:603,0
DA:604,0
DA:605,0
DA:606,0
DA:607,0
DA:608,0
DA:609,0
DA:610,0
DA:611,0
DA:612,0
DA:613,0
DA:614,0
DA:615,0
DA:616,0
DA:618,0
DA:619,0
DA:620,0
DA:621,0
DA:622,0
DA:623,0
DA:625,0
DA:626,0
DA:627,0
DA:628,0
DA:629,0
DA:630,0
DA:632,0
DA:633,0
DA:634,0
DA:635,0
DA:636,0
DA:637,0
DA:638,0
DA:639,0
DA:640,0
DA:641,0
DA:642,0
DA:643,0
DA:644,0
DA:645,0
DA:646,0
DA:647,0
DA:648,0
DA:649,0
DA:650,0
DA:651,0
DA:652,0
DA:653,0
DA:654,0
DA:655,0
DA:657,0
DA:658,0
DA:659,0
DA:660,0
DA:661,0
DA:662,0
DA:664,0
DA:665,0
DA:666,0
DA:667,0
DA:668,0
DA:669,0
DA:670,0
DA:671,0
DA:672,0
DA:673,0
DA:674,0
DA:675,0
DA:676,0
DA:677,0
DA:678,0
DA:679,0
DA:680,0
DA:681,0
DA:682,0
DA:683,0
DA:684,0
DA:685,0
DA:686,0
DA:687,0
DA:689,0
DA:690,0
DA:691,0
DA:692,0
DA:693,0
DA:694,0
DA:695,0
DA:696,0
DA:697,0
DA:698,0
DA:699,0
DA:700,0
DA:701,0
DA:702,0
DA:704,0
DA:705,0
DA:706,0
DA:707,0
DA:708,0
DA:709,0
DA:710,0
DA:711,0
DA:712,0
DA:713,0
DA:714,0
DA:715,0
DA:716,0
DA:717,0
DA:718,0
DA:719,0
DA:720,0
DA:721,0
DA:722,0
DA:723,0
DA:724,0
DA:725,0
DA:726,0
DA:727,0
DA:728,0
DA:729,0
DA:730,0
DA:731,0
DA:732,0
DA:733,0
DA:734,0
DA:735,0
DA:736,0
DA:737,0
DA:738,0
DA:739,0
DA:740,0
DA:741,0
DA:742,0
DA:743,0
DA:744,0
DA:745,0
DA:746,0
DA:747,0
DA:748,0
DA:749,0
DA:750,0
DA:751,0
DA:752,0
DA:753,0
DA:754,0
DA:755,0
DA:756,0
DA:757,0
DA:758,0
DA:759,0
DA:760,0
DA:761,0
DA:762,0
DA:763,0
DA:765,0
DA:766,0
DA:767,0
DA:768,0
DA:769,0
DA:770,0
DA:772,0
DA:773,0
DA:774,0
DA:775,0
DA:776,0
DA:777,0
DA:778,0
DA:779,0
DA:780,0
DA:781,0
DA:782,0
DA:783,0
DA:785,0
DA:786,0
DA:787,0
DA:788,0
DA:789,0
DA:790,0
DA:791,0
DA:792,0
DA:793,0
DA:794,0
DA:795,0
DA:796,0
DA:798,0
DA:799,0
DA:800,0
DA:801,0
DA:802,0
DA:803,0
DA:804,0
DA:805,0
DA:806,0
DA:807,0
DA:808,0
DA:809,0
DA:810,0
DA:811,0
DA:813,0
DA:814,0
DA:815,0
DA:816,0
DA:817,0
DA:818,0
DA:819,0
DA:820,0
DA:821,0
DA:822,0
DA:823,0
DA:824,0
DA:825,0
DA:826,0
DA:827,0
DA:828,0
DA:829,0
DA:830,0
DA:831,0
DA:832,0
DA:833,0
DA:834,0
DA:835,0
DA:836,0
DA:837,0
DA:839,0
BRDA:21,30,0,0
BRDA:21,30,1,0
BRDA:35,73,0,0
BRDA:35,73,1,0
BRDA:48,116,0,0
BRDA:48,116,1,0
BRDA:61,159,0,0
BRDA:61,159,1,0
BRDA:85,202,0,0
BRDA:85,202,1,0
BRDA:101,245,0,0
BRDA:101,245,1,0
BRDA:115,288,0,0
BRDA:115,288,1,0
BRDA:130,331,0,0
BRDA:130,331,1,0
BRDA:152,374,0,0
BRDA:152,374,1,0
BRDA:180,417,0,0
BRDA:180,417,1,0
BRDA:194,460,0,0
BRDA:194,460,1,0
BRDA:209,503,0,0
BRDA:209,503,1,0
BRDA:225,546,0,0
BRDA:225,546,1,0
BRDA:241,589,0,0
BRDA:241,589,1,0
BRDA:265,632,0,0
BRDA:265,632,1,0
BRDA:283,675,0,0
BRDA:283,675,1,0
BRDA:299,718,0,0
BRDA:299,718,1,0
BRDA:321,761,0,0
BRDA:321,761,1,0
BRDA:343,804,0,0
BRDA:343,804,1,0
BRDA:365,847,0,0
BRDA:365,847,1,0
BRDA:383,890,0,0
BRDA:383,890,1,0
BRDA:396,933,0,0
BRDA:396,933,1,0
BRDA:409,976,0,0
BRDA:409,976,1,0
BRDA:439,1019,0,0
BRDA:439,1019,1,0
BRDA:453,1062,0,0
BRDA:453,1062,1,0
BRDA:467,1105,0,0
BRDA:467,1105,1,0
BRDA:482,1148,0,0
BRDA:482,1148,1,0
BRDA:492,1191,0,0
BRDA:492,1191,1,0
BRDA:503,1234,0,0
BRDA:503,1234,1,0
BRDA:510,1277,0,0
BRDA:510,1277,1,0
BRDA:523,1320,0,0
BRDA:523,1320,1,0
BRDA:536,1363,0,0
BRDA:536,1363,1,0
BRDA:543,1406,0,0
BRDA:543,1406,1,0
BRDA:556,1449,0,0
BRDA:556,1449,1,0
BRDA:569,1492,0,0
BRDA:569,1492,1,0
BRDA:584,1535,0,0
BRDA:584,1535,1,0
BRDA:618,1578,0,0
BRDA:618,1578,1,0
BRDA:625,1621,0,0
BRDA:625,1621,1,0
BRDA:632,1664,0,0
BRDA:632,1664,1,0
BRDA:657,1707,0,0
BRDA:657,1707,1,0
BRDA:664,1750,0,0
BRDA:664,1750,1,0
BRDA:689,1793,0,0
BRDA:689,1793,1,0
BRDA:704,1836,0,0
BRDA:704,1836,1,0
BRDA:765,1879,0,0
BRDA:765,1879,1,0
BRDA:772,1922,0,0
BRDA:772,1922,1,0
BRDA:785,1965,0,0
BRDA:785,1965,1,0
BRDA:798,2008,0,0
BRDA:798,2008,1,0
BRDA:813,2051,0,0
BRDA:813,2051,1,0
LF:774
LH:0
BRF:110
BRH:0
FNF:1
FNH:0
end_of_record
SF:/home/freitas/Development/Projects/CDIO/cdio-il2018-19sem5-grupo3/MYCM/backend/Migrations/MyCContextModelSnapshot.cs
FN:13,System.Void backend.Migrations.MyCContextModelSnapshot::BuildModel(Microsoft.EntityFrameworkCore.ModelBuilder)
FNDA:0,System.Void backend.Migrations.MyCContextModelSnapshot::BuildModel(Microsoft.EntityFrameworkCore.ModelBuilder)
DA:14,0
DA:16,0
DA:17,0
DA:19,0
DA:20,0
DA:21,0
DA:22,0
DA:23,0
DA:24,0
DA:25,0
DA:26,0
DA:27,0
DA:28,0
DA:29,0
DA:30,0
DA:31,0
DA:33,0
DA:34,0
DA:35,0
DA:36,0
DA:37,0
DA:38,0
DA:39,0
DA:40,0
DA:41,0
DA:42,0
DA:43,0
DA:44,0
DA:46,0
DA:47,0
DA:48,0
DA:49,0
DA:50,0
DA:51,0
DA:52,0
DA:53,0
DA:54,0
DA:55,0
DA:56,0
DA:57,0
DA:59,0
DA:60,0
DA:61,0
DA:62,0
DA:63,0
DA:64,0
DA:65,0
DA:66,0
DA:67,0
DA:68,0
DA:69,0
DA:70,0
DA:71,0
DA:72,0
DA:73,0
DA:74,0
DA:75,0
DA:76,0
DA:77,0
DA:78,0
DA:79,0
DA:80,0
DA:81,0
DA:83,0
DA:84,0
DA:85,0
DA:86,0
DA:87,0
DA:88,0
DA:89,0
DA:90,0
DA:91,0
DA:92,0
DA:93,0
DA:94,0
DA:95,0
DA:96,0
DA:97,0
DA:99,0
DA:100,0
DA:101,0
DA:102,0
DA:103,0
DA:104,0
DA:105,0
DA:106,0
DA:107,0
DA:108,0
DA:109,0
DA:110,0
DA:111,0
DA:113,0
DA:114,0
DA:115,0
DA:116,0
DA:117,0
DA:118,0
DA:119,0
DA:120,0
DA:121,0
DA:122,0
DA:123,0
DA:124,0
DA:125,0
DA:126,0
DA:128,0
DA:129,0
DA:130,0
DA:131,0
DA:132,0
DA:133,0
DA:134,0
DA:135,0
DA:136,0
DA:137,0
DA:138,0
DA:139,0
DA:140,0
DA:141,0
DA:142,0
DA:143,0
DA:144,0
DA:145,0
DA:146,0
DA:147,0
DA:148,0
DA:150,0
DA:151,0
DA:152,0
DA:153,0
DA:154,0
DA:155,0
DA:156,0
DA:157,0
DA:158,0
DA:159,0
DA:160,0
DA:161,0
DA:162,0
DA:163,0
DA:164,0
DA:165,0
DA:166,0
DA:167,0
DA:168,0
DA:169,0
DA:170,0
DA:171,0
DA:172,0
DA:173,0
DA:174,0
DA:175,0
DA:176,0
DA:178,0
DA:179,0
DA:180,0
DA:181,0
DA:182,0
DA:183,0
DA:184,0
DA:185,0
DA:186,0
DA:187,0
DA:188,0
DA:189,0
DA:190,0
DA:192,0
DA:193,0
DA:194,0
DA:195,0
DA:196,0
DA:197,0
DA:198,0
DA:199,0
DA:200,0
DA:201,0
DA:202,0
DA:203,0
DA:204,0
DA:205,0
DA:207,0
DA:208,0
DA:209,0
DA:210,0
DA:211,0
DA:212,0
DA:213,0
DA:214,0
DA:215,0
DA:216,0
DA:217,0
DA:218,0
DA:219,0
DA:220,0
DA:221,0
DA:223,0
DA:224,0
DA:225,0
DA:226,0
DA:227,0
DA:228,0
DA:229,0
DA:230,0
DA:231,0
DA:232,0
DA:233,0
DA:234,0
DA:235,0
DA:236,0
DA:237,0
DA:239,0
DA:240,0
DA:241,0
DA:242,0
DA:243,0
DA:244,0
DA:245,0
DA:246,0
DA:247,0
DA:248,0
DA:249,0
DA:250,0
DA:251,0
DA:252,0
DA:253,0
DA:254,0
DA:255,0
DA:256,0
DA:257,0
DA:258,0
DA:259,0
DA:260,0
DA:261,0
DA:263,0
DA:264,0
DA:265,0
DA:266,0
DA:267,0
DA:268,0
DA:269,0
DA:270,0
DA:271,0
DA:272,0
DA:273,0
DA:274,0
DA:275,0
DA:276,0
DA:277,0
DA:278,0
DA:279,0
DA:281,0
DA:282,0
DA:283,0
DA:284,0
DA:285,0
DA:286,0
DA:287,0
DA:288,0
DA:289,0
DA:290,0
DA:291,0
DA:292,0
DA:293,0
DA:294,0
DA:295,0
DA:297,0
DA:298,0
DA:299,0
DA:300,0
DA:301,0
DA:302,0
DA:303,0
DA:304,0
DA:305,0
DA:306,0
DA:307,0
DA:308,0
DA:309,0
DA:310,0
DA:311,0
DA:312,0
DA:313,0
DA:314,0
DA:315,0
DA:316,0
DA:317,0
DA:319,0
DA:320,0
DA:321,0
DA:322,0
DA:323,0
DA:324,0
DA:325,0
DA:326,0
DA:327,0
DA:328,0
DA:329,0
DA:330,0
DA:331,0
DA:332,0
DA:333,0
DA:334,0
DA:335,0
DA:336,0
DA:337,0
DA:338,0
DA:339,0
DA:341,0
DA:342,0
DA:343,0
DA:344,0
DA:345,0
DA:346,0
DA:347,0
DA:348,0
DA:349,0
DA:350,0
DA:351,0
DA:352,0
DA:353,0
DA:354,0
DA:355,0
DA:356,0
DA:357,0
DA:358,0
DA:359,0
DA:360,0
DA:361,0
DA:363,0
DA:364,0
DA:365,0
DA:366,0
DA:367,0
DA:368,0
DA:369,0
DA:370,0
DA:371,0
DA:372,0
DA:373,0
DA:374,0
DA:375,0
DA:376,0
DA:377,0
DA:378,0
DA:379,0
DA:381,0
DA:382,0
DA:383,0
DA:384,0
DA:385,0
DA:386,0
DA:387,0
DA:388,0
DA:389,0
DA:390,0
DA:391,0
DA:392,0
DA:394,0
DA:395,0
DA:396,0
DA:397,0
DA:398,0
DA:399,0
DA:400,0
DA:401,0
DA:402,0
DA:403,0
DA:404,0
DA:405,0
DA:407,0
DA:408,0
DA:409,0
DA:410,0
DA:411,0
DA:412,0
DA:413,0
DA:414,0
DA:415,0
DA:416,0
DA:417,0
DA:418,0
DA:419,0
DA:420,0
DA:421,0
DA:422,0
DA:423,0
DA:424,0
DA:425,0
DA:426,0
DA:427,0
DA:428,0
DA:429,0
DA:430,0
DA:431,0
DA:432,0
DA:433,0
DA:434,0
DA:435,0
DA:437,0
DA:438,0
DA:439,0
DA:440,0
DA:441,0
DA:442,0
DA:443,0
DA:444,0
DA:445,0
DA:446,0
DA:447,0
DA:448,0
DA:449,0
DA:451,0
DA:452,0
DA:453,0
DA:454,0
DA:455,0
DA:456,0
DA:457,0
DA:458,0
DA:459,0
DA:460,0
DA:461,0
DA:462,0
DA:463,0
DA:465,0
DA:466,0
DA:467,0
DA:468,0
DA:469,0
DA:470,0
DA:471,0
DA:472,0
DA:473,0
DA:474,0
DA:475,0
DA:476,0
DA:477,0
DA:478,0
DA:480,0
DA:481,0
DA:482,0
DA:483,0
DA:484,0
DA:485,0
DA:486,0
DA:487,0
DA:488,0
DA:490,0
DA:491,0
DA:492,0
DA:493,0
DA:494,0
DA:495,0
DA:496,0
DA:497,0
DA:498,0
DA:499,0
DA:501,0
DA:502,0
DA:503,0
DA:504,0
DA:505,0
DA:506,0
DA:508,0
DA:509,0
DA:510,0
DA:511,0
DA:512,0
DA:513,0
DA:514,0
DA:515,0
DA:516,0
DA:517,0
DA:518,0
DA:519,0
DA:521,0
DA:522,0
DA:523,0
DA:524,0
DA:525,0
DA:526,0
DA:527,0
DA:528,0
DA:529,0
DA:530,0
DA:531,0
DA:532,0
DA:534,0
DA:535,0
DA:536,0
DA:537,0
DA:538,0
DA:539,0
DA:541,0
DA:542,0
DA:543,0
DA:544,0
DA:545,0
DA:546,0
DA:547,0
DA:548,0
DA:549,0
DA:550,0
DA:551,0
DA:552,0
DA:554,0
DA:555,0
DA:556,0
DA:557,0
DA:558,0
DA:559,0
DA:560,0
DA:561,0
DA:562,0
DA:563,0
DA:564,0
DA:565,0
DA:567,0
DA:568,0
DA:569,0
DA:570,0
DA:571,0
DA:572,0
DA:573,0
DA:574,0
DA:575,0
DA:576,0
DA:577,0
DA:578,0
DA:579,0
DA:580,0
DA:582,0
DA:583,0
DA:584,0
DA:585,0
DA:586,0
DA:587,0
DA:588,0
DA:589,0
DA:590,0
DA:591,0
DA:592,0
DA:593,0
DA:594,0
DA:595,0
DA:596,0
DA:597,0
DA:598,0
DA:599,0
DA:600,0
DA:601,0
DA:602,0
DA:603,0
DA:604,0
DA:605,0
DA:606,0
DA:607,0
DA:608,0
DA:609,0
DA:610,0
DA:611,0
DA:612,0
DA:613,0
DA:614,0
DA:616,0
DA:617,0
DA:618,0
DA:619,0
DA:620,0
DA:621,0
DA:623,0
DA:624,0
DA:625,0
DA:626,0
DA:627,0
DA:628,0
DA:630,0
DA:631,0
DA:632,0
DA:633,0
DA:634,0
DA:635,0
DA:636,0
DA:637,0
DA:638,0
DA:639,0
DA:640,0
DA:641,0
DA:642,0
DA:643,0
DA:644,0
DA:645,0
DA:646,0
DA:647,0
DA:648,0
DA:649,0
DA:650,0
DA:651,0
DA:652,0
DA:653,0
DA:655,0
DA:656,0
DA:657,0
DA:658,0
DA:659,0
DA:660,0
DA:662,0
DA:663,0
DA:664,0
DA:665,0
DA:666,0
DA:667,0
DA:668,0
DA:669,0
DA:670,0
DA:671,0
DA:672,0
DA:673,0
DA:674,0
DA:675,0
DA:676,0
DA:677,0
DA:678,0
DA:679,0
DA:680,0
DA:681,0
DA:682,0
DA:683,0
DA:684,0
DA:685,0
DA:687,0
DA:688,0
DA:689,0
DA:690,0
DA:691,0
DA:692,0
DA:693,0
DA:694,0
DA:695,0
DA:696,0
DA:697,0
DA:698,0
DA:699,0
DA:700,0
DA:702,0
DA:703,0
DA:704,0
DA:705,0
DA:706,0
DA:707,0
DA:708,0
DA:709,0
DA:710,0
DA:711,0
DA:712,0
DA:713,0
DA:714,0
DA:715,0
DA:716,0
DA:717,0
DA:718,0
DA:719,0
DA:720,0
DA:721,0
DA:722,0
DA:723,0
DA:724,0
DA:725,0
DA:726,0
DA:727,0
DA:728,0
DA:729,0
DA:730,0
DA:731,0
DA:732,0
DA:733,0
DA:734,0
DA:735,0
DA:736,0
DA:737,0
DA:738,0
DA:739,0
DA:740,0
DA:741,0
DA:742,0
DA:743,0
DA:744,0
DA:745,0
DA:746,0
DA:747,0
DA:748,0
DA:749,0
DA:750,0
DA:751,0
DA:752,0
DA:753,0
DA:754,0
DA:755,0
DA:756,0
DA:757,0
DA:758,0
DA:759,0
DA:760,0
DA:761,0
DA:763,0
DA:764,0
DA:765,0
DA:766,0
DA:767,0
DA:768,0
DA:770,0
DA:771,0
DA:772,0
DA:773,0
DA:774,0
DA:775,0
DA:776,0
DA:777,0
DA:778,0
DA:779,0
DA:780,0
DA:781,0
DA:783,0
DA:784,0
DA:785,0
DA:786,0
DA:787,0
DA:788,0
DA:789,0
DA:790,0
DA:791,0
DA:792,0
DA:793,0
DA:794,0
DA:796,0
DA:797,0
DA:798,0
DA:799,0
DA:800,0
DA:801,0
DA:802,0
DA:803,0
DA:804,0
DA:805,0
DA:806,0
DA:807,0
DA:808,0
DA:809,0
DA:811,0
DA:812,0
DA:813,0
DA:814,0
DA:815,0
DA:816,0
DA:817,0
DA:818,0
DA:819,0
DA:820,0
DA:821,0
DA:822,0
DA:823,0
DA:824,0
DA:825,0
DA:826,0
DA:827,0
DA:828,0
DA:829,0
DA:830,0
DA:831,0
DA:832,0
DA:833,0
DA:834,0
DA:835,0
DA:837,0
BRDA:19,30,0,0
BRDA:19,30,1,0
BRDA:33,73,0,0
BRDA:33,73,1,0
BRDA:46,116,0,0
BRDA:46,116,1,0
BRDA:59,159,0,0
BRDA:59,159,1,0
BRDA:83,202,0,0
BRDA:83,202,1,0
BRDA:99,245,0,0
BRDA:99,245,1,0
BRDA:113,288,0,0
BRDA:113,288,1,0
BRDA:128,331,0,0
BRDA:128,331,1,0
BRDA:150,374,0,0
BRDA:150,374,1,0
BRDA:178,417,0,0
BRDA:178,417,1,0
BRDA:192,460,0,0
BRDA:192,460,1,0
BRDA:207,503,0,0
BRDA:207,503,1,0
BRDA:223,546,0,0
BRDA:223,546,1,0
BRDA:239,589,0,0
BRDA:239,589,1,0
BRDA:263,632,0,0
BRDA:263,632,1,0
BRDA:281,675,0,0
BRDA:281,675,1,0
BRDA:297,718,0,0
BRDA:297,718,1,0
BRDA:319,761,0,0
BRDA:319,761,1,0
BRDA:341,804,0,0
BRDA:341,804,1,0
BRDA:363,847,0,0
BRDA:363,847,1,0
BRDA:381,890,0,0
BRDA:381,890,1,0
BRDA:394,933,0,0
BRDA:394,933,1,0
BRDA:407,976,0,0
BRDA:407,976,1,0
BRDA:437,1019,0,0
BRDA:437,1019,1,0
BRDA:451,1062,0,0
BRDA:451,1062,1,0
BRDA:465,1105,0,0
BRDA:465,1105,1,0
BRDA:480,1148,0,0
BRDA:480,1148,1,0
BRDA:490,1191,0,0
BRDA:490,1191,1,0
BRDA:501,1234,0,0
BRDA:501,1234,1,0
BRDA:508,1277,0,0
BRDA:508,1277,1,0
BRDA:521,1320,0,0
BRDA:521,1320,1,0
BRDA:534,1363,0,0
BRDA:534,1363,1,0
BRDA:541,1406,0,0
BRDA:541,1406,1,0
BRDA:554,1449,0,0
BRDA:554,1449,1,0
BRDA:567,1492,0,0
BRDA:567,1492,1,0
BRDA:582,1535,0,0
BRDA:582,1535,1,0
BRDA:616,1578,0,0
BRDA:616,1578,1,0
BRDA:623,1621,0,0
BRDA:623,1621,1,0
BRDA:630,1664,0,0
BRDA:630,1664,1,0
BRDA:655,1707,0,0
BRDA:655,1707,1,0
BRDA:662,1750,0,0
BRDA:662,1750,1,0
BRDA:687,1793,0,0
BRDA:687,1793,1,0
BRDA:702,1836,0,0
BRDA:702,1836,1,0
BRDA:763,1879,0,0
BRDA:763,1879,1,0
BRDA:770,1922,0,0
BRDA:770,1922,1,0
BRDA:783,1965,0,0
BRDA:783,1965,1,0
BRDA:796,2008,0,0
BRDA:796,2008,1,0
BRDA:811,2051,0,0
BRDA:811,2051,1,0
LF:774
LH:0
BRF:110
BRH:0
FNF:1
FNH:0
end_of_record
SF:/home/freitas/Development/Projects/CDIO/cdio-il2018-19sem5-grupo3/MYCM/backend/Controllers/AlgorithmController.cs
FN:85,Microsoft.AspNetCore.Mvc.ActionResult backend.Controllers.AlgorithmController::findAll()
FNDA:1,Microsoft.AspNetCore.Mvc.ActionResult backend.Controllers.AlgorithmController::findAll()
DA:86,1
DA:87,1
DA:88,1
DA:89,1
DA:90,0
DA:91,0
DA:93,1
DA:94,1
DA:95,1
BRDA:89,42,0,0
BRDA:89,42,1,1
FN:103,Microsoft.AspNetCore.Mvc.ActionResult backend.Controllers.AlgorithmController::findAlgorithm(System.Int32)
FNDA:2,Microsoft.AspNetCore.Mvc.ActionResult backend.Controllers.AlgorithmController::findAlgorithm(System.Int32)
DA:104,2
DA:105,2
DA:106,2
DA:107,2
DA:108,1
DA:109,1
DA:110,2
DA:111,1
DA:112,1
DA:114,2
FN:122,Microsoft.AspNetCore.Mvc.ActionResult backend.Controllers.AlgorithmController::getAlgorithmInputs(System.Int32)
FNDA:3,Microsoft.AspNetCore.Mvc.ActionResult backend.Controllers.AlgorithmController::getAlgorithmInputs(System.Int32)
DA:123,3
DA:124,3
DA:125,3
DA:126,3
DA:127,3
DA:128,1
DA:129,1
DA:131,1
DA:132,1
DA:133,2
DA:134,1
DA:135,1
DA:137,3
BRDA:127,44,0,1
BRDA:127,44,1,1
FN:75,System.Void backend.Controllers.AlgorithmController::.ctor(Microsoft.Extensions.Logging.ILogger`1<backend.Controllers.AlgorithmController>)
FNDA:12,System.Void backend.Controllers.AlgorithmController::.ctor(Microsoft.Extensions.Logging.ILogger`1<backend.Controllers.AlgorithmController>)
DA:76,12
DA:77,6
DA:78,6
LF:35
LH:33
BRF:4
BRH:3
FNF:4
FNH:4
end_of_record
SF:/home/freitas/Development/Projects/CDIO/cdio-il2018-19sem5-grupo3/MYCM/backend/Controllers/CommercialCatalogueController.cs
FN:140,Microsoft.AspNetCore.Mvc.ActionResult`1<System.Collections.Generic.List`1<core.dto.CommercialCatalogueDTO>> backend.Controllers.CommercialCatalogueController::findAll()
FNDA:0,Microsoft.AspNetCore.Mvc.ActionResult`1<System.Collections.Generic.List`1<core.dto.CommercialCatalogueDTO>> backend.Controllers.CommercialCatalogueController::findAll()
DA:141,0
DA:142,0
DA:143,0
DA:145,0
DA:146,0
DA:147,0
DA:148,0
DA:150,0
DA:151,0
DA:152,0
BRDA:145,40,0,0
BRDA:145,40,1,0
FN:161,Microsoft.AspNetCore.Mvc.ActionResult`1<core.dto.CommercialCatalogueDTO> backend.Controllers.CommercialCatalogueController::findById(System.Int64)
FNDA:0,Microsoft.AspNetCore.Mvc.ActionResult`1<core.dto.CommercialCatalogueDTO> backend.Controllers.CommercialCatalogueController::findById(System.Int64)
DA:162,0
DA:163,0
DA:164,0
DA:165,0
DA:166,0
DA:167,0
DA:168,0
DA:169,0
DA:170,0
DA:172,0
DA:173,0
DA:174,0
BRDA:167,55,0,0
BRDA:167,55,1,0
FN:184,Microsoft.AspNetCore.Mvc.ActionResult`1<core.dto.CommercialCatalogueDTO> backend.Controllers.CommercialCatalogueController::addCommercialCatalogue(core.dto.CommercialCatalogueDTO)
FNDA:0,Microsoft.AspNetCore.Mvc.ActionResult`1<core.dto.CommercialCatalogueDTO> backend.Controllers.CommercialCatalogueController::addCommercialCatalogue(core.dto.CommercialCatalogueDTO)
DA:185,0
DA:186,0
DA:188,0
DA:189,0
DA:190,0
DA:191,0
DA:192,0
DA:193,0
DA:196,0
DA:197,0
DA:198,0
DA:201,0
DA:202,0
DA:203,0
DA:204,0
DA:206,0
DA:207,0
DA:208,0
DA:209,0
DA:211,0
DA:212,0
DA:213,0
DA:214,0
DA:216,0
BRDA:190,42,0,0
BRDA:190,42,1,0
FN:227,Microsoft.AspNetCore.Mvc.ActionResult`1<core.dto.CommercialCatalogueDTO> backend.Controllers.CommercialCatalogueController::addCollection(System.Int64,System.Collections.Generic.List`1<core.dto.CatalogueCollectionDTO>)
FNDA:0,Microsoft.AspNetCore.Mvc.ActionResult`1<core.dto.CommercialCatalogueDTO> backend.Controllers.CommercialCatalogueController::addCollection(System.Int64,System.Collections.Generic.List`1<core.dto.CatalogueCollectionDTO>)
DA:228,0
DA:229,0
DA:231,0
DA:232,0
DA:233,0
DA:234,0
DA:235,0
DA:238,0
DA:239,0
DA:242,0
DA:243,0
DA:244,0
DA:245,0
DA:247,0
DA:248,0
DA:249,0
DA:250,0
DA:252,0
DA:253,0
DA:254,0
DA:255,0
DA:257,0
BRDA:232,38,0,0
BRDA:232,38,1,0
FN:125,System.Void backend.Controllers.CommercialCatalogueController::.ctor(core.persistence.CommercialCatalogueRepository,Microsoft.Extensions.Logging.ILogger`1<backend.Controllers.CommercialCatalogueController>)
FNDA:0,System.Void backend.Controllers.CommercialCatalogueController::.ctor(core.persistence.CommercialCatalogueRepository,Microsoft.Extensions.Logging.ILogger`1<backend.Controllers.CommercialCatalogueController>)
DA:126,0
DA:127,0
DA:128,0
DA:129,0
DA:130,0
LF:73
LH:0
BRF:8
BRH:0
FNF:5
FNH:0
end_of_record
SF:/home/freitas/Development/Projects/CDIO/cdio-il2018-19sem5-grupo3/MYCM/backend/Controllers/CustomizedProductCollectionController.cs
FN:168,Microsoft.AspNetCore.Mvc.ActionResult`1<System.Collections.Generic.List`1<core.dto.CustomizedProductCollectionDTO>> backend.Controllers.CustomizedProductCollectionController::findAll(System.String)
FNDA:4,Microsoft.AspNetCore.Mvc.ActionResult`1<System.Collections.Generic.List`1<core.dto.CustomizedProductCollectionDTO>> backend.Controllers.CustomizedProductCollectionController::findAll(System.String)
DA:169,4
DA:170,4
DA:171,0
DA:172,0
DA:173,0
DA:174,0
DA:175,0
DA:176,0
DA:178,0
DA:179,0
DA:180,4
DA:181,4
DA:182,4
DA:183,4
DA:184,4
DA:185,4
DA:186,4
DA:187,2
DA:188,2
DA:189,0
DA:190,0
DA:191,0
DA:193,4
DA:194,2
DA:195,2
DA:198,4
BRDA:170,7,0,0
BRDA:173,57,0,0
BRDA:173,57,1,0
BRDA:170,7,1,4
BRDA:186,212,0,2
BRDA:186,212,1,0
FN:205,Microsoft.AspNetCore.Mvc.ActionResult`1<core.dto.CustomizedProductCollectionDTO> backend.Controllers.CustomizedProductCollectionController::findByID(System.Int64)
FNDA:0,Microsoft.AspNetCore.Mvc.ActionResult`1<core.dto.CustomizedProductCollectionDTO> backend.Controllers.CustomizedProductCollectionController::findByID(System.Int64)
DA:206,0
DA:207,0
DA:208,0
DA:209,0
DA:210,0
DA:211,0
DA:212,0
DA:213,0
DA:214,0
DA:215,0
DA:217,0
DA:218,0
DA:219,0
DA:220,0
DA:221,0
DA:223,0
BRDA:212,56,0,0
BRDA:212,56,1,0
FN:230,Microsoft.AspNetCore.Mvc.ActionResult`1<core.dto.CustomizedProductCollectionDTO> backend.Controllers.CustomizedProductCollectionController::addCustomizedProductCollection(core.dto.CustomizedProductCollectionDTO)
FNDA:7,Microsoft.AspNetCore.Mvc.ActionResult`1<core.dto.CustomizedProductCollectionDTO> backend.Controllers.CustomizedProductCollectionController::addCustomizedProductCollection(core.dto.CustomizedProductCollectionDTO)
DA:231,7
DA:232,7
DA:233,7
DA:234,7
DA:235,2
DA:236,2
DA:237,2
DA:238,1
DA:239,1
DA:240,0
DA:241,0
DA:242,0
DA:243,8
DA:244,4
DA:245,4
DA:247,7
FN:255,Microsoft.AspNetCore.Mvc.ActionResult`1<core.dto.CustomizedProductCollectionDTO> backend.Controllers.CustomizedProductCollectionController::updateCustomizedProductCollection(System.Int64,core.dto.UpdateCustomizedProductCollectionDTO)
FNDA:0,Microsoft.AspNetCore.Mvc.ActionResult`1<core.dto.CustomizedProductCollectionDTO> backend.Controllers.CustomizedProductCollectionController::updateCustomizedProductCollection(System.Int64,core.dto.UpdateCustomizedProductCollectionDTO)
DA:256,0
DA:258,0
DA:259,0
DA:260,0
DA:261,0
DA:262,0
DA:263,0
DA:264,0
DA:266,0
DA:267,0
DA:268,0
DA:269,0
DA:270,0
DA:271,0
DA:272,0
DA:273,0
DA:274,0
DA:275,0
DA:276,0
DA:278,0
BRDA:261,25,0,0
BRDA:261,25,1,0
FN:286,Microsoft.AspNetCore.Mvc.ActionResult`1<core.dto.CustomizedProductCollectionDTO> backend.Controllers.CustomizedProductCollectionController::addCustomizedProductsToCustomizedProductCollection(System.Int64,core.dto.UpdateCustomizedProductCollectionDTO)
FNDA:0,Microsoft.AspNetCore.Mvc.ActionResult`1<core.dto.CustomizedProductCollectionDTO> backend.Controllers.CustomizedProductCollectionController::addCustomizedProductsToCustomizedProductCollection(System.Int64,core.dto.UpdateCustomizedProductCollectionDTO)
DA:287,0
DA:288,0
DA:289,0
DA:290,0
DA:291,0
DA:292,0
DA:293,0
DA:295,0
DA:296,0
DA:297,0
DA:298,0
DA:299,0
DA:300,0
DA:301,0
DA:302,0
DA:303,0
DA:304,0
DA:306,0
BRDA:291,45,0,0
BRDA:291,45,1,0
FN:314,Microsoft.AspNetCore.Mvc.ActionResult`1<core.dto.CustomizedProductCollectionDTO> backend.Controllers.CustomizedProductCollectionController::removeCustomizedProductsToCustomizedProductCollection(System.Int64,System.Int64)
FNDA:0,Microsoft.AspNetCore.Mvc.ActionResult`1<core.dto.CustomizedProductCollectionDTO> backend.Controllers.CustomizedProductCollectionController::removeCustomizedProductsToCustomizedProductCollection(System.Int64,System.Int64)
DA:315,0
DA:316,0
DA:317,0
DA:318,0
DA:319,0
DA:320,0
DA:322,0
DA:323,0
DA:324,0
DA:325,0
DA:326,0
DA:328,0
BRDA:318,38,0,0
BRDA:318,38,1,0
FN:335,Microsoft.AspNetCore.Mvc.ActionResult`1<core.dto.CustomizedProductCollectionDTO> backend.Controllers.CustomizedProductCollectionController::remove(System.Int64)
FNDA:0,Microsoft.AspNetCore.Mvc.ActionResult`1<core.dto.CustomizedProductCollectionDTO> backend.Controllers.CustomizedProductCollectionController::remove(System.Int64)
DA:336,0
DA:337,0
DA:338,0
DA:339,0
DA:340,0
DA:341,0
DA:342,0
DA:343,0
DA:344,0
DA:346,0
DA:347,0
DA:348,0
DA:349,0
DA:350,0
DA:351,0
DA:352,0
DA:353,0
DA:355,0
BRDA:342,53,0,0
BRDA:342,53,1,0
FN:155,System.Void backend.Controllers.CustomizedProductCollectionController::.ctor(core.persistence.CustomizedProductCollectionRepository,core.persistence.CustomizedProductRepository,Microsoft.Extensions.Logging.ILogger`1<backend.Controllers.CustomizedProductCollectionController>)
FNDA:11,System.Void backend.Controllers.CustomizedProductCollectionController::.ctor(core.persistence.CustomizedProductCollectionRepository,core.persistence.CustomizedProductRepository,Microsoft.Extensions.Logging.ILogger`1<backend.Controllers.CustomizedProductCollectionController>)
DA:156,11
DA:157,22
DA:158,11
DA:159,11
DA:160,11
DA:161,11
LF:132
LH:34
BRF:16
BRH:2
FNF:8
FNH:3
end_of_record
SF:/home/freitas/Development/Projects/CDIO/cdio-il2018-19sem5-grupo3/MYCM/backend/Controllers/CustomizedProductController.cs
FN:150,Microsoft.AspNetCore.Mvc.ActionResult backend.Controllers.CustomizedProductController::findAll()
FNDA:1,Microsoft.AspNetCore.Mvc.ActionResult backend.Controllers.CustomizedProductController::findAll()
DA:151,1
DA:152,1
DA:153,1
DA:154,1
DA:155,0
DA:156,0
DA:157,0
DA:159,1
DA:160,1
DA:161,1
BRDA:154,50,0,0
BRDA:154,50,1,1
FN:168,Microsoft.AspNetCore.Mvc.ActionResult backend.Controllers.CustomizedProductController::findByID(System.Int64)
FNDA:2,Microsoft.AspNetCore.Mvc.ActionResult backend.Controllers.CustomizedProductController::findByID(System.Int64)
DA:169,2
DA:170,2
DA:171,2
DA:172,2
DA:173,2
DA:174,2
DA:175,0
DA:176,0
DA:177,0
DA:178,0
DA:180,0
DA:181,0
DA:182,4
DA:183,2
DA:184,2
DA:186,2
BRDA:175,56,0,0
BRDA:175,56,1,0
FN:193,Microsoft.AspNetCore.Mvc.ActionResult backend.Controllers.CustomizedProductController::addCustomizedProduct(core.modelview.customizedproduct.PostCustomizedProductModelView)
FNDA:2,Microsoft.AspNetCore.Mvc.ActionResult backend.Controllers.CustomizedProductController::addCustomizedProduct(core.modelview.customizedproduct.PostCustomizedProductModelView)
DA:194,2
DA:195,2
DA:196,2
DA:197,2
DA:198,0
DA:199,0
DA:200,4
DA:201,2
DA:202,2
DA:203,0
DA:204,0
DA:205,0
DA:206,0
DA:207,0
DA:208,0
DA:210,2
FN:220,Microsoft.AspNetCore.Mvc.ActionResult backend.Controllers.CustomizedProductController::addCustomizedProductToSlot(System.Int64,System.Int64,core.modelview.customizedproduct.PostCustomizedProductToSlotModelView)
FNDA:0,Microsoft.AspNetCore.Mvc.ActionResult backend.Controllers.CustomizedProductController::addCustomizedProductToSlot(System.Int64,System.Int64,core.modelview.customizedproduct.PostCustomizedProductToSlotModelView)
DA:221,0
DA:222,0
DA:223,0
DA:224,0
DA:225,0
DA:226,0
DA:227,0
DA:228,0
DA:229,0
DA:230,0
DA:231,0
DA:232,0
DA:233,0
DA:234,0
DA:235,0
DA:236,0
DA:237,0
DA:239,0
FN:248,Microsoft.AspNetCore.Mvc.ActionResult backend.Controllers.CustomizedProductController::updateCustomizedProduct(System.Int64,core.modelview.customizedproduct.UpdateCustomizedProductModelView)
FNDA:0,Microsoft.AspNetCore.Mvc.ActionResult backend.Controllers.CustomizedProductController::updateCustomizedProduct(System.Int64,core.modelview.customizedproduct.UpdateCustomizedProductModelView)
DA:249,0
DA:250,0
DA:251,0
DA:252,0
DA:253,0
DA:254,0
DA:255,0
DA:257,0
DA:258,0
DA:259,0
DA:260,0
DA:261,0
DA:262,0
DA:263,0
DA:264,0
DA:265,0
DA:267,0
DA:268,0
DA:269,0
BRDA:253,45,0,0
BRDA:253,45,1,0
FN:278,Microsoft.AspNetCore.Mvc.ActionResult backend.Controllers.CustomizedProductController::deleteSlotFromCustomizedProduct(System.Int64,System.Int64)
FNDA:0,Microsoft.AspNetCore.Mvc.ActionResult backend.Controllers.CustomizedProductController::deleteSlotFromCustomizedProduct(System.Int64,System.Int64)
DA:279,0
DA:280,0
DA:281,0
DA:282,0
DA:283,0
DA:284,0
DA:285,0
DA:286,0
DA:287,0
DA:288,0
DA:289,0
DA:290,0
DA:292,0
DA:293,0
DA:294,0
DA:296,0
BRDA:285,59,0,0
BRDA:285,59,1,0
FN:306,Microsoft.AspNetCore.Mvc.ActionResult backend.Controllers.CustomizedProductController::deleteChildCustomizedProduct(System.Int64,System.Int64,System.Int64)
FNDA:0,Microsoft.AspNetCore.Mvc.ActionResult backend.Controllers.CustomizedProductController::deleteChildCustomizedProduct(System.Int64,System.Int64,System.Int64)
DA:307,0
DA:308,0
DA:309,0
DA:310,0
DA:311,0
DA:312,0
DA:313,0
DA:314,0
DA:315,0
DA:316,0
DA:317,0
DA:318,0
DA:320,0
BRDA:313,66,0,0
BRDA:313,66,1,0
FN:140,System.Void backend.Controllers.CustomizedProductController::.ctor(core.persistence.CustomizedProductRepository,Microsoft.Extensions.Logging.ILogger`1<backend.Controllers.CustomizedProductController>)
FNDA:10,System.Void backend.Controllers.CustomizedProductController::.ctor(core.persistence.CustomizedProductRepository,Microsoft.Extensions.Logging.ILogger`1<backend.Controllers.CustomizedProductController>)
DA:141,10
DA:142,5
DA:143,5
DA:144,5
LF:112
LH:29
BRF:10
BRH:1
FNF:8
FNH:4
end_of_record
SF:/home/freitas/Development/Projects/CDIO/cdio-il2018-19sem5-grupo3/MYCM/backend/Controllers/MaterialsController.cs
FN:185,Microsoft.AspNetCore.Mvc.ActionResult`1<System.Collections.Generic.List`1<core.dto.MaterialDTO>> backend.Controllers.MaterialsController::findAll()
FNDA:2,Microsoft.AspNetCore.Mvc.ActionResult`1<System.Collections.Generic.List`1<core.dto.MaterialDTO>> backend.Controllers.MaterialsController::findAll()
DA:186,2
DA:187,2
DA:188,2
DA:190,2
DA:191,1
DA:192,1
DA:193,1
DA:195,1
DA:196,1
DA:197,2
BRDA:190,42,0,1
BRDA:190,42,1,1
FN:208,Microsoft.AspNetCore.Mvc.ActionResult`1<core.dto.MaterialDTO> backend.Controllers.MaterialsController::findById(System.Int64)
FNDA:2,Microsoft.AspNetCore.Mvc.ActionResult`1<core.dto.MaterialDTO> backend.Controllers.MaterialsController::findById(System.Int64)
DA:209,2
DA:210,2
DA:212,2
DA:213,2
DA:214,1
DA:215,0
DA:216,0
DA:217,0
DA:219,1
DA:220,1
DA:222,1
DA:223,1
DA:224,1
DA:225,1
DA:227,2
BRDA:214,42,0,0
BRDA:214,42,1,1
FN:238,Microsoft.AspNetCore.Mvc.ActionResult`1<core.dto.MaterialDTO> backend.Controllers.MaterialsController::addMaterial(core.dto.MaterialDTO)
FNDA:15,Microsoft.AspNetCore.Mvc.ActionResult`1<core.dto.MaterialDTO> backend.Controllers.MaterialsController::addMaterial(core.dto.MaterialDTO)
DA:239,15
DA:240,15
DA:242,15
DA:243,15
DA:244,13
DA:245,13
DA:246,13
DA:247,13
DA:250,0
DA:252,0
DA:255,1
DA:256,1
DA:257,1
DA:258,1
DA:260,1
DA:261,1
DA:262,1
DA:263,1
DA:265,15
BRDA:244,42,0,13
BRDA:244,42,1,0
FN:276,Microsoft.AspNetCore.Mvc.ActionResult backend.Controllers.MaterialsController::disableMaterial(System.Int64)
FNDA:2,Microsoft.AspNetCore.Mvc.ActionResult backend.Controllers.MaterialsController::disableMaterial(System.Int64)
DA:277,2
DA:278,2
DA:279,2
DA:280,2
DA:281,2
DA:282,2
DA:283,1
DA:284,1
DA:285,1
DA:288,1
DA:289,1
DA:290,1
DA:292,2
BRDA:282,52,0,1
BRDA:282,52,1,1
FN:301,Microsoft.AspNetCore.Mvc.ActionResult backend.Controllers.MaterialsController::updateMaterialBasicInformation(System.Int64,core.dto.UpdateMaterialDTO)
FNDA:3,Microsoft.AspNetCore.Mvc.ActionResult backend.Controllers.MaterialsController::updateMaterialBasicInformation(System.Int64,core.dto.UpdateMaterialDTO)
DA:302,3
DA:303,3
DA:305,3
DA:306,3
DA:307,2
DA:308,1
DA:309,1
DA:310,1
DA:312,0
DA:313,2
DA:314,2
DA:315,2
DA:316,2
DA:318,0
DA:319,0
DA:320,3
BRDA:307,45,0,1
BRDA:307,45,1,0
FN:329,Microsoft.AspNetCore.Mvc.ActionResult backend.Controllers.MaterialsController::addFinish(System.Int64,core.dto.FinishDTO)
FNDA:3,Microsoft.AspNetCore.Mvc.ActionResult backend.Controllers.MaterialsController::addFinish(System.Int64,core.dto.FinishDTO)
DA:330,3
DA:331,3
DA:333,3
DA:334,3
DA:335,2
DA:336,1
DA:337,1
DA:338,1
DA:340,1
DA:341,1
DA:342,1
DA:343,1
DA:344,1
DA:346,1
DA:347,1
DA:348,3
BRDA:335,43,0,1
BRDA:335,43,1,1
FN:356,Microsoft.AspNetCore.Mvc.ActionResult backend.Controllers.MaterialsController::removeFinish(System.Int64,System.Int64)
FNDA:1,Microsoft.AspNetCore.Mvc.ActionResult backend.Controllers.MaterialsController::removeFinish(System.Int64,System.Int64)
DA:357,1
DA:358,1
DA:360,1
DA:361,1
DA:362,1
DA:363,1
DA:364,1
DA:366,0
DA:367,0
DA:368,0
DA:369,0
DA:370,0
DA:372,0
DA:373,0
DA:374,1
BRDA:361,38,0,1
BRDA:361,38,1,0
FN:383,Microsoft.AspNetCore.Mvc.ActionResult backend.Controllers.MaterialsController::addColor(System.Int64,core.dto.ColorDTO)
FNDA:3,Microsoft.AspNetCore.Mvc.ActionResult backend.Controllers.MaterialsController::addColor(System.Int64,core.dto.ColorDTO)
DA:384,3
DA:385,3
DA:387,3
DA:388,3
DA:389,2
DA:390,1
DA:391,1
DA:392,1
DA:394,1
DA:395,1
DA:396,1
DA:397,1
DA:398,1
DA:400,1
DA:401,1
DA:402,3
BRDA:389,43,0,1
BRDA:389,43,1,1
FN:410,Microsoft.AspNetCore.Mvc.ActionResult backend.Controllers.MaterialsController::removeColor(System.Int64,System.Int64)
FNDA:3,Microsoft.AspNetCore.Mvc.ActionResult backend.Controllers.MaterialsController::removeColor(System.Int64,System.Int64)
DA:411,3
DA:412,3
DA:414,3
DA:415,3
DA:416,1
DA:417,1
DA:418,1
DA:420,0
DA:421,2
DA:422,2
DA:423,2
DA:424,2
DA:426,0
DA:427,0
DA:428,3
BRDA:415,38,0,1
BRDA:415,38,1,0
FN:170,System.Void backend.Controllers.MaterialsController::.ctor(core.persistence.MaterialRepository,Microsoft.Extensions.Logging.ILogger`1<backend.Controllers.MaterialsController>)
FNDA:34,System.Void backend.Controllers.MaterialsController::.ctor(core.persistence.MaterialRepository,Microsoft.Extensions.Logging.ILogger`1<backend.Controllers.MaterialsController>)
DA:171,34
DA:172,34
DA:173,34
DA:174,34
DA:175,34
LF:140
LH:122
BRF:18
BRH:13
FNF:10
FNH:10
end_of_record
SF:/home/freitas/Development/Projects/CDIO/cdio-il2018-19sem5-grupo3/MYCM/backend/Controllers/PriceTablesController.cs
FN:126,Microsoft.AspNetCore.Mvc.ActionResult backend.Controllers.PriceTablesController::fetchMaterialPriceHistory(System.Int64)
FNDA:0,Microsoft.AspNetCore.Mvc.ActionResult backend.Controllers.PriceTablesController::fetchMaterialPriceHistory(System.Int64)
DA:127,0
DA:128,0
DA:129,0
DA:130,0
DA:131,0
DA:132,0
DA:133,0
DA:134,0
DA:136,0
FN:146,Microsoft.AspNetCore.Mvc.ActionResult backend.Controllers.PriceTablesController::fetchMaterialPriceHistory(System.Int64,System.Int64)
FNDA:0,Microsoft.AspNetCore.Mvc.ActionResult backend.Controllers.PriceTablesController::fetchMaterialPriceHistory(System.Int64,System.Int64)
DA:147,0
DA:148,0
DA:149,0
DA:150,0
DA:151,0
DA:152,0
DA:153,0
DA:154,0
DA:155,0
DA:157,0
FN:110,System.Void backend.Controllers.PriceTablesController::.ctor(core.persistence.MaterialPriceTableRepository,core.persistence.FinishPriceTableRepository,Microsoft.Extensions.Logging.ILogger`1<backend.Controllers.PriceTablesController>,System.Net.Http.IHttpClientFactory)
FNDA:0,System.Void backend.Controllers.PriceTablesController::.ctor(core.persistence.MaterialPriceTableRepository,core.persistence.FinishPriceTableRepository,Microsoft.Extensions.Logging.ILogger`1<backend.Controllers.PriceTablesController>,System.Net.Http.IHttpClientFactory)
DA:111,0
DA:112,0
DA:113,0
DA:114,0
DA:115,0
DA:116,0
DA:117,0
FN:167,System.Void backend.Controllers.PriceTablesController/<addMaterialPriceTableEntry>d__20::MoveNext()
FNDA:0,System.Void backend.Controllers.PriceTablesController/<addMaterialPriceTableEntry>d__20::MoveNext()
DA:168,0
DA:169,0
DA:171,0
DA:172,0
DA:173,0
DA:174,0
DA:175,0
DA:176,0
DA:177,0
DA:179,0
DA:180,0
DA:182,0
DA:183,0
DA:184,0
DA:185,0
DA:187,0
DA:188,0
DA:189,0
DA:190,0
DA:192,0
DA:193,0
DA:194,0
DA:195,0
DA:197,0
DA:198,0
DA:199,0
DA:200,0
DA:202,0
BRDA:169,44,0,0
BRDA:173,109,0,0
BRDA:169,44,1,0
BRDA:173,109,1,0
BRDA:174,223,0,0
BRDA:174,223,1,0
FN:212,System.Void backend.Controllers.PriceTablesController/<addFinishPriceTableEntry>d__21::MoveNext()
FNDA:0,System.Void backend.Controllers.PriceTablesController/<addFinishPriceTableEntry>d__21::MoveNext()
DA:213,0
DA:214,0
DA:216,0
DA:217,0
DA:218,0
DA:219,0
DA:220,0
DA:221,0
DA:222,0
DA:223,0
DA:225,0
DA:226,0
DA:228,0
DA:229,0
DA:230,0
DA:231,0
DA:233,0
DA:234,0
DA:235,0
DA:236,0
DA:238,0
DA:239,0
DA:240,0
DA:241,0
DA:243,0
DA:244,0
DA:245,0
DA:246,0
DA:248,0
BRDA:214,44,0,0
BRDA:219,127,0,0
BRDA:214,44,1,0
BRDA:219,127,1,0
BRDA:220,241,0,0
BRDA:220,241,1,0
FN:259,System.Void backend.Controllers.PriceTablesController/<updateMaterialPriceTableEntry>d__22::MoveNext()
FNDA:0,System.Void backend.Controllers.PriceTablesController/<updateMaterialPriceTableEntry>d__22::MoveNext()
DA:260,0
DA:261,0
DA:263,0
DA:264,0
DA:265,0
DA:266,0
DA:267,0
DA:268,0
DA:269,0
DA:271,0
DA:272,0
DA:274,0
DA:275,0
DA:276,0
DA:277,0
DA:279,0
DA:280,0
DA:281,0
DA:282,0
DA:284,0
DA:285,0
DA:286,0
DA:287,0
DA:289,0
DA:290,0
DA:291,0
DA:292,0
DA:294,0
BRDA:261,44,0,0
BRDA:266,127,0,0
BRDA:261,44,1,0
BRDA:266,127,1,0
BRDA:266,221,0,0
BRDA:266,221,1,0
FN:305,System.Void backend.Controllers.PriceTablesController/<updateFinishPriceTableEntry>d__23::MoveNext()
FNDA:0,System.Void backend.Controllers.PriceTablesController/<updateFinishPriceTableEntry>d__23::MoveNext()
DA:306,0
DA:307,0
DA:309,0
DA:310,0
DA:311,0
DA:312,0
DA:313,0
DA:314,0
DA:315,0
DA:316,0
DA:318,0
DA:319,0
DA:321,0
DA:322,0
DA:323,0
DA:324,0
DA:326,0
DA:327,0
DA:328,0
DA:329,0
DA:331,0
DA:332,0
DA:333,0
DA:334,0
DA:336,0
DA:337,0
DA:338,0
DA:339,0
DA:341,0
BRDA:307,44,0,0
BRDA:313,148,0,0
BRDA:307,44,1,0
BRDA:313,148,1,0
BRDA:313,242,0,0
BRDA:313,242,1,0
LF:140
LH:0
BRF:24
BRH:0
FNF:7
FNH:0
end_of_record
SF:/home/freitas/Development/Projects/CDIO/cdio-il2018-19sem5-grupo3/MYCM/backend/Controllers/ProductCategoryController.cs
FN:162,Microsoft.AspNetCore.Mvc.ActionResult backend.Controllers.ProductCategoryController::addProductCategory(core.modelview.productcategory.AddProductCategoryModelView)
FNDA:11,Microsoft.AspNetCore.Mvc.ActionResult backend.Controllers.ProductCategoryController::addProductCategory(core.modelview.productcategory.AddProductCategoryModelView)
DA:163,11
DA:164,11
DA:165,11
DA:166,1
DA:167,1
DA:168,1
DA:172,10
DA:173,10
DA:174,10
DA:176,8
DA:177,8
DA:180,2
DA:181,2
DA:182,2
DA:183,2
DA:185,11
BRDA:165,29,0,1
BRDA:165,29,1,10
FN:195,Microsoft.AspNetCore.Mvc.ActionResult backend.Controllers.ProductCategoryController::addSubProductCategory(System.Int64,core.modelview.productcategory.AddProductCategoryModelView)
FNDA:0,Microsoft.AspNetCore.Mvc.ActionResult backend.Controllers.ProductCategoryController::addSubProductCategory(System.Int64,core.modelview.productcategory.AddProductCategoryModelView)
DA:196,0
DA:197,0
DA:198,0
DA:199,0
DA:200,0
DA:201,0
DA:205,0
DA:206,0
DA:207,0
DA:209,0
DA:210,0
DA:212,0
DA:213,0
DA:214,0
DA:215,0
DA:217,0
BRDA:198,29,0,0
BRDA:198,29,1,0
FN:226,Microsoft.AspNetCore.Mvc.ActionResult backend.Controllers.ProductCategoryController::removeProductCategory(System.Int64)
FNDA:3,Microsoft.AspNetCore.Mvc.ActionResult backend.Controllers.ProductCategoryController::removeProductCategory(System.Int64)
DA:227,3
DA:228,3
DA:230,3
DA:231,3
DA:232,2
DA:233,2
DA:235,1
DA:236,1
DA:237,1
DA:238,1
DA:240,3
FN:249,Microsoft.AspNetCore.Mvc.ActionResult backend.Controllers.ProductCategoryController::findById(System.Int64)
FNDA:3,Microsoft.AspNetCore.Mvc.ActionResult backend.Controllers.ProductCategoryController::findById(System.Int64)
DA:250,3
DA:251,3
DA:253,3
DA:254,3
DA:255,3
DA:256,1
DA:257,1
DA:259,2
DA:260,2
DA:261,2
DA:262,2
DA:264,3
FN:273,Microsoft.AspNetCore.Mvc.ActionResult backend.Controllers.ProductCategoryController::find(System.String)
FNDA:4,Microsoft.AspNetCore.Mvc.ActionResult backend.Controllers.ProductCategoryController::find(System.String)
DA:274,4
DA:275,4
DA:276,2
DA:277,2
DA:279,2
DA:280,4
BRDA:275,7,0,2
BRDA:275,7,1,2
FN:286,Microsoft.AspNetCore.Mvc.ActionResult backend.Controllers.ProductCategoryController::findAll()
FNDA:2,Microsoft.AspNetCore.Mvc.ActionResult backend.Controllers.ProductCategoryController::findAll()
DA:287,2
DA:288,2
DA:290,2
DA:291,2
DA:292,2
DA:293,1
DA:294,1
DA:297,1
DA:298,1
DA:299,1
DA:300,1
DA:302,2
FN:310,Microsoft.AspNetCore.Mvc.ActionResult backend.Controllers.ProductCategoryController::findByName(System.String)
FNDA:2,Microsoft.AspNetCore.Mvc.ActionResult backend.Controllers.ProductCategoryController::findByName(System.String)
DA:311,2
DA:312,2
DA:314,2
DA:315,2
DA:316,2
DA:317,1
DA:318,1
DA:320,1
DA:321,1
DA:322,1
DA:323,1
DA:325,2
FN:335,Microsoft.AspNetCore.Mvc.ActionResult backend.Controllers.ProductCategoryController::findSubCategories(System.Int64)
FNDA:0,Microsoft.AspNetCore.Mvc.ActionResult backend.Controllers.ProductCategoryController::findSubCategories(System.Int64)
DA:336,0
DA:337,0
DA:339,0
DA:340,0
DA:341,0
DA:342,0
DA:343,0
DA:345,0
DA:346,0
DA:347,0
DA:348,0
DA:350,0
FN:360,Microsoft.AspNetCore.Mvc.ActionResult backend.Controllers.ProductCategoryController::updateCategory(System.Int64,core.modelview.productcategory.UpdateProductCategoryModelView)
FNDA:0,Microsoft.AspNetCore.Mvc.ActionResult backend.Controllers.ProductCategoryController::updateCategory(System.Int64,core.modelview.productcategory.UpdateProductCategoryModelView)
DA:361,0
DA:362,0
DA:365,0
DA:366,0
DA:367,0
DA:369,0
DA:371,0
DA:372,0
DA:373,0
DA:374,0
DA:376,0
FN:147,System.Void backend.Controllers.ProductCategoryController::.ctor(core.persistence.ProductCategoryRepository,Microsoft.Extensions.Logging.ILogger`1<backend.Controllers.ProductCategoryController>)
FNDA:21,System.Void backend.Controllers.ProductCategoryController::.ctor(core.persistence.ProductCategoryRepository,Microsoft.Extensions.Logging.ILogger`1<backend.Controllers.ProductCategoryController>)
DA:148,21
DA:149,21
DA:150,21
DA:151,21
DA:152,21
LF:113
LH:74
BRF:6
BRH:4
FNF:10
FNH:7
end_of_record
SF:/home/freitas/Development/Projects/CDIO/cdio-il2018-19sem5-grupo3/MYCM/backend/Controllers/ProductController.cs
FN:159,Microsoft.AspNetCore.Mvc.ActionResult backend.Controllers.ProductController::findAll()
FNDA:2,Microsoft.AspNetCore.Mvc.ActionResult backend.Controllers.ProductController::findAll()
DA:160,2
DA:161,2
DA:162,2
DA:164,3
DA:165,1
DA:166,1
DA:168,1
DA:169,1
DA:170,2
BRDA:164,35,0,2
BRDA:164,35,1,0
BRDA:164,48,0,1
BRDA:164,48,1,1
FN:178,Microsoft.AspNetCore.Mvc.ActionResult backend.Controllers.ProductController::findById(System.Int64,System.String)
FNDA:1,Microsoft.AspNetCore.Mvc.ActionResult backend.Controllers.ProductController::findById(System.Int64,System.String)
DA:179,1
DA:180,1
DA:181,1
DA:182,1
DA:183,1
DA:184,1
DA:185,1
DA:186,1
DA:187,0
DA:188,0
DA:189,0
DA:191,0
DA:192,0
DA:193,2
DA:194,1
DA:195,1
DA:196,0
DA:197,0
DA:198,0
DA:200,1
BRDA:187,81,0,0
BRDA:187,81,1,0
FN:209,Microsoft.AspNetCore.Mvc.ActionResult backend.Controllers.ProductController::findDimensionRestrictions(System.Int64,System.Int64)
FNDA:0,Microsoft.AspNetCore.Mvc.ActionResult backend.Controllers.ProductController::findDimensionRestrictions(System.Int64,System.Int64)
DA:210,0
DA:211,0
FN:221,Microsoft.AspNetCore.Mvc.ActionResult backend.Controllers.ProductController::findComponentRestrictions(System.Int64,System.Int64)
FNDA:0,Microsoft.AspNetCore.Mvc.ActionResult backend.Controllers.ProductController::findComponentRestrictions(System.Int64,System.Int64)
DA:222,0
DA:223,0
FN:233,Microsoft.AspNetCore.Mvc.ActionResult backend.Controllers.ProductController::findMaterialRestrictions(System.Int64,System.Int64)
FNDA:0,Microsoft.AspNetCore.Mvc.ActionResult backend.Controllers.ProductController::findMaterialRestrictions(System.Int64,System.Int64)
DA:234,0
DA:235,0
FN:246,Microsoft.AspNetCore.Mvc.ActionResult backend.Controllers.ProductController::addProduct(core.modelview.product.AddProductModelView)
FNDA:1,Microsoft.AspNetCore.Mvc.ActionResult backend.Controllers.ProductController::addProduct(core.modelview.product.AddProductModelView)
DA:247,1
DA:248,1
DA:249,1
DA:250,2
DA:251,2
DA:252,1
DA:253,1
DA:254,0
DA:256,0
DA:258,0
DA:259,0
DA:260,0
DA:261,0
DA:262,0
DA:263,0
DA:264,0
DA:265,0
DA:266,0
DA:268,1
BRDA:251,43,0,1
BRDA:251,43,1,0
FN:278,Microsoft.AspNetCore.Mvc.ActionResult backend.Controllers.ProductController::addComponentToProduct(System.Int64,core.modelview.product.AddComponentToProductModelView)
FNDA:0,Microsoft.AspNetCore.Mvc.ActionResult backend.Controllers.ProductController::addComponentToProduct(System.Int64,core.modelview.product.AddComponentToProductModelView)
DA:279,0
DA:280,0
DA:281,0
DA:282,0
DA:283,0
DA:284,0
DA:285,0
DA:286,0
DA:287,0
DA:288,0
DA:289,0
DA:291,0
FN:302,Microsoft.AspNetCore.Mvc.ActionResult backend.Controllers.ProductController::addRestrictionToProductComponent(System.Int64,System.Int64,core.dto.RestrictionDTO)
FNDA:0,Microsoft.AspNetCore.Mvc.ActionResult backend.Controllers.ProductController::addRestrictionToProductComponent(System.Int64,System.Int64,core.dto.RestrictionDTO)
DA:303,0
DA:304,0
DA:305,0
DA:306,0
DA:307,0
DA:308,0
DA:309,0
DA:310,0
DA:311,0
DA:312,0
DA:313,0
DA:314,0
DA:315,0
DA:316,0
DA:318,0
FN:327,Microsoft.AspNetCore.Mvc.ActionResult backend.Controllers.ProductController::addMeasurementToProduct(System.Int64,core.modelview.measurement.AddMeasurementModelView)
FNDA:0,Microsoft.AspNetCore.Mvc.ActionResult backend.Controllers.ProductController::addMeasurementToProduct(System.Int64,core.modelview.measurement.AddMeasurementModelView)
DA:328,0
DA:330,0
DA:331,0
DA:333,0
FN:344,Microsoft.AspNetCore.Mvc.ActionResult backend.Controllers.ProductController::addMaterialToProduct(System.Int64,core.modelview.product.AddMaterialToProductModelView)
FNDA:0,Microsoft.AspNetCore.Mvc.ActionResult backend.Controllers.ProductController::addMaterialToProduct(System.Int64,core.modelview.product.AddMaterialToProductModelView)
DA:345,0
DA:346,0
DA:347,0
DA:348,0
DA:349,0
DA:350,0
DA:351,0
DA:352,0
DA:353,0
DA:354,0
DA:355,0
DA:357,0
FN:367,Microsoft.AspNetCore.Mvc.ActionResult backend.Controllers.ProductController::addRestrictionToProductMaterial(System.Int64,System.Int64)
FNDA:0,Microsoft.AspNetCore.Mvc.ActionResult backend.Controllers.ProductController::addRestrictionToProductMaterial(System.Int64,System.Int64)
DA:368,0
DA:370,0
FN:380,Microsoft.AspNetCore.Mvc.ActionResult backend.Controllers.ProductController::updateProductProperties(System.Int64,core.modelview.product.UpdateProductPropertiesModelView)
FNDA:0,Microsoft.AspNetCore.Mvc.ActionResult backend.Controllers.ProductController::updateProductProperties(System.Int64,core.modelview.product.UpdateProductPropertiesModelView)
DA:381,0
DA:382,0
DA:383,0
DA:384,0
DA:385,0
DA:386,0
DA:387,0
DA:388,0
DA:389,0
DA:390,0
DA:391,0
DA:392,0
DA:393,0
DA:395,0
FN:405,Microsoft.AspNetCore.Mvc.ActionResult backend.Controllers.ProductController::deleteComponentFromProduct(System.Int64,System.Int64)
FNDA:0,Microsoft.AspNetCore.Mvc.ActionResult backend.Controllers.ProductController::deleteComponentFromProduct(System.Int64,System.Int64)
DA:406,0
DA:407,0
DA:408,0
DA:409,0
DA:410,0
DA:411,0
DA:412,0
DA:413,0
DA:414,0
DA:415,0
DA:416,0
DA:418,0
FN:429,Microsoft.AspNetCore.Mvc.ActionResult backend.Controllers.ProductController::deleteRestrictionFromProductComponent(System.Int64,System.Int64,System.Int64)
FNDA:0,Microsoft.AspNetCore.Mvc.ActionResult backend.Controllers.ProductController::deleteRestrictionFromProductComponent(System.Int64,System.Int64,System.Int64)
DA:430,0
DA:431,0
DA:432,0
DA:433,0
DA:434,0
DA:435,0
DA:436,0
DA:437,0
DA:438,0
DA:439,0
DA:440,0
DA:441,0
DA:443,0
FN:445,Microsoft.AspNetCore.Mvc.ActionResult backend.Controllers.ProductController::deleteMeasurementFromProduct(System.Int64,System.Int64)
FNDA:0,Microsoft.AspNetCore.Mvc.ActionResult backend.Controllers.ProductController::deleteMeasurementFromProduct(System.Int64,System.Int64)
DA:446,0
DA:447,0
FN:458,Microsoft.AspNetCore.Mvc.ActionResult backend.Controllers.ProductController::deleteMaterialFromProduct(System.Int64,System.Int64)
[...]
FNDA:0,System.Void core.application.ProductController::deleteRestrictionFromProductComponentDepthDimension(core.modelview.product.DeleteRestrictionFromProductComponentDimensionModelView)
DA:343,0
DA:344,0
DA:345,0
DA:349,0
DA:351,0
FN:358,System.Boolean core.application.ProductController::disableProduct(core.dto.ProductDTO)
FNDA:0,System.Boolean core.application.ProductController::disableProduct(core.dto.ProductDTO)
DA:359,0
DA:360,0
DA:361,0
DA:362,0
DA:363,0
BRDA:362,26,0,0
BRDA:362,34,0,0
BRDA:362,26,1,0
BRDA:362,34,1,0
FN:369,System.Boolean core.application.ProductController::removeProduct(core.dto.ProductDTO)
FNDA:0,System.Boolean core.application.ProductController::removeProduct(core.dto.ProductDTO)
DA:370,0
DA:371,0
DA:372,0
DA:373,0
DA:374,0
BRDA:373,26,0,0
BRDA:373,34,0,0
BRDA:373,26,1,0
BRDA:373,34,1,0
FN:379,core.modelview.product.GetAllProductsModelView core.application.ProductController::findAllProducts()
FNDA:2,core.modelview.product.GetAllProductsModelView core.application.ProductController::findAllProducts()
DA:380,2
DA:381,2
DA:382,2
DA:383,2
DA:384,2
FN:390,core.modelview.product.GetProductModelView core.application.ProductController::findProductByID(core.dto.FetchProductDTO)
FNDA:1,core.modelview.product.GetProductModelView core.application.ProductController::findProductByID(core.dto.FetchProductDTO)
DA:391,1
DA:392,1
DA:393,1
DA:394,1
DA:395,1
DA:396,0
FN:402,core.modelview.product.GetProductModelView core.application.ProductController::findByReference(core.dto.FetchProductDTO)
FNDA:0,core.modelview.product.GetProductModelView core.application.ProductController::findByReference(core.dto.FetchProductDTO)
DA:403,0
DA:404,0
DA:405,0
DA:406,0
DA:407,0
DA:408,0
FN:416,core.dto.RestrictionDTO core.application.ProductController::addComponentRestriction(System.Int64,System.Int64,core.dto.RestrictionDTO)
FNDA:0,core.dto.RestrictionDTO core.application.ProductController::addComponentRestriction(System.Int64,System.Int64,core.dto.RestrictionDTO)
DA:417,0
DA:418,0
DA:420,0
DA:422,0
DA:423,0
DA:424,0
DA:425,0
DA:426,0
DA:427,0
DA:428,0
DA:429,0
DA:431,0
DA:432,0
DA:433,0
DA:434,0
DA:435,0
DA:436,0
DA:437,0
DA:438,0
DA:439,0
DA:440,0
DA:441,0
DA:442,0
DA:444,0
BRDA:418,14,0,0
BRDA:422,47,0,0
BRDA:422,47,1,0
BRDA:418,14,1,0
BRDA:437,205,0,0
BRDA:437,205,1,0
FN:450,System.Collections.Generic.IEnumerable`1<core.domain.Dimension> core.application.ProductController::getProductDTOEnumerableDimensions(System.Collections.Generic.List`1<core.dto.DimensionDTO>)
FNDA:0,System.Collections.Generic.IEnumerable`1<core.domain.Dimension> core.application.ProductController::getProductDTOEnumerableDimensions(System.Collections.Generic.List`1<core.dto.DimensionDTO>)
DA:451,0
DA:452,0
DA:453,0
DA:454,0
DA:455,0
DA:456,0
DA:457,0
DA:458,0
DA:459,0
DA:460,0
DA:461,0
DA:462,0
DA:463,0
DA:464,0
DA:465,0
DA:466,0
DA:467,0
DA:468,0
DA:469,0
BRDA:453,236,1,0
BRDA:454,52,0,0
BRDA:454,52,1,0
BRDA:458,117,0,0
BRDA:458,117,1,0
BRDA:462,193,0,0
BRDA:462,193,1,0
BRDA:453,236,0,0
FN:475,System.Collections.Generic.IEnumerable`1<core.dto.ProductDTO> core.application.ProductController::extractProductsDTOFromComponentsDTO(System.Collections.Generic.IEnumerable`1<core.dto.ComponentDTO>)
FNDA:0,System.Collections.Generic.IEnumerable`1<core.dto.ProductDTO> core.application.ProductController::extractProductsDTOFromComponentsDTO(System.Collections.Generic.IEnumerable`1<core.dto.ComponentDTO>)
DA:476,0
DA:477,0
DA:478,0
DA:479,0
DA:480,0
BRDA:478,43,1,0
BRDA:478,43,0,0
FN:53,System.Void core.application.ProductController::.ctor()
FNDA:12,System.Void core.application.ProductController::.ctor()
DA:54,12
LF:204
LH:17
BRF:38
BRH:1
FNF:26
FNH:4
end_of_record
SF:/home/freitas/Development/Projects/CDIO/cdio-il2018-19sem5-grupo3/MYCM/backend/Views/Home/About.cshtml
FN:1,System.Void AspNetCore.Views_Home_About/<ExecuteAsync>d__0::MoveNext()
FNDA:0,System.Void AspNetCore.Views_Home_About/<ExecuteAsync>d__0::MoveNext()
DA:2,0
DA:4,0
DA:5,0
LF:3
LH:0
BRF:0
BRH:0
FNF:1
FNH:0
end_of_record
SF:/home/freitas/Development/Projects/CDIO/cdio-il2018-19sem5-grupo3/MYCM/backend/Views/Home/Contact.cshtml
FN:1,System.Void AspNetCore.Views_Home_Contact/<ExecuteAsync>d__0::MoveNext()
FNDA:0,System.Void AspNetCore.Views_Home_Contact/<ExecuteAsync>d__0::MoveNext()
DA:2,0
DA:4,0
DA:5,0
LF:3
LH:0
BRF:0
BRH:0
FNF:1
FNH:0
end_of_record
SF:/home/freitas/Development/Projects/CDIO/cdio-il2018-19sem5-grupo3/MYCM/backend/Views/Home/Index.cshtml
FN:1,System.Void AspNetCore.Views_Home_Index/<ExecuteAsync>d__14::MoveNext()
FNDA:0,System.Void AspNetCore.Views_Home_Index/<ExecuteAsync>d__14::MoveNext()
DA:2,0
BRDA:2,200,0,0
BRDA:2,200,1,0
BRDA:2,391,0,0
BRDA:2,391,1,0
BRDA:2,494,0,0
BRDA:2,527,0,0
BRDA:2,527,1,0
BRDA:2,494,1,0
BRDA:2,780,0,0
BRDA:2,780,1,0
BRDA:2,972,0,0
BRDA:2,972,1,0
BRDA:2,1079,0,0
BRDA:2,1112,0,0
BRDA:2,1112,1,0
BRDA:2,1079,1,0
BRDA:2,1365,0,0
BRDA:2,1365,1,0
BRDA:2,1557,0,0
BRDA:2,1557,1,0
BRDA:2,1664,0,0
BRDA:2,1697,0,0
BRDA:2,1697,1,0
BRDA:2,1664,1,0
LF:1
LH:0
BRF:24
BRH:0
FNF:1
FNH:0
end_of_record
SF:/home/freitas/Development/Projects/CDIO/cdio-il2018-19sem5-grupo3/MYCM/backend/Views/Home/Privacy.cshtml
FN:1,System.Void AspNetCore.Views_Home_Privacy/<ExecuteAsync>d__0::MoveNext()
FNDA:0,System.Void AspNetCore.Views_Home_Privacy/<ExecuteAsync>d__0::MoveNext()
DA:2,0
DA:4,0
LF:2
LH:0
BRF:0
BRH:0
FNF:1
FNH:0
end_of_record
SF:/home/freitas/Development/Projects/CDIO/cdio-il2018-19sem5-grupo3/MYCM/backend/Views/Shared/Error.cshtml
FN:2,System.Void AspNetCore.Views_Shared_Error/<ExecuteAsync>d__0::MoveNext()
FNDA:0,System.Void AspNetCore.Views_Shared_Error/<ExecuteAsync>d__0::MoveNext()
DA:3,0
DA:9,0
DA:10,0
DA:12,0
DA:14,0
LF:5
LH:0
BRF:0
BRH:0
FNF:1
FNH:0
end_of_record
SF:/home/freitas/Development/Projects/CDIO/cdio-il2018-19sem5-grupo3/MYCM/backend/Views/Shared/_CookieConsentPartial.cshtml
FN:3,System.Void AspNetCore.Views_Shared__CookieConsentPartial/<ExecuteAsync>d__10::MoveNext()
FNDA:0,System.Void AspNetCore.Views_Shared__CookieConsentPartial/<ExecuteAsync>d__10::MoveNext()
DA:4,0
DA:5,0
DA:6,0
DA:9,0
DA:10,0
DA:28,0
DA:41,0
BRDA:4,14,0,0
BRDA:5,109,0,0
BRDA:5,109,1,0
BRDA:6,136,0,0
BRDA:6,136,1,0
BRDA:9,208,0,0
BRDA:10,561,0,0
BRDA:10,561,1,0
BRDA:10,666,0,0
BRDA:10,699,0,0
BRDA:4,14,1,0
BRDA:10,699,1,0
BRDA:10,666,1,0
BRDA:9,208,1,0
LF:7
LH:0
BRF:14
BRH:0
FNF:1
FNH:0
end_of_record
SF:/home/freitas/Development/Projects/CDIO/cdio-il2018-19sem5-grupo3/MYCM/backend/Views/Shared/_Layout.cshtml
FN:15,System.Void AspNetCore.Views_Shared__Layout/<<ExecuteAsync>b__45_3>d::MoveNext()
FNDA:0,System.Void AspNetCore.Views_Shared__Layout/<<ExecuteAsync>b__45_3>d::MoveNext()
DA:16,0
BRDA:16,8,0,0
BRDA:16,158,0,0
BRDA:16,158,1,0
BRDA:16,575,0,0
BRDA:16,8,1,0
BRDA:16,575,1,0
BRDA:16,678,0,0
BRDA:16,711,0,0
BRDA:16,8,2,0
BRDA:16,711,1,0
BRDA:16,678,1,0
BRDA:16,961,0,0
BRDA:16,961,1,0
BRDA:16,1280,0,0
BRDA:16,8,3,0
BRDA:16,1280,1,0
BRDA:16,1387,0,0
BRDA:16,1420,0,0
BRDA:16,8,4,0
BRDA:16,1420,1,0
BRDA:16,1387,1,0
FN:5,System.Void AspNetCore.Views_Shared__Layout/<<ExecuteAsync>b__45_0>d::MoveNext()
FNDA:0,System.Void AspNetCore.Views_Shared__Layout/<<ExecuteAsync>b__45_0>d::MoveNext()
DA:6,0
BRDA:6,8,0,0
BRDA:6,434,0,0
BRDA:6,8,1,0
BRDA:6,434,1,0
BRDA:6,537,0,0
BRDA:6,570,0,0
BRDA:6,8,2,0
BRDA:6,570,1,0
BRDA:6,537,1,0
BRDA:6,988,0,0
BRDA:6,8,3,0
BRDA:6,988,1,0
BRDA:6,1095,0,0
BRDA:6,1128,0,0
BRDA:6,8,4,0
BRDA:6,1128,1,0
BRDA:6,1095,1,0
FN:53,System.Void AspNetCore.Views_Shared__Layout/<<ExecuteAsync>b__45_13>d::MoveNext()
FNDA:0,System.Void AspNetCore.Views_Shared__Layout/<<ExecuteAsync>b__45_13>d::MoveNext()
DA:54,0
BRDA:54,8,0,0
BRDA:54,173,0,0
BRDA:54,173,1,0
BRDA:54,320,0,0
BRDA:54,8,1,0
BRDA:54,320,1,0
BRDA:54,423,0,0
BRDA:54,456,0,0
BRDA:54,8,2,0
BRDA:54,456,1,0
BRDA:54,423,1,0
BRDA:54,706,0,0
BRDA:54,706,1,0
BRDA:54,854,0,0
BRDA:54,8,3,0
BRDA:54,854,1,0
BRDA:54,961,0,0
BRDA:54,994,0,0
BRDA:54,8,4,0
BRDA:54,994,1,0
BRDA:54,961,1,0
BRDA:54,1244,0,0
BRDA:54,1244,1,0
BRDA:54,1541,0,0
BRDA:54,8,5,0
BRDA:54,1541,1,0
BRDA:54,1648,0,0
BRDA:54,1681,0,0
BRDA:54,8,6,0
BRDA:54,1681,1,0
BRDA:54,1648,1,0
FN:68,System.Void AspNetCore.Views_Shared__Layout/<<ExecuteAsync>b__45_14>d::MoveNext()
FNDA:0,System.Void AspNetCore.Views_Shared__Layout/<<ExecuteAsync>b__45_14>d::MoveNext()
DA:69,0
BRDA:69,8,0,0
BRDA:69,493,0,0
BRDA:69,8,1,0
BRDA:69,493,1,0
BRDA:69,596,0,0
BRDA:69,629,0,0
BRDA:69,8,2,0
BRDA:69,629,1,0
BRDA:69,596,1,0
BRDA:69,1200,0,0
BRDA:69,8,3,0
BRDA:69,1200,1,0
BRDA:69,1307,0,0
BRDA:69,1340,0,0
BRDA:69,8,4,0
BRDA:69,1340,1,0
BRDA:69,1307,1,0
BRDA:69,1590,0,0
BRDA:69,1590,1,0
BRDA:69,1887,0,0
BRDA:69,8,5,0
BRDA:69,1887,1,0
BRDA:69,1994,0,0
BRDA:69,2027,0,0
BRDA:69,8,6,0
BRDA:69,2027,1,0
BRDA:69,1994,1,0
FN:43,System.Void AspNetCore.Views_Shared__Layout/<<ExecuteAsync>b__45_1>d::MoveNext()
FNDA:0,System.Void AspNetCore.Views_Shared__Layout/<<ExecuteAsync>b__45_1>d::MoveNext()
DA:44,0
DA:72,0
BRDA:44,8,0,0
BRDA:44,543,0,0
BRDA:44,8,1,0
BRDA:44,543,1,0
BRDA:44,646,0,0
BRDA:44,679,0,0
BRDA:44,8,2,0
BRDA:44,679,1,0
BRDA:44,646,1,0
BRDA:44,1206,0,0
BRDA:44,8,3,0
BRDA:44,1206,1,0
BRDA:44,1313,0,0
BRDA:44,1346,0,0
BRDA:44,8,4,0
BRDA:44,1346,1,0
BRDA:44,1313,1,0
BRDA:44,1870,0,0
BRDA:44,8,5,0
BRDA:44,1870,1,0
BRDA:44,1977,0,0
BRDA:44,2010,0,0
BRDA:44,8,6,0
BRDA:44,2010,1,0
BRDA:44,1977,1,0
BRDA:44,2534,0,0
BRDA:44,8,7,0
BRDA:44,2534,1,0
BRDA:44,2641,0,0
BRDA:44,2674,0,0
BRDA:44,8,8,0
BRDA:44,2674,1,0
BRDA:44,2641,1,0
BRDA:44,2924,0,0
BRDA:44,2924,1,0
BRDA:44,3104,0,0
BRDA:44,8,9,0
BRDA:44,3104,1,0
BRDA:44,3211,0,0
BRDA:44,3244,0,0
BRDA:44,8,10,0
BRDA:44,3244,1,0
BRDA:44,3211,1,0
BRDA:44,3768,0,0
BRDA:44,8,11,0
BRDA:44,3768,1,0
BRDA:44,3876,0,0
BRDA:44,3909,0,0
BRDA:44,8,12,0
BRDA:44,3909,1,0
BRDA:44,3876,1,0
BRDA:44,4328,0,0
BRDA:44,8,13,0
BRDA:44,4328,1,0
BRDA:44,4436,0,0
BRDA:44,4469,0,0
BRDA:44,8,14,0
BRDA:44,4469,1,0
BRDA:44,4436,1,0
LF:6
LH:0
BRF:155
BRH:0
FNF:5
FNH:0
end_of_record
SF:/home/freitas/Development/Projects/CDIO/cdio-il2018-19sem5-grupo3/MYCM/backend/Views/_ViewStart.cshtml
FN:1,System.Void AspNetCore.Views__ViewStart/<ExecuteAsync>d__0::MoveNext()
FNDA:0,System.Void AspNetCore.Views__ViewStart/<ExecuteAsync>d__0::MoveNext()
DA:2,0
LF:1
LH:0
BRF:0
BRH:0
FNF:1
FNH:0
end_of_record
SF:/home/freitas/Development/Projects/CDIO/cdio-il2018-19sem5-grupo3/MYCM/support/utils/Properties.cs
FN:28,System.Void support.system.Properties::put(System.Object,System.Object)
FNDA:0,System.Void support.system.Properties::put(System.Object,System.Object)
DA:29,0
FN:35,System.Object support.system.Properties::get(System.Object)
FNDA:1,System.Object support.system.Properties::get(System.Object)
DA:36,1
DA:37,1
DA:38,1
DA:39,1
DA:40,1
FN:45,System.Void support.system.Properties::load(System.IO.Stream)
FNDA:1,System.Void support.system.Properties::load(System.IO.Stream)
DA:46,1
DA:47,1
DA:48,2
DA:49,2
DA:50,2
DA:51,2
DA:52,1
FN:17,System.Void support.system.Properties::.ctor()
FNDA:1,System.Void support.system.Properties::.ctor()
DA:18,1
DA:22,3
FN:13,System.Void support.system.Properties::.cctor()
FNDA:1,System.Void support.system.Properties::.cctor()
DA:14,1
LF:16
LH:15
BRF:0
BRH:0
FNF:5
FNH:4
end_of_record
SF:/home/freitas/Development/Projects/CDIO/cdio-il2018-19sem5-grupo3/MYCM/support/utils/Collections.cs
FN:19,System.Boolean support.utils.Collections::isListEmpty(System.Collections.Generic.List`1<T>)
FNDA:32,System.Boolean support.utils.Collections::isListEmpty(System.Collections.Generic.List`1<T>)
DA:20,32
DA:21,32
DA:22,32
BRDA:21,2,0,31
BRDA:21,2,1,1
FN:29,System.Boolean support.utils.Collections::isListNull(System.Collections.Generic.List`1<T>)
FNDA:27,System.Boolean support.utils.Collections::isListNull(System.Collections.Generic.List`1<T>)
DA:30,27
DA:31,27
DA:32,27
FN:39,System.Boolean support.utils.Collections::isEnumerableNullOrEmpty(System.Collections.Generic.IEnumerable`1<T>)
FNDA:7,System.Boolean support.utils.Collections::isEnumerableNullOrEmpty(System.Collections.Generic.IEnumerable`1<T>)
DA:40,7
DA:41,7
DA:42,7
BRDA:41,2,0,7
BRDA:41,2,1,0
FN:49,System.Int32 support.utils.Collections::getEnumerableSize(System.Collections.Generic.IEnumerable`1<T>)
FNDA:0,System.Int32 support.utils.Collections::getEnumerableSize(System.Collections.Generic.IEnumerable`1<T>)
DA:50,0
DA:51,0
DA:52,0
DA:53,0
DA:54,0
DA:55,0
DA:56,0
DA:57,0
DA:59,0
BRDA:51,24,0,0
BRDA:51,24,1,0
BRDA:55,72,1,0
BRDA:55,72,0,0
FN:66,System.Collections.Generic.List`1<T> support.utils.Collections::enumerableAsList(System.Collections.Generic.IEnumerable`1<T>)
FNDA:0,System.Collections.Generic.List`1<T> support.utils.Collections::enumerableAsList(System.Collections.Generic.IEnumerable`1<T>)
DA:67,0
DA:68,0
DA:69,0
DA:70,0
DA:71,0
DA:73,0
BRDA:68,24,0,0
BRDA:68,24,1,0
LF:24
LH:9
BRF:10
BRH:3
FNF:5
FNH:3
end_of_record
SF:/home/freitas/Development/Projects/CDIO/cdio-il2018-19sem5-grupo3/MYCM/support/utils/Strings.cs
FN:12,System.Boolean support.utils.Strings::isNullOrEmpty(System.String)
FNDA:195,System.Boolean support.utils.Strings::isNullOrEmpty(System.String)
DA:13,195
BRDA:13,2,0,64
BRDA:13,2,1,1
LF:1
LH:1
BRF:2
BRH:2
FNF:1
FNH:1
end_of_record
SF:/home/freitas/Development/Projects/CDIO/cdio-il2018-19sem5-grupo3/MYCM/support/io/Streams.cs
FN:19,System.Collections.Generic.List`1<System.String> support.io.Streams::readAllLines(System.IO.Stream)
FNDA:1,System.Collections.Generic.List`1<System.String> support.io.Streams::readAllLines(System.IO.Stream)
DA:20,1
DA:21,1
DA:22,1
DA:23,1
DA:24,3
DA:25,1
DA:26,1
BRDA:24,47,1,1
BRDA:24,47,0,1
FN:31,System.Void support.io.Streams::grantStreamIsValidForRead(System.IO.Stream)
FNDA:1,System.Void support.io.Streams::grantStreamIsValidForRead(System.IO.Stream)
DA:32,1
DA:33,1
DA:34,1
BRDA:33,2,0,1
BRDA:33,2,1,0
BRDA:33,18,0,0
BRDA:33,18,1,1
FN:13,System.Void support.io.Streams::.cctor()
FNDA:0,System.Void support.io.Streams::.cctor()
DA:14,0
LF:11
LH:10
BRF:6
BRH:4
FNF:3
FNH:2
end_of_record
SF:/home/freitas/Development/Projects/CDIO/cdio-il2018-19sem5-grupo3/MYCM/support/dto/DTOUtils.cs
FN:12,T support.dto.DTOUtils::reverseDTO(support.dto.DTOParseable`2<T,D>)
FNDA:0,T support.dto.DTOUtils::reverseDTO(support.dto.DTOParseable`2<T,D>)
DA:13,0
DA:14,0
DA:15,0
FN:23,System.Collections.Generic.IEnumerable`1<T> support.dto.DTOUtils::reverseDTOS(System.Collections.Generic.IEnumerable`1<support.dto.DTOParseable`2<T,D>>)
FNDA:0,System.Collections.Generic.IEnumerable`1<T> support.dto.DTOUtils::reverseDTOS(System.Collections.Generic.IEnumerable`1<support.dto.DTOParseable`2<T,D>>)
DA:24,0
DA:25,0
DA:26,0
DA:27,0
DA:28,0
BRDA:26,43,1,0
BRDA:26,43,0,0
FN:35,D support.dto.DTOUtils::parseToDTO(support.dto.DTOAble`1<D>)
FNDA:0,D support.dto.DTOUtils::parseToDTO(support.dto.DTOAble`1<D>)
DA:36,0
DA:37,0
DA:38,0
FN:45,System.Collections.Generic.IEnumerable`1<D> support.dto.DTOUtils::parseToDTOS(System.Collections.Generic.IEnumerable`1<support.dto.DTOAble`1<D>>)
FNDA:7,System.Collections.Generic.IEnumerable`1<D> support.dto.DTOUtils::parseToDTOS(System.Collections.Generic.IEnumerable`1<support.dto.DTOAble`1<D>>)
DA:46,7
DA:47,7
DA:48,33
DA:49,7
DA:50,7
BRDA:48,43,1,4
BRDA:48,43,0,7
LF:16
LH:5
BRF:4
BRH:2
FNF:4
FNH:1
end_of_record
SF:/home/freitas/Development/Projects/CDIO/cdio-il2018-19sem5-grupo3/MYCM/support/dto/GenericDTO.cs
FN:42,System.Boolean support.dto.GenericDTO::put(System.String,System.Object)
FNDA:0,System.Boolean support.dto.GenericDTO::put(System.String,System.Object)
DA:43,0
DA:44,0
DA:45,0
DA:46,0
FN:52,System.Object support.dto.GenericDTO::get(System.String)
FNDA:0,System.Object support.dto.GenericDTO::get(System.String)
DA:53,0
FN:56,System.Object support.dto.GenericDTO::get_Item(System.String)
FNDA:0,System.Object support.dto.GenericDTO::get_Item(System.String)
DA:57,0
FN:58,System.Collections.Generic.ICollection`1<System.String> support.dto.GenericDTO::get_Keys()
FNDA:0,System.Collections.Generic.ICollection`1<System.String> support.dto.GenericDTO::get_Keys()
DA:59,0
FN:60,System.Collections.Generic.ICollection`1<System.Object> support.dto.GenericDTO::get_Values()
FNDA:0,System.Collections.Generic.ICollection`1<System.Object> support.dto.GenericDTO::get_Values()
DA:61,0
FN:62,System.Int32 support.dto.GenericDTO::get_Count()
FNDA:0,System.Int32 support.dto.GenericDTO::get_Count()
DA:63,0
FN:64,System.Boolean support.dto.GenericDTO::get_IsReadOnly()
FNDA:0,System.Boolean support.dto.GenericDTO::get_IsReadOnly()
DA:65,0
FN:71,System.Void support.dto.GenericDTO::Add(System.String,System.Object)
FNDA:0,System.Void support.dto.GenericDTO::Add(System.String,System.Object)
DA:72,0
FN:77,System.Void support.dto.GenericDTO::Add(System.Collections.Generic.KeyValuePair`2<System.String,System.Object>)
FNDA:0,System.Void support.dto.GenericDTO::Add(System.Collections.Generic.KeyValuePair`2<System.String,System.Object>)
DA:78,0
FN:82,System.Void support.dto.GenericDTO::Clear()
FNDA:0,System.Void support.dto.GenericDTO::Clear()
DA:83,0
FN:89,System.Boolean support.dto.GenericDTO::Contains(System.Collections.Generic.KeyValuePair`2<System.String,System.Object>)
FNDA:0,System.Boolean support.dto.GenericDTO::Contains(System.Collections.Generic.KeyValuePair`2<System.String,System.Object>)
DA:90,0
FN:96,System.Boolean support.dto.GenericDTO::ContainsKey(System.String)
FNDA:0,System.Boolean support.dto.GenericDTO::ContainsKey(System.String)
DA:97,0
FN:103,System.Void support.dto.GenericDTO::CopyTo(System.Collections.Generic.KeyValuePair`2<System.String,System.Object>[],System.Int32)
FNDA:0,System.Void support.dto.GenericDTO::CopyTo(System.Collections.Generic.KeyValuePair`2<System.String,System.Object>[],System.Int32)
DA:104,0
FN:109,System.Collections.Generic.IEnumerator`1<System.Collections.Generic.KeyValuePair`2<System.String,System.Object>> support.dto.GenericDTO::GetEnumerator()
FNDA:0,System.Collections.Generic.IEnumerator`1<System.Collections.Generic.KeyValuePair`2<System.String,System.Object>> support.dto.GenericDTO::GetEnumerator()
DA:110,0
FN:116,System.Boolean support.dto.GenericDTO::Remove(System.String)
FNDA:0,System.Boolean support.dto.GenericDTO::Remove(System.String)
DA:117,0
FN:123,System.Boolean support.dto.GenericDTO::Remove(System.Collections.Generic.KeyValuePair`2<System.String,System.Object>)
FNDA:0,System.Boolean support.dto.GenericDTO::Remove(System.Collections.Generic.KeyValuePair`2<System.String,System.Object>)
DA:124,0
FN:131,System.Boolean support.dto.GenericDTO::TryGetValue(System.String,System.Object&)
FNDA:0,System.Boolean support.dto.GenericDTO::TryGetValue(System.String,System.Object&)
DA:132,0
FN:137,System.Collections.IEnumerator support.dto.GenericDTO::System.Collections.IEnumerable.GetEnumerator()
FNDA:0,System.Collections.IEnumerator support.dto.GenericDTO::System.Collections.IEnumerable.GetEnumerator()
DA:138,0
FN:143,System.Void support.dto.GenericDTO::checkGenericDTO(System.String)
FNDA:0,System.Void support.dto.GenericDTO::checkGenericDTO(System.String)
DA:144,0
DA:145,0
DA:146,0
DA:148,0
BRDA:145,2,0,0
BRDA:145,2,1,0
BRDA:145,23,0,0
BRDA:145,23,1,0
FN:23,System.Void support.dto.GenericDTO::.ctor(System.String)
FNDA:0,System.Void support.dto.GenericDTO::.ctor(System.String)
DA:24,0
DA:29,0
DA:30,0
DA:31,0
DA:32,0
FN:15,System.Void support.dto.GenericDTO::.cctor()
FNDA:0,System.Void support.dto.GenericDTO::.cctor()
DA:16,0
LF:31
LH:0
BRF:4
BRH:0
FNF:21
FNH:0
end_of_record
SF:/home/freitas/Development/Projects/CDIO/cdio-il2018-19sem5-grupo3/MYCM/support/domain/Activatable.cs
FN:11,System.Boolean support.domain.Activatable::get_activated()
FNDA:454,System.Boolean support.domain.Activatable::get_activated()
DA:12,454
FN:17,System.Boolean support.domain.Activatable::activate()
FNDA:0,System.Boolean support.domain.Activatable::activate()
DA:18,0
DA:19,0
DA:20,0
DA:21,0
DA:24,0
DA:26,0
DA:27,0
BRDA:19,9,0,0
BRDA:19,9,1,0
FN:32,System.Boolean support.domain.Activatable::deactivate()
FNDA:3,System.Boolean support.domain.Activatable::deactivate()
DA:33,3
DA:34,3
DA:35,0
DA:36,0
DA:39,3
DA:41,3
DA:42,3
BRDA:34,12,0,0
BRDA:34,12,1,3
LF:15
LH:6
BRF:4
BRH:1
FNF:3
FNH:2
end_of_record