SF:/home/freitas/Development/Projects/CDIO/cdio-il2018-19sem5-grupo3/MYCM/core/Application.cs
FN:14,core.ApplicationSettings core.Application::settings()
FNDA:0,core.ApplicationSettings core.Application::settings()
DA:15,0
FN:19,System.Void core.Application::.ctor()
FNDA:0,System.Void core.Application::.ctor()
DA:20,0
FN:8,System.Void core.Application::.cctor()
FNDA:0,System.Void core.Application::.cctor()
DA:9,0
LF:3
LH:0
BRF:0
BRH:0
FNF:3
FNH:0
end_of_record
SF:/home/freitas/Development/Projects/CDIO/cdio-il2018-19sem5-grupo3/MYCM/core/ApplicationSettings.cs
FN:35,System.String core.ApplicationSettings::getPersistenceContext()
FNDA:0,System.String core.ApplicationSettings::getPersistenceContext()
DA:36,0
FN:41,support.system.Properties core.ApplicationSettings::injectApplicationSettings()
FNDA:0,support.system.Properties core.ApplicationSettings::injectApplicationSettings()
DA:42,0
DA:43,0
DA:44,0
FN:50,support.system.Properties core.ApplicationSettings::injectSettings(System.IO.Stream)
FNDA:0,support.system.Properties core.ApplicationSettings::injectSettings(System.IO.Stream)
DA:51,0
DA:52,0
DA:53,0
DA:54,0
DA:55,0
FN:27,System.Void core.ApplicationSettings::.ctor()
FNDA:0,System.Void core.ApplicationSettings::.ctor()
DA:28,0
DA:29,0
DA:30,0
FN:13,System.Void core.ApplicationSettings::.cctor()
FNDA:0,System.Void core.ApplicationSettings::.cctor()
DA:14,0
DA:19,0
LF:14
LH:0
BRF:0
BRH:0
FNF:5
FNH:0
end_of_record
SF:/home/freitas/Development/Projects/CDIO/cdio-il2018-19sem5-grupo3/MYCM/core/Program.cs
FN:4,System.Void core.Program::Main(System.String[])
FNDA:0,System.Void core.Program::Main(System.String[])
DA:5,0
DA:10,0
LF:2
LH:0
BRF:0
BRH:0
FNF:1
FNH:0
end_of_record
SF:/home/freitas/Development/Projects/CDIO/cdio-il2018-19sem5-grupo3/MYCM/core/services/AddFinishPriceTableEntryModelViewService.cs
FN:50,System.Void core.services.AddFinishPriceTableEntryModelViewService/<transform>d__5::MoveNext()
FNDA:0,System.Void core.services.AddFinishPriceTableEntryModelViewService/<transform>d__5::MoveNext()
DA:51,0
DA:52,0
DA:53,0
DA:55,0
DA:57,0
DA:58,0
DA:59,0
DA:63,0
DA:65,0
DA:66,0
DA:67,0
DA:71,0
DA:72,0
DA:73,0
DA:74,0
DA:75,0
DA:76,0
DA:82,0
DA:83,0
DA:84,0
DA:85,0
DA:86,0
DA:87,0
DA:88,0
DA:91,0
DA:94,0
DA:96,0
DA:97,0
DA:98,0
DA:99,0
DA:100,0
DA:101,0
DA:102,0
DA:103,0
DA:104,0
DA:105,0
DA:107,0
DA:108,0
DA:109,0
DA:111,0
DA:112,0
DA:113,0
DA:116,0
DA:117,0
DA:118,0
DA:119,0
DA:120,0
DA:122,0
DA:123,0
DA:125,0
DA:126,0
DA:127,0
DA:128,0
DA:129,0
DA:131,0
DA:133,0
DA:135,0
DA:136,0
BRDA:57,85,0,0
BRDA:57,85,1,0
BRDA:65,137,0,0
BRDA:65,137,1,0
BRDA:71,1038,1,0
BRDA:73,236,0,0
BRDA:71,176,1,0
BRDA:94,404,0,0
BRDA:97,483,0,0
BRDA:94,404,1,0
BRDA:97,483,1,0
BRDA:111,717,0,0
BRDA:111,717,1,0
BRDA:73,236,1,0
BRDA:71,176,0,0
BRDA:71,1038,0,0
LF:58
LH:0
BRF:16
BRH:0
FNF:1
FNH:0
end_of_record
SF:/home/freitas/Development/Projects/CDIO/cdio-il2018-19sem5-grupo3/MYCM/core/services/AddMaterialPriceTableEntryModelViewService.cs
FN:40,System.Void core.services.AddMaterialPriceTableEntryModelViewService/<transform>d__3::MoveNext()
FNDA:0,System.Void core.services.AddMaterialPriceTableEntryModelViewService/<transform>d__3::MoveNext()
DA:41,0
DA:43,0
DA:44,0
DA:46,0
DA:48,0
DA:49,0
DA:50,0
DA:53,0
DA:54,0
DA:60,0
DA:61,0
DA:62,0
DA:63,0
DA:64,0
DA:65,0
DA:66,0
DA:69,0
DA:72,0
DA:74,0
DA:75,0
DA:76,0
DA:77,0
DA:78,0
DA:79,0
DA:80,0
DA:81,0
DA:82,0
DA:83,0
DA:85,0
DA:86,0
DA:87,0
DA:89,0
DA:90,0
DA:91,0
DA:94,0
DA:96,0
DA:98,0
DA:99,0
DA:100,0
DA:101,0
DA:102,0
DA:104,0
DA:105,0
DA:107,0
DA:108,0
DA:110,0
DA:111,0
BRDA:48,85,0,0
BRDA:48,85,1,0
BRDA:72,261,0,0
BRDA:75,339,0,0
BRDA:72,261,1,0
BRDA:75,339,1,0
BRDA:89,560,0,0
BRDA:89,560,1,0
LF:47
LH:0
BRF:8
BRH:0
FNF:1
FNH:0
end_of_record
SF:/home/freitas/Development/Projects/CDIO/cdio-il2018-19sem5-grupo3/MYCM/core/services/CommercialCatalogueDTOService.cs
FN:30,core.domain.CommercialCatalogue core.services.CommercialCatalogueDTOService::transform(core.dto.CommercialCatalogueDTO)
FNDA:0,core.domain.CommercialCatalogue core.services.CommercialCatalogueDTOService::transform(core.dto.CommercialCatalogueDTO)
DA:31,0
DA:32,0
DA:33,0
DA:35,0
DA:38,0
DA:39,0
DA:40,0
DA:42,0
DA:46,0
DA:48,0
DA:49,0
DA:50,0
DA:51,0
DA:54,0
DA:55,0
DA:56,0
DA:60,0
DA:61,0
DA:62,0
DA:63,0
DA:65,0
DA:66,0
DA:68,0
DA:69,0
DA:70,0
DA:73,0
DA:74,0
DA:75,0
DA:78,0
DA:79,0
DA:81,0
DA:83,0
DA:85,0
DA:86,0
DA:88,0
DA:89,0
DA:91,0
DA:92,0
DA:93,0
DA:95,0
DA:96,0
BRDA:38,28,0,0
BRDA:48,311,1,0
BRDA:54,127,0,0
BRDA:54,127,1,0
BRDA:60,155,0,0
BRDA:60,155,1,0
BRDA:68,262,1,0
BRDA:73,230,0,0
BRDA:73,230,1,0
BRDA:68,262,0,0
BRDA:48,311,0,0
BRDA:38,28,1,0
FN:22,System.Void core.services.CommercialCatalogueDTOService::.ctor()
FNDA:0,System.Void core.services.CommercialCatalogueDTOService::.ctor()
DA:23,0
LF:42
LH:0
BRF:12
BRH:0
FNF:2
FNH:0
end_of_record
SF:/home/freitas/Development/Projects/CDIO/cdio-il2018-19sem5-grupo3/MYCM/core/services/ComponentDTOService.cs
FN:16,core.domain.Component core.services.ComponentDTOService::transform(core.dto.ComponentDTO)
FNDA:0,core.domain.Component core.services.ComponentDTOService::transform(core.dto.ComponentDTO)
DA:17,0
DA:18,0
DA:19,0
DA:22,0
DA:23,0
FN:29,System.Collections.Generic.IEnumerable`1<core.domain.Product> core.services.ComponentDTOService::transform(System.Collections.Generic.IEnumerable`1<core.dto.ComponentDTO>)
FNDA:0,System.Collections.Generic.IEnumerable`1<core.domain.Product> core.services.ComponentDTOService::transform(System.Collections.Generic.IEnumerable`1<core.dto.ComponentDTO>)
DA:30,0
DA:31,0
DA:32,0
DA:33,0
DA:34,0
FN:40,System.Collections.Generic.IEnumerable`1<core.dto.ProductDTO> core.services.ComponentDTOService::extractProductsDTOFromComponentsDTO(System.Collections.Generic.IEnumerable`1<core.dto.ComponentDTO>)
FNDA:0,System.Collections.Generic.IEnumerable`1<core.dto.ProductDTO> core.services.ComponentDTOService::extractProductsDTOFromComponentsDTO(System.Collections.Generic.IEnumerable`1<core.dto.ComponentDTO>)
DA:41,0
DA:42,0
DA:43,0
DA:44,0
DA:45,0
BRDA:43,43,1,0
BRDA:43,43,0,0
LF:15
LH:0
BRF:2
BRH:0
FNF:3
FNH:0
end_of_record
SF:/home/freitas/Development/Projects/CDIO/cdio-il2018-19sem5-grupo3/MYCM/core/services/CreateProductService.cs
FN:57,core.domain.Product core.services.CreateProductService::create(core.modelview.product.AddProductModelView)
FNDA:0,core.domain.Product core.services.CreateProductService::create(core.modelview.product.AddProductModelView)
DA:58,0
DA:59,0
DA:60,0
DA:61,0
DA:63,0
DA:65,0
DA:66,0
DA:67,0
DA:70,0
DA:73,0
DA:74,0
DA:75,0
DA:78,0
DA:80,0
DA:82,0
DA:83,0
DA:84,0
DA:87,0
DA:88,0
DA:89,0
DA:92,0
DA:93,0
DA:94,0
DA:96,0
DA:97,0
DA:98,0
DA:99,0
DA:100,0
DA:101,0
DA:103,0
DA:104,0
DA:106,0
DA:108,0
DA:109,0
DA:111,0
DA:112,0
DA:114,0
DA:115,0
DA:116,0
DA:117,0
DA:118,0
DA:119,0
DA:120,0
DA:121,0
DA:124,0
DA:125,0
DA:129,0
DA:130,0
DA:131,0
DA:132,0
DA:135,0
DA:136,0
DA:139,0
BRDA:65,30,0,0
BRDA:65,30,1,0
BRDA:65,48,0,0
BRDA:65,48,1,0
BRDA:73,72,0,0
BRDA:73,72,1,0
BRDA:73,91,0,0
BRDA:73,91,1,0
BRDA:82,136,0,0
BRDA:82,136,1,0
BRDA:87,166,0,0
BRDA:87,166,1,0
BRDA:92,192,0,0
BRDA:92,192,1,0
BRDA:96,334,1,0
BRDA:99,290,0,0
BRDA:99,290,1,0
BRDA:96,334,0,0
BRDA:111,384,0,0
BRDA:111,384,1,0
BRDA:114,411,0,0
BRDA:119,474,0,0
BRDA:119,474,1,0
BRDA:114,411,1,0
BRDA:130,538,0,0
BRDA:130,538,1,0
FN:146,System.Collections.Generic.List`1<core.domain.Product> core.services.CreateProductService::getComplementaryProducts(System.Collections.Generic.List`1<core.modelview.product.AddComponentToProductModelView>)
FNDA:0,System.Collections.Generic.List`1<core.domain.Product> core.services.CreateProductService::getComplementaryProducts(System.Collections.Generic.List`1<core.modelview.product.AddComponentToProductModelView>)
DA:147,0
DA:148,0
DA:149,0
DA:151,0
DA:153,0
DA:154,0
DA:155,0
DA:157,0
DA:158,0
DA:159,0
DA:161,0
DA:162,0
DA:164,0
DA:165,0
BRDA:149,14,0,0
BRDA:149,14,1,0
BRDA:153,143,1,0
BRDA:157,100,0,0
BRDA:157,100,1,0
BRDA:153,143,0,0
LF:67
LH:0
BRF:32
BRH:0
FNF:2
FNH:0
end_of_record
SF:/home/freitas/Development/Projects/CDIO/cdio-il2018-19sem5-grupo3/MYCM/core/services/CurrencyPerAreaConversionService.cs
FN:47,System.String core.services.CurrencyPerAreaConversionService::get_defaultCurrency()
FNDA:0,System.String core.services.CurrencyPerAreaConversionService::get_defaultCurrency()
DA:48,0
FN:53,System.String core.services.CurrencyPerAreaConversionService::get_defaultArea()
FNDA:0,System.String core.services.CurrencyPerAreaConversionService::get_defaultArea()
DA:54,0
FN:69,System.String core.services.CurrencyPerAreaConversionService::getBaseCurrency()
FNDA:0,System.String core.services.CurrencyPerAreaConversionService::getBaseCurrency()
DA:70,0
DA:71,0
DA:72,0
DA:73,0
FN:78,System.String core.services.CurrencyPerAreaConversionService::getBaseArea()
FNDA:0,System.String core.services.CurrencyPerAreaConversionService::getBaseArea()
DA:79,0
DA:80,0
DA:81,0
DA:82,0
FN:115,System.Void core.services.CurrencyPerAreaConversionService::loadDefaultCurrencyPerAreaUnitValues()
FNDA:0,System.Void core.services.CurrencyPerAreaConversionService::loadDefaultCurrencyPerAreaUnitValues()
DA:116,0
DA:117,0
DA:118,0
DA:121,0
DA:122,0
DA:123,0
DA:124,0
DA:125,0
DA:129,0
DA:130,0
DA:131,0
DA:133,0
DA:136,0
DA:137,0
DA:138,0
DA:140,0
DA:141,0
DA:142,0
BRDA:117,11,0,0
BRDA:129,100,0,0
BRDA:129,100,1,0
BRDA:136,141,0,0
BRDA:136,141,1,0
BRDA:117,11,1,0
FN:59,System.Void core.services.CurrencyPerAreaConversionService::.ctor(System.Net.Http.IHttpClientFactory)
FNDA:0,System.Void core.services.CurrencyPerAreaConversionService::.ctor(System.Net.Http.IHttpClientFactory)
DA:60,0
DA:61,0
DA:62,0
DA:63,0
DA:64,0
FN:154,System.String core.services.CurrencyPerAreaConversionService/CurrencyConversionInfoDTO::get_toCurrency()
FNDA:0,System.String core.services.CurrencyPerAreaConversionService/CurrencyConversionInfoDTO::get_toCurrency()
DA:155,0
FN:161,System.String core.services.CurrencyPerAreaConversionService/CurrencyConversionInfoDTO::get_rate()
FNDA:0,System.String core.services.CurrencyPerAreaConversionService/CurrencyConversionInfoDTO::get_rate()
DA:162,0
FN:168,System.String core.services.CurrencyPerAreaConversionService/CurrencyConversionInfoDTO::get_fromCurrency()
FNDA:0,System.String core.services.CurrencyPerAreaConversionService/CurrencyConversionInfoDTO::get_fromCurrency()
DA:169,0
FN:90,System.Void core.services.CurrencyPerAreaConversionService/<convertCurrencyToDefaultCurrency>d__17::MoveNext()
FNDA:0,System.Void core.services.CurrencyPerAreaConversionService/<convertCurrencyToDefaultCurrency>d__17::MoveNext()
DA:91,0
DA:93,0
DA:95,0
DA:97,0
DA:99,0
DA:100,0
DA:101,0
DA:103,0
DA:106,0
DA:107,0
DA:110,0
BRDA:91,14,0,0
BRDA:97,134,0,0
BRDA:97,134,1,0
BRDA:99,250,0,0
BRDA:101,286,0,0
BRDA:91,14,1,0
BRDA:101,286,1,0
BRDA:99,250,1,0
LF:47
LH:0
BRF:14
BRH:0
FNF:10
FNH:0
end_of_record
SF:/home/freitas/Development/Projects/CDIO/cdio-il2018-19sem5-grupo3/MYCM/core/services/CustomizedProductCollectionDTOService.cs
FN:16,core.domain.CustomizedProductCollection core.services.CustomizedProductCollectionDTOService::transform(core.dto.CustomizedProductCollectionDTO)
FNDA:0,core.domain.CustomizedProductCollection core.services.CustomizedProductCollectionDTOService::transform(core.dto.CustomizedProductCollectionDTO)
DA:17,0
DA:18,0
DA:19,0
DA:20,0
DA:21,0
DA:23,0
DA:24,0
BRDA:19,19,0,0
BRDA:19,19,1,0
LF:7
LH:0
BRF:2
BRH:0
FNF:1
FNH:0
end_of_record
SF:/home/freitas/Development/Projects/CDIO/cdio-il2018-19sem5-grupo3/MYCM/core/services/CustomizedProductDTOService.cs
FN:28,core.domain.CustomizedProduct core.services.CustomizedProductDTOService::transform(core.dto.CustomizedProductDTO)
FNDA:0,core.domain.CustomizedProduct core.services.CustomizedProductDTOService::transform(core.dto.CustomizedProductDTO)
DA:29,0
DA:30,0
DA:32,0
DA:33,0
DA:36,0
DA:37,0
DA:40,0
DA:41,0
DA:43,0
DA:44,0
DA:46,0
DA:47,0
DA:50,0
DA:51,0
DA:52,0
DA:53,0
DA:55,0
DA:57,0
DA:58,0
DA:59,0
DA:61,0
DA:62,0
BRDA:50,159,0,0
BRDA:50,159,1,0
FN:20,System.Void core.services.CustomizedProductDTOService::.ctor()
FNDA:0,System.Void core.services.CustomizedProductDTOService::.ctor()
DA:21,0
LF:23
LH:0
BRF:2
BRH:0
FNF:2
FNH:0
end_of_record
SF:/home/freitas/Development/Projects/CDIO/cdio-il2018-19sem5-grupo3/MYCM/core/services/DeleteChildCustomizedProductModelViewService.cs
FN:18,System.Boolean core.services.DeleteChildCustomizedProductModelViewService::delete(core.modelview.customizedproduct.DeleteChildCustomizedProductModelView)
FNDA:0,System.Boolean core.services.DeleteChildCustomizedProductModelViewService::delete(core.modelview.customizedproduct.DeleteChildCustomizedProductModelView)
DA:19,0
DA:20,0
DA:22,0
DA:23,0
DA:24,0
DA:26,0
DA:27,0
DA:29,0
DA:30,0
DA:32,0
DA:33,0
DA:34,0
DA:37,0
DA:38,0
DA:39,0
DA:42,0
DA:43,0
DA:44,0
DA:45,0
DA:46,0
DA:47,0
DA:49,0
DA:51,0
DA:52,0
DA:53,0
BRDA:32,41,0,0
BRDA:32,41,1,0
BRDA:32,54,0,0
BRDA:32,54,1,0
BRDA:37,83,0,0
BRDA:37,83,1,0
BRDA:42,158,1,0
BRDA:44,136,0,0
BRDA:44,136,1,0
BRDA:42,158,0,0
LF:25
LH:0
BRF:10
BRH:0
FNF:1
FNH:0
end_of_record
SF:/home/freitas/Development/Projects/CDIO/cdio-il2018-19sem5-grupo3/MYCM/core/services/DeleteSlotFromCustomizedProductModelViewService.cs
FN:18,System.Boolean core.services.DeleteSlotFromCustomizedProductModelViewService::delete(core.modelview.customizedproduct.DeleteSlotFromCustomizedProductModelView)
FNDA:0,System.Boolean core.services.DeleteSlotFromCustomizedProductModelViewService::delete(core.modelview.customizedproduct.DeleteSlotFromCustomizedProductModelView)
DA:19,0
DA:20,0
DA:21,0
DA:22,0
DA:23,0
DA:25,0
DA:26,0
DA:28,0
DA:29,0
DA:30,0
DA:33,0
DA:36,0
DA:37,0
DA:38,0
DA:39,0
DA:40,0
DA:41,0
DA:42,0
DA:44,0
DA:45,0
DA:46,0
DA:47,0
BRDA:28,43,0,0
BRDA:28,43,1,0
BRDA:36,139,1,0
BRDA:38,97,0,0
BRDA:40,113,0,0
BRDA:40,113,1,0
BRDA:38,97,1,0
BRDA:36,139,0,0
LF:22
LH:0
BRF:8
BRH:0
FNF:1
FNH:0
end_of_record
SF:/home/freitas/Development/Projects/CDIO/cdio-il2018-19sem5-grupo3/MYCM/core/services/MaterialDTOService.cs
FN:20,core.domain.Material core.services.MaterialDTOService::transform(core.dto.MaterialDTO)
FNDA:0,core.domain.Material core.services.MaterialDTOService::transform(core.dto.MaterialDTO)
DA:21,0
DA:22,0
DA:23,0
DA:24,0
DA:25,0
DA:26,0
DA:27,0
DA:28,0
DA:29,0
DA:30,0
DA:31,0
DA:32,0
DA:33,0
DA:34,0
DA:35,0
DA:36,0
DA:37,0
DA:38,0
DA:39,0
DA:40,0
DA:41,0
BRDA:26,40,0,0
BRDA:28,91,1,0
BRDA:28,91,0,0
BRDA:26,40,1,0
BRDA:33,124,0,0
BRDA:35,175,1,0
BRDA:35,175,0,0
BRDA:33,124,1,0
LF:21
LH:0
BRF:8
BRH:0
FNF:1
FNH:0
end_of_record
SF:/home/freitas/Development/Projects/CDIO/cdio-il2018-19sem5-grupo3/MYCM/core/services/MeasurementUnitService.cs
FN:25,System.Double core.services.MeasurementUnitService::convertToUnit(System.Double,System.String)
FNDA:15,System.Double core.services.MeasurementUnitService::convertToUnit(System.Double,System.String)
DA:26,15
DA:29,15
DA:31,15
DA:32,1
DA:33,1
DA:35,14
DA:36,1
DA:37,1
DA:40,13
DA:41,14
BRDA:31,13,0,1
BRDA:31,13,1,14
BRDA:35,48,0,1
BRDA:35,48,1,13
FN:49,System.Double core.services.MeasurementUnitService::convertFromUnit(System.Double,System.String)
FNDA:13,System.Double core.services.MeasurementUnitService::convertFromUnit(System.Double,System.String)
DA:50,13
DA:53,13
DA:55,13
DA:56,11
DA:57,11
DA:60,2
DA:61,1
DA:62,1
DA:65,1
DA:66,12
BRDA:55,13,0,11
BRDA:55,13,1,2
BRDA:60,48,0,1
BRDA:60,48,1,1
FN:72,System.String core.services.MeasurementUnitService::getMinimumUnit()
FNDA:56,System.String core.services.MeasurementUnitService::getMinimumUnit()
DA:73,56
DA:74,56
DA:76,56
DA:78,56
DA:80,616
DA:81,224
DA:82,224
DA:83,56
DA:84,56
DA:85,56
DA:86,56
DA:87,224
DA:89,56
DA:90,56
BRDA:80,85,1,224
BRDA:82,62,0,56
BRDA:82,62,1,224
BRDA:80,85,0,56
FN:97,System.Collections.Generic.IDictionary`2<System.String,System.Double> core.services.MeasurementUnitService::loadUnitMap()
FNDA:84,System.Collections.Generic.IDictionary`2<System.String,System.Double> core.services.MeasurementUnitService::loadUnitMap()
DA:98,84
DA:99,84
DA:102,84
DA:103,84
DA:104,84
DA:105,84
DA:106,84
DA:108,84
DA:109,84
LF:43
LH:43
BRF:12
BRH:12
FNF:4
FNH:4
end_of_record
SF:/home/freitas/Development/Projects/CDIO/cdio-il2018-19sem5-grupo3/MYCM/core/services/PostCustomizedProductModelViewService.cs
FN:22,core.domain.CustomizedProduct core.services.PostCustomizedProductModelViewService::transform(core.modelview.customizedproduct.PostCustomizedProductModelView)
FNDA:0,core.domain.CustomizedProduct core.services.PostCustomizedProductModelViewService::transform(core.modelview.customizedproduct.PostCustomizedProductModelView)
DA:23,0
DA:25,0
DA:26,0
DA:28,0
DA:29,0
DA:31,0
DA:32,0
DA:34,0
DA:35,0
DA:37,0
DA:38,0
DA:40,0
DA:41,0
DA:42,0
DA:43,0
DA:44,0
DA:45,0
DA:46,0
DA:49,0
DA:50,0
DA:51,0
DA:53,0
DA:55,0
DA:56,0
DA:57,0
DA:58,0
DA:60,0
DA:61,0
DA:62,0
DA:63,0
DA:64,0
DA:66,0
BRDA:40,151,0,0
BRDA:40,151,1,0
BRDA:55,241,1,0
BRDA:55,241,0,0
FN:73,core.modelview.customizedproduct.PostCustomizedProductModelView core.services.PostCustomizedProductModelViewService::transform(core.domain.CustomizedProduct)
FNDA:0,core.modelview.customizedproduct.PostCustomizedProductModelView core.services.PostCustomizedProductModelViewService::transform(core.domain.CustomizedProduct)
DA:74,0
DA:75,0
DA:77,0
DA:78,0
DA:79,0
DA:80,0
DA:81,0
DA:82,0
DA:84,0
DA:85,0
DA:86,0
DA:87,0
DA:88,0
DA:89,0
DA:90,0
DA:92,0
DA:93,0
DA:96,0
DA:97,0
DA:98,0
DA:100,0
BRDA:85,117,0,0
BRDA:87,167,1,0
BRDA:87,167,0,0
BRDA:85,117,1,0
LF:53
LH:0
BRF:8
BRH:0
FNF:2
FNH:0
end_of_record
SF:/home/freitas/Development/Projects/CDIO/cdio-il2018-19sem5-grupo3/MYCM/core/services/PostCustomizedProductToSlotModelViewService.cs
FN:22,core.domain.CustomizedProduct core.services.PostCustomizedProductToSlotModelViewService::transform(core.modelview.customizedproduct.PostCustomizedProductToSlotModelView)
FNDA:0,core.domain.CustomizedProduct core.services.PostCustomizedProductToSlotModelViewService::transform(core.modelview.customizedproduct.PostCustomizedProductToSlotModelView)
DA:23,0
DA:25,0
DA:26,0
DA:27,0
DA:38,0
DA:40,0
DA:41,0
DA:42,0
DA:46,0
DA:48,0
DA:49,0
DA:50,0
DA:51,0
DA:52,0
DA:53,0
DA:55,0
DA:57,0
DA:58,0
DA:59,0
DA:62,0
DA:63,0
DA:65,0
DA:66,0
DA:68,0
DA:69,0
DA:71,0
DA:72,0
DA:74,0
DA:75,0
DA:79,0
DA:80,0
DA:81,0
DA:82,0
DA:83,0
DA:84,0
DA:85,0
DA:87,0
DA:88,0
DA:89,0
DA:91,0
DA:93,0
DA:94,0
DA:95,0
DA:96,0
DA:98,0
DA:99,0
DA:100,0
DA:101,0
DA:102,0
DA:104,0
DA:105,0
BRDA:40,33,0,0
BRDA:40,33,1,0
BRDA:48,107,1,0
BRDA:50,91,0,0
BRDA:50,91,1,0
BRDA:48,107,0,0
BRDA:57,134,0,0
BRDA:57,134,1,0
BRDA:79,299,0,0
BRDA:79,299,1,0
BRDA:93,393,1,0
BRDA:93,393,0,0
LF:51
LH:0
BRF:12
BRH:0
FNF:1
FNH:0
end_of_record
SF:/home/freitas/Development/Projects/CDIO/cdio-il2018-19sem5-grupo3/MYCM/core/services/ProductDTOService.cs
FN:20,core.domain.Product core.services.ProductDTOService::transform(core.dto.ProductDTO)
FNDA:0,core.domain.Product core.services.ProductDTOService::transform(core.dto.ProductDTO)
DA:21,0
DA:22,0
DA:23,0
DA:24,0
DA:25,0
DA:26,0
DA:27,0
DA:28,0
DA:30,0
DA:31,0
DA:33,0
DA:34,0
DA:36,0
DA:38,0
DA:39,0
DA:40,0
DA:41,0
DA:42,0
DA:43,0
DA:44,0
DA:46,0
DA:47,0
DA:48,0
DA:49,0
DA:50,0
DA:51,0
DA:52,0
DA:53,0
DA:55,0
DA:56,0
DA:57,0
DA:58,0
DA:60,0
DA:61,0
DA:62,0
DA:63,0
DA:64,0
DA:65,0
DA:66,0
DA:68,0
DA:69,0
DA:70,0
DA:71,0
DA:72,0
DA:73,0
DA:75,0
DA:76,0
DA:77,0
DA:78,0
BRDA:25,30,0,0
BRDA:25,30,1,0
BRDA:39,164,0,0
BRDA:39,164,1,0
BRDA:41,176,0,0
BRDA:41,176,1,0
BRDA:41,189,0,0
BRDA:41,189,1,0
BRDA:55,261,0,0
BRDA:55,261,1,0
BRDA:55,275,0,0
BRDA:55,275,1,0
BRDA:68,343,0,0
BRDA:68,343,1,0
BRDA:68,357,0,0
BRDA:68,357,1,0
LF:49
LH:0
BRF:16
BRH:0
FNF:1
FNH:0
end_of_record
SF:/home/freitas/Development/Projects/CDIO/cdio-il2018-19sem5-grupo3/MYCM/core/services/SlotDTOService.cs
FN:19,core.domain.Slot core.services.SlotDTOService::transform(core.dto.SlotDTO)
FNDA:0,core.domain.Slot core.services.SlotDTOService::transform(core.dto.SlotDTO)
DA:20,0
DA:21,0
DA:22,0
DA:24,0
DA:25,0
DA:26,0
DA:27,0
DA:28,0
DA:29,0
DA:30,0
DA:31,0
DA:32,0
DA:34,0
DA:36,0
DA:37,0
DA:38,0
DA:39,0
DA:41,0
DA:42,0
BRDA:25,30,0,0
BRDA:25,30,1,0
BRDA:36,114,1,0
BRDA:36,114,0,0
FN:49,System.Collections.Generic.IEnumerable`1<core.domain.Slot> core.services.SlotDTOService::transform(System.Collections.Generic.IEnumerable`1<core.dto.SlotDTO>)
FNDA:0,System.Collections.Generic.IEnumerable`1<core.domain.Slot> core.services.SlotDTOService::transform(System.Collections.Generic.IEnumerable`1<core.dto.SlotDTO>)
DA:50,0
DA:52,0
DA:53,0
DA:54,0
DA:55,0
DA:56,0
DA:57,0
DA:58,0
BRDA:53,46,1,0
BRDA:53,46,0,0
LF:27
LH:0
BRF:6
BRH:0
FNF:2
FNH:0
end_of_record
SF:/home/freitas/Development/Projects/CDIO/cdio-il2018-19sem5-grupo3/MYCM/core/services/UpdateCustomizedProductModelViewService.cs
FN:19,System.Boolean core.services.UpdateCustomizedProductModelViewService::update(core.modelview.customizedproduct.UpdateCustomizedProductModelView)
FNDA:0,System.Boolean core.services.UpdateCustomizedProductModelViewService::update(core.modelview.customizedproduct.UpdateCustomizedProductModelView)
DA:20,0
DA:21,0
DA:22,0
DA:23,0
DA:25,0
DA:26,0
DA:27,0
DA:29,0
DA:30,0
DA:31,0
DA:32,0
DA:33,0
DA:35,0
DA:36,0
DA:37,0
DA:38,0
DA:39,0
DA:41,0
DA:42,0
DA:43,0
DA:44,0
DA:45,0
DA:46,0
DA:48,0
DA:49,0
DA:50,0
DA:51,0
DA:52,0
DA:53,0
DA:54,0
DA:55,0
DA:56,0
DA:57,0
DA:62,0
DA:63,0
DA:64,0
DA:65,0
DA:67,0
DA:68,0
DA:69,0
DA:70,0
DA:72,0
DA:73,0
DA:74,0
DA:75,0
DA:77,0
DA:78,0
DA:79,0
DA:80,0
DA:81,0
DA:82,0
DA:84,0
DA:85,0
DA:86,0
DA:87,0
DA:88,0
DA:89,0
DA:91,0
DA:92,0
DA:97,0
DA:98,0
DA:99,0
DA:100,0
DA:101,0
DA:102,0
DA:103,0
DA:104,0
DA:105,0
DA:106,0
DA:107,0
DA:108,0
DA:109,0
DA:110,0
DA:112,0
DA:113,0
DA:114,0
DA:116,0
DA:117,0
DA:118,0
BRDA:29,42,0,0
BRDA:29,42,1,0
BRDA:35,76,0,0
BRDA:35,76,1,0
BRDA:41,110,0,0
BRDA:41,110,1,0
BRDA:48,153,0,0
BRDA:62,249,0,0
BRDA:62,249,1,0
BRDA:67,274,0,0
BRDA:67,274,1,0
BRDA:72,314,0,0
BRDA:72,314,1,0
BRDA:77,338,0,0
BRDA:77,338,1,0
BRDA:77,352,0,0
BRDA:77,352,1,0
BRDA:84,374,0,0
BRDA:84,374,1,0
BRDA:84,388,0,0
BRDA:84,388,1,0
BRDA:91,410,0,0
BRDA:91,410,1,0
BRDA:91,424,0,0
BRDA:97,433,0,0
BRDA:97,433,1,0
BRDA:103,467,0,0
BRDA:103,467,1,0
BRDA:103,481,0,0
BRDA:103,481,1,0
BRDA:91,424,1,0
BRDA:48,153,1,0
BRDA:112,512,0,0
BRDA:112,512,1,0
BRDA:112,525,0,0
BRDA:112,525,1,0
LF:79
LH:0
BRF:36
BRH:0
FNF:1
FNH:0
end_of_record
SF:/home/freitas/Development/Projects/CDIO/cdio-il2018-19sem5-grupo3/MYCM/core/services/UpdateFinishPriceTableEntryModelViewService.cs
FN:60,System.Void core.services.UpdateFinishPriceTableEntryModelViewService/<update>d__7::MoveNext()
FNDA:0,System.Void core.services.UpdateFinishPriceTableEntryModelViewService/<update>d__7::MoveNext()
DA:61,0
DA:62,0
DA:63,0
DA:65,0
DA:67,0
DA:69,0
DA:70,0
DA:71,0
DA:75,0
DA:76,0
DA:77,0
DA:78,0
DA:79,0
DA:80,0
DA:82,0
DA:84,0
DA:85,0
DA:86,0
DA:90,0
DA:91,0
DA:92,0
DA:95,0
DA:96,0
DA:98,0
DA:100,0
DA:101,0
DA:102,0
DA:103,0
DA:104,0
DA:105,0
DA:106,0
DA:107,0
DA:108,0
DA:109,0
DA:111,0
DA:112,0
DA:113,0
DA:116,0
DA:117,0
DA:120,0
DA:121,0
DA:122,0
DA:123,0
DA:124,0
DA:125,0
DA:126,0
DA:127,0
DA:128,0
DA:130,0
DA:132,0
DA:133,0
DA:136,0
DA:137,0
DA:138,0
DA:139,0
DA:140,0
DA:141,0
DA:142,0
DA:143,0
DA:144,0
DA:146,0
DA:148,0
DA:150,0
DA:151,0
DA:152,0
DA:155,0
DA:157,0
DA:158,0
DA:159,0
BRDA:69,89,0,0
BRDA:69,89,1,0
BRDA:75,1059,1,0
BRDA:77,186,0,0
BRDA:84,261,0,0
BRDA:84,261,1,0
BRDA:90,311,0,0
BRDA:90,311,1,0
BRDA:95,348,0,0
BRDA:75,128,1,0
BRDA:98,363,0,0
BRDA:101,442,0,0
BRDA:98,363,1,0
BRDA:101,442,1,0
BRDA:95,348,1,0
BRDA:116,652,0,0
BRDA:116,652,1,0
BRDA:132,828,0,0
BRDA:132,828,1,0
BRDA:150,1017,0,0
BRDA:150,1017,1,0
BRDA:77,186,1,0
BRDA:75,128,0,0
BRDA:75,1059,0,0
LF:69
LH:0
BRF:24
BRH:0
FNF:1
FNH:0
end_of_record
SF:/home/freitas/Development/Projects/CDIO/cdio-il2018-19sem5-grupo3/MYCM/core/services/UpdateMaterialPriceTableEntryModelViewService.cs
FN:60,System.Void core.services.UpdateMaterialPriceTableEntryModelViewService/<update>d__7::MoveNext()
FNDA:0,System.Void core.services.UpdateMaterialPriceTableEntryModelViewService/<update>d__7::MoveNext()
DA:61,0
DA:62,0
DA:63,0
DA:65,0
DA:67,0
DA:69,0
DA:70,0
DA:71,0
DA:74,0
DA:75,0
DA:77,0
DA:79,0
DA:80,0
DA:81,0
DA:84,0
DA:86,0
DA:87,0
DA:88,0
DA:92,0
DA:93,0
DA:94,0
DA:97,0
DA:98,0
DA:101,0
DA:103,0
DA:104,0
DA:105,0
DA:106,0
DA:107,0
DA:108,0
DA:109,0
DA:110,0
DA:111,0
DA:112,0
DA:114,0
DA:115,0
DA:116,0
DA:119,0
DA:120,0
DA:123,0
DA:124,0
DA:125,0
DA:126,0
DA:127,0
DA:128,0
DA:129,0
DA:130,0
DA:131,0
DA:133,0
DA:135,0
DA:136,0
DA:139,0
DA:140,0
DA:141,0
DA:142,0
DA:143,0
DA:144,0
DA:145,0
DA:146,0
DA:147,0
DA:149,0
DA:152,0
DA:154,0
DA:155,0
DA:156,0
DA:159,0
DA:160,0
BRDA:69,92,0,0
BRDA:69,92,1,0
BRDA:79,162,0,0
BRDA:79,162,1,0
BRDA:79,183,0,0
BRDA:79,183,1,0
BRDA:86,233,0,0
BRDA:86,233,1,0
BRDA:92,283,0,0
BRDA:92,283,1,0
BRDA:97,320,0,0
BRDA:101,335,0,0
BRDA:104,414,0,0
BRDA:101,335,1,0
BRDA:104,414,1,0
BRDA:97,320,1,0
BRDA:119,624,0,0
BRDA:119,624,1,0
BRDA:135,800,0,0
BRDA:135,800,1,0
BRDA:154,989,0,0
BRDA:154,989,1,0
LF:67
LH:0
BRF:22
BRH:0
FNF:1
FNH:0
end_of_record
SF:/home/freitas/Development/Projects/CDIO/cdio-il2018-19sem5-grupo3/MYCM/core/services/ensurance/FetchEnsurance.cs
FN:63,System.Void core.services.ensurance.FetchEnsurance::ensureProductFetchWasSuccessful(core.domain.Product)
FNDA:0,System.Void core.services.ensurance.FetchEnsurance::ensureProductFetchWasSuccessful(core.domain.Product)
DA:64,0
DA:65,0
DA:66,0
DA:67,0
BRDA:65,7,0,0
BRDA:65,7,1,0
FN:72,System.Void core.services.ensurance.FetchEnsurance::ensureProductCategoryFetchWasSuccessful(core.domain.ProductCategory)
FNDA:0,System.Void core.services.ensurance.FetchEnsurance::ensureProductCategoryFetchWasSuccessful(core.domain.ProductCategory)
DA:73,0
DA:74,0
DA:75,0
DA:76,0
BRDA:74,7,0,0
BRDA:74,7,1,0
FN:81,System.Void core.services.ensurance.FetchEnsurance::ensureMaterialPriceHistoryFetchWasSuccessful(System.Collections.Generic.IEnumerable`1<core.domain.MaterialPriceTableEntry>)
FNDA:0,System.Void core.services.ensurance.FetchEnsurance::ensureMaterialPriceHistoryFetchWasSuccessful(System.Collections.Generic.IEnumerable`1<core.domain.MaterialPriceTableEntry>)
DA:82,0
DA:83,0
DA:84,0
DA:85,0
BRDA:83,9,0,0
BRDA:83,9,1,0
FN:90,System.Void core.services.ensurance.FetchEnsurance::ensureMaterialFinishPriceHistoryFetchWasSuccessful(System.Collections.Generic.IEnumerable`1<core.domain.FinishPriceTableEntry>)
FNDA:0,System.Void core.services.ensurance.FetchEnsurance::ensureMaterialFinishPriceHistoryFetchWasSuccessful(System.Collections.Generic.IEnumerable`1<core.domain.FinishPriceTableEntry>)
DA:91,0
DA:92,0
DA:93,0
DA:94,0
BRDA:92,9,0,0
BRDA:92,9,1,0
FN:100,System.Void core.services.ensurance.FetchEnsurance::ensureMaterialsFetchWasSuccessful(System.Collections.Generic.IEnumerable`1<core.dto.MaterialDTO>,System.Collections.Generic.IEnumerable`1<core.domain.Material>)
FNDA:0,System.Void core.services.ensurance.FetchEnsurance::ensureMaterialsFetchWasSuccessful(System.Collections.Generic.IEnumerable`1<core.dto.MaterialDTO>,System.Collections.Generic.IEnumerable`1<core.domain.Material>)
DA:101,0
DA:102,0
DA:103,0
DA:104,0
BRDA:102,7,0,0
BRDA:102,7,1,0
BRDA:102,31,0,0
BRDA:102,31,1,0
FN:110,System.Void core.services.ensurance.FetchEnsurance::ensureProductsComponentsFetchWasSuccesful(System.Collections.Generic.IEnumerable`1<core.dto.ComponentDTO>,System.Collections.Generic.IEnumerable`1<core.domain.Product>)
FNDA:0,System.Void core.services.ensurance.FetchEnsurance::ensureProductsComponentsFetchWasSuccesful(System.Collections.Generic.IEnumerable`1<core.dto.ComponentDTO>,System.Collections.Generic.IEnumerable`1<core.domain.Product>)
DA:111,0
DA:112,0
DA:113,0
DA:114,0
BRDA:112,7,0,0
BRDA:112,7,1,0
BRDA:112,31,0,0
BRDA:112,31,1,0
FN:120,System.Void core.services.ensurance.FetchEnsurance::ensureProductsFetchWasSuccesful(System.Collections.Generic.IEnumerable`1<core.dto.ProductDTO>,System.Collections.Generic.IEnumerable`1<core.domain.Product>)
FNDA:0,System.Void core.services.ensurance.FetchEnsurance::ensureProductsFetchWasSuccesful(System.Collections.Generic.IEnumerable`1<core.dto.ProductDTO>,System.Collections.Generic.IEnumerable`1<core.domain.Product>)
DA:121,0
DA:122,0
DA:123,0
DA:124,0
BRDA:122,7,0,0
BRDA:122,7,1,0
BRDA:122,31,0,0
BRDA:122,31,1,0
FN:130,System.Void core.services.ensurance.FetchEnsurance::ensureProductsDimensionsFetchWasSuccesful(System.Collections.Generic.IEnumerable`1<core.dto.DimensionDTO>,System.Collections.Generic.IEnumerable`1<core.domain.Dimension>)
FNDA:0,System.Void core.services.ensurance.FetchEnsurance::ensureProductsDimensionsFetchWasSuccesful(System.Collections.Generic.IEnumerable`1<core.dto.DimensionDTO>,System.Collections.Generic.IEnumerable`1<core.domain.Dimension>)
DA:131,0
DA:132,0
DA:133,0
DA:134,0
BRDA:132,7,0,0
BRDA:132,7,1,0
BRDA:132,31,0,0
BRDA:132,31,1,0
FN:140,System.Void core.services.ensurance.FetchEnsurance::ensureSlotsCustomizedProductsFetchWasSuccessful(System.Collections.Generic.IEnumerable`1<core.dto.CustomizedProductDTO>,System.Collections.Generic.IEnumerable`1<core.domain.CustomizedProduct>)
FNDA:0,System.Void core.services.ensurance.FetchEnsurance::ensureSlotsCustomizedProductsFetchWasSuccessful(System.Collections.Generic.IEnumerable`1<core.dto.CustomizedProductDTO>,System.Collections.Generic.IEnumerable`1<core.domain.CustomizedProduct>)
DA:141,0
DA:142,0
DA:143,0
DA:144,0
BRDA:142,7,0,0
BRDA:142,7,1,0
BRDA:142,31,0,0
BRDA:142,31,1,0
LF:36
LH:0
BRF:28
BRH:0
FNF:9
FNH:0
end_of_record
SF:/home/freitas/Development/Projects/CDIO/cdio-il2018-19sem5-grupo3/MYCM/core/services/ensurance/ProductCategoryEnsurance.cs
FN:22,System.Void core.services.ensurance.ProductCategoryEnsurance::ensureProductCategoryIsLeaf(core.domain.ProductCategory)
FNDA:0,System.Void core.services.ensurance.ProductCategoryEnsurance::ensureProductCategoryIsLeaf(core.domain.ProductCategory)
DA:23,0
DA:24,0
DA:25,0
DA:26,0
DA:28,0
BRDA:25,29,0,0
BRDA:25,29,1,0
LF:5
LH:0
BRF:2
BRH:0
FNF:1
FNH:0
end_of_record
SF:/home/freitas/Development/Projects/CDIO/cdio-il2018-19sem5-grupo3/MYCM/core/services/ensurance/UpdateEnsurance.cs
FN:23,System.Void core.services.ensurance.UpdateEnsurance::ensureProductUpdateWasSuccessful(core.domain.Product)
FNDA:0,System.Void core.services.ensurance.UpdateEnsurance::ensureProductUpdateWasSuccessful(core.domain.Product)
DA:24,0
DA:25,0
DA:26,0
DA:27,0
BRDA:25,7,0,0
BRDA:25,7,1,0
FN:31,System.Void core.services.ensurance.UpdateEnsurance::ensureAtLeastOneUpdateWasPerformed(System.Boolean)
FNDA:0,System.Void core.services.ensurance.UpdateEnsurance::ensureAtLeastOneUpdateWasPerformed(System.Boolean)
DA:32,0
DA:33,0
DA:34,0
DA:35,0
BRDA:33,7,0,0
BRDA:33,7,1,0
LF:8
LH:0
BRF:4
BRH:0
FNF:2
FNH:0
end_of_record
SF:/home/freitas/Development/Projects/CDIO/cdio-il2018-19sem5-grupo3/MYCM/core/persistence/PersistenceContext.cs
FN:16,core.persistence.RepositoryFactory core.persistence.PersistenceContext::repositories()
FNDA:0,core.persistence.RepositoryFactory core.persistence.PersistenceContext::repositories()
DA:17,0
DA:18,0
DA:19,0
DA:20,0
DA:21,0
DA:22,0
DA:23,0
DA:24,0
DA:25,0
DA:26,0
DA:27,0
DA:28,0
DA:29,0
DA:30,0
BRDA:18,11,0,0
BRDA:25,46,0,0
BRDA:25,46,1,0
BRDA:18,11,1,0
FN:34,System.Void core.persistence.PersistenceContext::.ctor()
FNDA:0,System.Void core.persistence.PersistenceContext::.ctor()
DA:35,0
LF:15
LH:0
BRF:4
BRH:0
FNF:2
FNH:0
end_of_record
SF:/home/freitas/Development/Projects/CDIO/cdio-il2018-19sem5-grupo3/MYCM/core/modelview/slotdimensions/AddSlotDimensionsModelView.cs
FN:16,core.modelview.customizeddimensions.AddCustomizedDimensionsModelView core.modelview.slotdimensions.AddSlotDimensionsModelView::get_minSize()
FNDA:0,core.modelview.customizeddimensions.AddCustomizedDimensionsModelView core.modelview.slotdimensions.AddSlotDimensionsModelView::get_minSize()
DA:17,0
FN:23,core.modelview.customizeddimensions.AddCustomizedDimensionsModelView core.modelview.slotdimensions.AddSlotDimensionsModelView::get_maxSize()
FNDA:0,core.modelview.customizeddimensions.AddCustomizedDimensionsModelView core.modelview.slotdimensions.AddSlotDimensionsModelView::get_maxSize()
DA:24,0
FN:30,core.modelview.customizeddimensions.AddCustomizedDimensionsModelView core.modelview.slotdimensions.AddSlotDimensionsModelView::get_recommendedSize()
FNDA:0,core.modelview.customizeddimensions.AddCustomizedDimensionsModelView core.modelview.slotdimensions.AddSlotDimensionsModelView::get_recommendedSize()
DA:31,0
LF:3
LH:0
BRF:0
BRH:0
FNF:3
FNH:0
end_of_record
SF:/home/freitas/Development/Projects/CDIO/cdio-il2018-19sem5-grupo3/MYCM/core/modelview/slotdimensions/GetSlotDimensionsModelView.cs
FN:16,core.modelview.customizeddimensions.GetCustomizedDimensionsModelView core.modelview.slotdimensions.GetSlotDimensionsModelView::get_minSize()
FNDA:0,core.modelview.customizeddimensions.GetCustomizedDimensionsModelView core.modelview.slotdimensions.GetSlotDimensionsModelView::get_minSize()
DA:17,0
FN:23,core.modelview.customizeddimensions.GetCustomizedDimensionsModelView core.modelview.slotdimensions.GetSlotDimensionsModelView::get_maxSize()
FNDA:0,core.modelview.customizeddimensions.GetCustomizedDimensionsModelView core.modelview.slotdimensions.GetSlotDimensionsModelView::get_maxSize()
DA:24,0
FN:30,core.modelview.customizeddimensions.GetCustomizedDimensionsModelView core.modelview.slotdimensions.GetSlotDimensionsModelView::get_recommendedSize()
FNDA:0,core.modelview.customizeddimensions.GetCustomizedDimensionsModelView core.modelview.slotdimensions.GetSlotDimensionsModelView::get_recommendedSize()
DA:31,0
LF:3
LH:0
BRF:0
BRH:0
FNF:3
FNH:0
end_of_record
SF:/home/freitas/Development/Projects/CDIO/cdio-il2018-19sem5-grupo3/MYCM/core/modelview/restriction/GetBasicRestrictionModelView.cs
FN:13,System.Int64 core.modelview.restriction.GetBasicRestrictionModelView::get_id()
FNDA:0,System.Int64 core.modelview.restriction.GetBasicRestrictionModelView::get_id()
DA:14,0
FN:19,System.String core.modelview.restriction.GetBasicRestrictionModelView::get_description()
FNDA:0,System.String core.modelview.restriction.GetBasicRestrictionModelView::get_description()
DA:20,0
FN:25,core.modelview.algorithm.GetBasicAlgorithmModelView core.modelview.restriction.GetBasicRestrictionModelView::get_algorithm()
FNDA:0,core.modelview.algorithm.GetBasicAlgorithmModelView core.modelview.restriction.GetBasicRestrictionModelView::get_algorithm()
DA:26,0
LF:3
LH:0
BRF:0
BRH:0
FNF:3
FNH:0
end_of_record
SF:/home/freitas/Development/Projects/CDIO/cdio-il2018-19sem5-grupo3/MYCM/core/modelview/restriction/GetRestrictionModelView.cs
FN:14,System.Int64 core.modelview.restriction.GetRestrictionModelView::get_id()
FNDA:0,System.Int64 core.modelview.restriction.GetRestrictionModelView::get_id()
DA:15,0
FN:20,System.String core.modelview.restriction.GetRestrictionModelView::get_description()
FNDA:0,System.String core.modelview.restriction.GetRestrictionModelView::get_description()
DA:21,0
FN:26,core.modelview.algorithm.GetBasicAlgorithmModelView core.modelview.restriction.GetRestrictionModelView::get_algorithm()
FNDA:0,core.modelview.algorithm.GetBasicAlgorithmModelView core.modelview.restriction.GetRestrictionModelView::get_algorithm()
DA:27,0
LF:3
LH:0
BRF:0
BRH:0
FNF:3
FNH:0
end_of_record
SF:/home/freitas/Development/Projects/CDIO/cdio-il2018-19sem5-grupo3/MYCM/core/modelview/restriction/RestrictionModelView.cs
FN:15,core.modelview.restriction.GetBasicRestrictionModelView core.modelview.restriction.RestrictionModelViewService::fromEntityAsBasic(core.domain.Restriction)
FNDA:0,core.modelview.restriction.GetBasicRestrictionModelView core.modelview.restriction.RestrictionModelViewService::fromEntityAsBasic(core.domain.Restriction)
DA:16,0
DA:17,0
DA:18,0
DA:19,0
DA:20,0
FN:27,core.modelview.restriction.GetRestrictionModelView core.modelview.restriction.RestrictionModelViewService::fromEntity(core.domain.Restriction)
FNDA:0,core.modelview.restriction.GetRestrictionModelView core.modelview.restriction.RestrictionModelViewService::fromEntity(core.domain.Restriction)
DA:28,0
DA:29,0
DA:30,0
DA:31,0
DA:32,0
FN:39,core.modelview.restriction.GetAllRestrictionsModelView core.modelview.restriction.RestrictionModelViewService::fromCollection(System.Collections.Generic.IEnumerable`1<core.domain.Restriction>)
FNDA:0,core.modelview.restriction.GetAllRestrictionsModelView core.modelview.restriction.RestrictionModelViewService::fromCollection(System.Collections.Generic.IEnumerable`1<core.domain.Restriction>)
DA:40,0
DA:41,0
DA:42,0
DA:43,0
DA:44,0
BRDA:42,43,1,0
BRDA:42,43,0,0
LF:15
LH:0
BRF:2
BRH:0
FNF:3
FNH:0
end_of_record
SF:/home/freitas/Development/Projects/CDIO/cdio-il2018-19sem5-grupo3/MYCM/core/modelview/productcategory/AddProductCategoryModelView.cs
FN:15,System.String core.modelview.productcategory.AddProductCategoryModelView::get_name()
FNDA:0,System.String core.modelview.productcategory.AddProductCategoryModelView::get_name()
DA:16,0
LF:1
LH:0
BRF:0
BRH:0
FNF:1
FNH:0
end_of_record
SF:/home/freitas/Development/Projects/CDIO/cdio-il2018-19sem5-grupo3/MYCM/core/modelview/productcategory/GetBasicProductCategoryModelView.cs
FN:15,System.Int64 core.modelview.productcategory.GetBasicProductCategoryModelView::get_id()
FNDA:0,System.Int64 core.modelview.productcategory.GetBasicProductCategoryModelView::get_id()
DA:16,0
FN:22,System.String core.modelview.productcategory.GetBasicProductCategoryModelView::get_name()
FNDA:0,System.String core.modelview.productcategory.GetBasicProductCategoryModelView::get_name()
DA:23,0
LF:2
LH:0
BRF:0
BRH:0
FNF:2
FNH:0
end_of_record
SF:/home/freitas/Development/Projects/CDIO/cdio-il2018-19sem5-grupo3/MYCM/core/modelview/productcategory/GetProductCategoryModelView.cs
FN:16,System.Int64 core.modelview.productcategory.GetProductCategoryModelView::get_id()
FNDA:0,System.Int64 core.modelview.productcategory.GetProductCategoryModelView::get_id()
DA:17,0
FN:23,System.Nullable`1<System.Int64> core.modelview.productcategory.GetProductCategoryModelView::get_parentId()
FNDA:0,System.Nullable`1<System.Int64> core.modelview.productcategory.GetProductCategoryModelView::get_parentId()
DA:24,0
FN:30,System.String core.modelview.productcategory.GetProductCategoryModelView::get_name()
FNDA:0,System.String core.modelview.productcategory.GetProductCategoryModelView::get_name()
DA:31,0
LF:3
LH:0
BRF:0
BRH:0
FNF:3
FNH:0
end_of_record
SF:/home/freitas/Development/Projects/CDIO/cdio-il2018-19sem5-grupo3/MYCM/core/modelview/productcategory/ProductCategoryModelViewService.cs
FN:15,core.modelview.productcategory.GetBasicProductCategoryModelView core.modelview.productcategory.ProductCategoryModelViewService::fromEntityAsBasic(core.domain.ProductCategory)
FNDA:0,core.modelview.productcategory.GetBasicProductCategoryModelView core.modelview.productcategory.ProductCategoryModelViewService::fromEntityAsBasic(core.domain.ProductCategory)
DA:16,0
DA:17,0
DA:18,0
DA:19,0
DA:20,0
DA:21,0
FN:28,core.modelview.productcategory.GetProductCategoryModelView core.modelview.productcategory.ProductCategoryModelViewService::fromEntity(core.domain.ProductCategory)
FNDA:0,core.modelview.productcategory.GetProductCategoryModelView core.modelview.productcategory.ProductCategoryModelViewService::fromEntity(core.domain.ProductCategory)
DA:29,0
DA:30,0
DA:32,0
DA:33,0
DA:34,0
DA:36,0
DA:37,0
FN:44,core.modelview.productcategory.GetAllProductCategoriesModelView core.modelview.productcategory.ProductCategoryModelViewService::fromCollection(System.Collections.Generic.IEnumerable`1<core.domain.ProductCategory>)
FNDA:0,core.modelview.productcategory.GetAllProductCategoriesModelView core.modelview.productcategory.ProductCategoryModelViewService::fromCollection(System.Collections.Generic.IEnumerable`1<core.domain.ProductCategory>)
DA:45,0
DA:46,0
DA:48,0
DA:49,0
DA:50,0
DA:51,0
DA:52,0
DA:54,0
DA:55,0
DA:57,0
DA:58,0
BRDA:48,72,1,0
BRDA:48,72,0,0
LF:24
LH:0
BRF:2
BRH:0
FNF:3
FNH:0
end_of_record
SF:/home/freitas/Development/Projects/CDIO/cdio-il2018-19sem5-grupo3/MYCM/core/modelview/productcategory/UpdateProductCategoryModelView.cs
FN:15,System.String core.modelview.productcategory.UpdateProductCategoryModelView::get_name()
FNDA:0,System.String core.modelview.productcategory.UpdateProductCategoryModelView::get_name()
DA:16,0
LF:1
LH:0
BRF:0
BRH:0
FNF:1
FNH:0
end_of_record
SF:/home/freitas/Development/Projects/CDIO/cdio-il2018-19sem5-grupo3/MYCM/core/modelview/product/AddComponentToProductModelView.cs
FN:11,System.Int64 core.modelview.product.AddComponentToProductModelView::get_productID()
FNDA:0,System.Int64 core.modelview.product.AddComponentToProductModelView::get_productID()
DA:12,0
FN:16,System.Int64 core.modelview.product.AddComponentToProductModelView::get_complementedProductID()
FNDA:0,System.Int64 core.modelview.product.AddComponentToProductModelView::get_complementedProductID()
DA:17,0
FN:21,System.Boolean core.modelview.product.AddComponentToProductModelView::get_mandatory()
FNDA:0,System.Boolean core.modelview.product.AddComponentToProductModelView::get_mandatory()
DA:22,0
LF:3
LH:0
BRF:0
BRH:0
FNF:3
FNH:0
end_of_record
SF:/home/freitas/Development/Projects/CDIO/cdio-il2018-19sem5-grupo3/MYCM/core/modelview/product/AddMaterialToProductModelView.cs
FN:11,System.Int64 core.modelview.product.AddMaterialToProductModelView::get_productID()
FNDA:0,System.Int64 core.modelview.product.AddMaterialToProductModelView::get_productID()
DA:12,0
FN:17,System.Int64 core.modelview.product.AddMaterialToProductModelView::get_materialID()
FNDA:0,System.Int64 core.modelview.product.AddMaterialToProductModelView::get_materialID()
DA:18,0
LF:2
LH:0
BRF:0
BRH:0
FNF:2
FNH:0
end_of_record
SF:/home/freitas/Development/Projects/CDIO/cdio-il2018-19sem5-grupo3/MYCM/core/modelview/product/AddMeasurementToProductModelView.cs
FN:14,System.Int64 core.modelview.product.AddMeasurementToProductModelView::get_productID()
FNDA:0,System.Int64 core.modelview.product.AddMeasurementToProductModelView::get_productID()
DA:15,0
LF:1
LH:0
BRF:0
BRH:0
FNF:1
FNH:0
end_of_record
SF:/home/freitas/Development/Projects/CDIO/cdio-il2018-19sem5-grupo3/MYCM/core/modelview/product/AddProductModelView.cs
FN:18,System.String core.modelview.product.AddProductModelView::get_reference()
FNDA:0,System.String core.modelview.product.AddProductModelView::get_reference()
DA:19,0
FN:25,System.String core.modelview.product.AddProductModelView::get_designation()
FNDA:0,System.String core.modelview.product.AddProductModelView::get_designation()
DA:26,0
FN:32,System.Int64 core.modelview.product.AddProductModelView::get_categoryId()
FNDA:0,System.Int64 core.modelview.product.AddProductModelView::get_categoryId()
DA:33,0
FN:39,System.Collections.Generic.List`1<core.modelview.product.AddComponentToProductModelView> core.modelview.product.AddProductModelView::get_components()
FNDA:0,System.Collections.Generic.List`1<core.modelview.product.AddComponentToProductModelView> core.modelview.product.AddProductModelView::get_components()
DA:40,0
FN:46,System.Collections.Generic.List`1<core.modelview.product.AddMaterialToProductModelView> core.modelview.product.AddProductModelView::get_materials()
FNDA:0,System.Collections.Generic.List`1<core.modelview.product.AddMaterialToProductModelView> core.modelview.product.AddProductModelView::get_materials()
DA:47,0
FN:53,System.Collections.Generic.List`1<core.modelview.measurement.AddMeasurementModelView> core.modelview.product.AddProductModelView::get_measurements()
FNDA:0,System.Collections.Generic.List`1<core.modelview.measurement.AddMeasurementModelView> core.modelview.product.AddProductModelView::get_measurements()
DA:54,0
FN:60,core.modelview.slotdimensions.AddSlotDimensionsModelView core.modelview.product.AddProductModelView::get_slotSizes()
FNDA:0,core.modelview.slotdimensions.AddSlotDimensionsModelView core.modelview.product.AddProductModelView::get_slotSizes()
DA:61,0
LF:7
LH:0
BRF:0
BRH:0
FNF:7
FNH:0
end_of_record
SF:/home/freitas/Development/Projects/CDIO/cdio-il2018-19sem5-grupo3/MYCM/core/modelview/product/AddRestrictionToProductComponentDimensionModelView.cs
FN:12,System.Int64 core.modelview.product.AddRestrictionToProductComponentDimensionModelView::get_productID()
FNDA:0,System.Int64 core.modelview.product.AddRestrictionToProductComponentDimensionModelView::get_productID()
DA:13,0
FN:17,System.Int64 core.modelview.product.AddRestrictionToProductComponentDimensionModelView::get_componentID()
FNDA:0,System.Int64 core.modelview.product.AddRestrictionToProductComponentDimensionModelView::get_componentID()
DA:18,0
FN:22,System.Int64 core.modelview.product.AddRestrictionToProductComponentDimensionModelView::get_dimensionID()
FNDA:0,System.Int64 core.modelview.product.AddRestrictionToProductComponentDimensionModelView::get_dimensionID()
DA:23,0
FN:27,core.dto.RestrictionDTO core.modelview.product.AddRestrictionToProductComponentDimensionModelView::get_restriction()
FNDA:0,core.dto.RestrictionDTO core.modelview.product.AddRestrictionToProductComponentDimensionModelView::get_restriction()
DA:28,0
LF:4
LH:0
BRF:0
BRH:0
FNF:4
FNH:0
end_of_record
SF:/home/freitas/Development/Projects/CDIO/cdio-il2018-19sem5-grupo3/MYCM/core/modelview/product/AddRestrictionToProductComponentMaterialModelView.cs
FN:12,System.Int64 core.modelview.product.AddRestrictionToProductComponentMaterialModelView::get_productID()
FNDA:0,System.Int64 core.modelview.product.AddRestrictionToProductComponentMaterialModelView::get_productID()
DA:13,0
FN:17,System.Int64 core.modelview.product.AddRestrictionToProductComponentMaterialModelView::get_materialID()
FNDA:0,System.Int64 core.modelview.product.AddRestrictionToProductComponentMaterialModelView::get_materialID()
DA:18,0
FN:22,System.Int64 core.modelview.product.AddRestrictionToProductComponentMaterialModelView::get_componentID()
FNDA:0,System.Int64 core.modelview.product.AddRestrictionToProductComponentMaterialModelView::get_componentID()
DA:23,0
FN:27,core.dto.RestrictionDTO core.modelview.product.AddRestrictionToProductComponentMaterialModelView::get_restriction()
FNDA:0,core.dto.RestrictionDTO core.modelview.product.AddRestrictionToProductComponentMaterialModelView::get_restriction()
DA:28,0
LF:4
LH:0
BRF:0
BRH:0
FNF:4
FNH:0
end_of_record
SF:/home/freitas/Development/Projects/CDIO/cdio-il2018-19sem5-grupo3/MYCM/core/modelview/product/AddRestrictionToProductComponentModelView.cs
FN:12,System.Int64 core.modelview.product.AddRestrictionToProductComponentModelView::get_productID()
FNDA:0,System.Int64 core.modelview.product.AddRestrictionToProductComponentModelView::get_productID()
DA:13,0
FN:17,System.Int64 core.modelview.product.AddRestrictionToProductComponentModelView::get_componentID()
FNDA:0,System.Int64 core.modelview.product.AddRestrictionToProductComponentModelView::get_componentID()
DA:18,0
FN:22,core.dto.RestrictionDTO core.modelview.product.AddRestrictionToProductComponentModelView::get_restriction()
FNDA:0,core.dto.RestrictionDTO core.modelview.product.AddRestrictionToProductComponentModelView::get_restriction()
DA:23,0
LF:3
LH:0
BRF:0
BRH:0
FNF:3
FNH:0
end_of_record
SF:/home/freitas/Development/Projects/CDIO/cdio-il2018-19sem5-grupo3/MYCM/core/modelview/product/DeleteComponentFromProductModelView.cs
FN:11,System.Int64 core.modelview.product.DeleteComponentFromProductModelView::get_productID()
FNDA:0,System.Int64 core.modelview.product.DeleteComponentFromProductModelView::get_productID()
DA:12,0
FN:16,System.Int64 core.modelview.product.DeleteComponentFromProductModelView::get_componentID()
FNDA:0,System.Int64 core.modelview.product.DeleteComponentFromProductModelView::get_componentID()
DA:17,0
LF:2
LH:0
BRF:0
BRH:0
FNF:2
FNH:0
end_of_record
SF:/home/freitas/Development/Projects/CDIO/cdio-il2018-19sem5-grupo3/MYCM/core/modelview/product/DeleteDimensionFromProductModelView.cs
FN:11,System.Int64 core.modelview.product.DeleteDimensionFromProductModelView::get_productID()
FNDA:0,System.Int64 core.modelview.product.DeleteDimensionFromProductModelView::get_productID()
DA:12,0
FN:16,System.Int64 core.modelview.product.DeleteDimensionFromProductModelView::get_widthDimensionID()
FNDA:0,System.Int64 core.modelview.product.DeleteDimensionFromProductModelView::get_widthDimensionID()
DA:17,0
FN:21,System.Int64 core.modelview.product.DeleteDimensionFromProductModelView::get_depthDimensionID()
FNDA:0,System.Int64 core.modelview.product.DeleteDimensionFromProductModelView::get_depthDimensionID()
DA:22,0
FN:26,System.Int64 core.modelview.product.DeleteDimensionFromProductModelView::get_heightDimensionID()
FNDA:0,System.Int64 core.modelview.product.DeleteDimensionFromProductModelView::get_heightDimensionID()
DA:27,0
LF:4
LH:0
BRF:0
BRH:0
FNF:4
FNH:0
end_of_record
SF:/home/freitas/Development/Projects/CDIO/cdio-il2018-19sem5-grupo3/MYCM/core/modelview/product/DeleteMaterialFromProducModelView.cs
FN:11,System.Int64 core.modelview.product.DeleteMaterialFromProducModelView::get_productID()
FNDA:0,System.Int64 core.modelview.product.DeleteMaterialFromProducModelView::get_productID()
DA:12,0
FN:16,System.Int64 core.modelview.product.DeleteMaterialFromProducModelView::get_materialID()
FNDA:0,System.Int64 core.modelview.product.DeleteMaterialFromProducModelView::get_materialID()
DA:17,0
LF:2
LH:0
BRF:0
BRH:0
FNF:2
FNH:0
end_of_record
SF:/home/freitas/Development/Projects/CDIO/cdio-il2018-19sem5-grupo3/MYCM/core/modelview/product/DeleteMeasurementFromProductModelView.cs
FN:11,System.Int64 core.modelview.product.DeleteMeasurementFromProductModelView::get_productId()
FNDA:0,System.Int64 core.modelview.product.DeleteMeasurementFromProductModelView::get_productId()
DA:12,0
FN:17,System.Int64 core.modelview.product.DeleteMeasurementFromProductModelView::get_measurementId()
FNDA:0,System.Int64 core.modelview.product.DeleteMeasurementFromProductModelView::get_measurementId()
DA:18,0
LF:2
LH:0
BRF:0
BRH:0
FNF:2
FNH:0
end_of_record
SF:/home/freitas/Development/Projects/CDIO/cdio-il2018-19sem5-grupo3/MYCM/core/modelview/product/DeleteRestrictionFromProductComponentDimensionModelView.cs
FN:10,System.Int64 core.modelview.product.DeleteRestrictionFromProductComponentDimensionModelView::get_productID()
FNDA:0,System.Int64 core.modelview.product.DeleteRestrictionFromProductComponentDimensionModelView::get_productID()
DA:11,0
FN:15,System.Int64 core.modelview.product.DeleteRestrictionFromProductComponentDimensionModelView::get_componentID()
FNDA:0,System.Int64 core.modelview.product.DeleteRestrictionFromProductComponentDimensionModelView::get_componentID()
DA:16,0
FN:20,System.Int64 core.modelview.product.DeleteRestrictionFromProductComponentDimensionModelView::get_dimensionID()
FNDA:0,System.Int64 core.modelview.product.DeleteRestrictionFromProductComponentDimensionModelView::get_dimensionID()
DA:21,0
FN:25,System.Int64 core.modelview.product.DeleteRestrictionFromProductComponentDimensionModelView::get_restrictionID()
FNDA:0,System.Int64 core.modelview.product.DeleteRestrictionFromProductComponentDimensionModelView::get_restrictionID()
DA:26,0
LF:4
LH:0
BRF:0
BRH:0
FNF:4
FNH:0
end_of_record
SF:/home/freitas/Development/Projects/CDIO/cdio-il2018-19sem5-grupo3/MYCM/core/modelview/product/DeleteRestrictionFromProductComponentMaterialModelView.cs
FN:10,System.Int64 core.modelview.product.DeleteRestrictionFromProductComponentMaterialModelView::get_productID()
FNDA:0,System.Int64 core.modelview.product.DeleteRestrictionFromProductComponentMaterialModelView::get_productID()
DA:11,0
FN:16,System.Int64 core.modelview.product.DeleteRestrictionFromProductComponentMaterialModelView::get_componentID()
FNDA:0,System.Int64 core.modelview.product.DeleteRestrictionFromProductComponentMaterialModelView::get_componentID()
DA:17,0
FN:21,System.Int64 core.modelview.product.DeleteRestrictionFromProductComponentMaterialModelView::get_materialID()
FNDA:0,System.Int64 core.modelview.product.DeleteRestrictionFromProductComponentMaterialModelView::get_materialID()
DA:22,0
FN:26,System.Int64 core.modelview.product.DeleteRestrictionFromProductComponentMaterialModelView::get_restrictionID()
FNDA:0,System.Int64 core.modelview.product.DeleteRestrictionFromProductComponentMaterialModelView::get_restrictionID()
DA:27,0
LF:4
LH:0
BRF:0
BRH:0
FNF:4
FNH:0
end_of_record
SF:/home/freitas/Development/Projects/CDIO/cdio-il2018-19sem5-grupo3/MYCM/core/modelview/product/DeleteRestrictionFromProductComponentModelView.cs
FN:10,System.Int64 core.modelview.product.DeleteRestrictionFromProductComponentModelView::get_productID()
FNDA:0,System.Int64 core.modelview.product.DeleteRestrictionFromProductComponentModelView::get_productID()
DA:11,0
FN:15,System.Int64 core.modelview.product.DeleteRestrictionFromProductComponentModelView::get_componentID()
FNDA:0,System.Int64 core.modelview.product.DeleteRestrictionFromProductComponentModelView::get_componentID()
DA:16,0
FN:20,System.Int64 core.modelview.product.DeleteRestrictionFromProductComponentModelView::get_restrictionID()
FNDA:0,System.Int64 core.modelview.product.DeleteRestrictionFromProductComponentModelView::get_restrictionID()
DA:21,0
LF:3
LH:0
BRF:0
BRH:0
FNF:3
FNH:0
end_of_record
SF:/home/freitas/Development/Projects/CDIO/cdio-il2018-19sem5-grupo3/MYCM/core/modelview/product/GetBasicProductModelView.cs
FN:12,System.Int64 core.modelview.product.GetBasicProductModelView::get_id()
FNDA:0,System.Int64 core.modelview.product.GetBasicProductModelView::get_id()
DA:13,0
FN:18,System.String core.modelview.product.GetBasicProductModelView::get_reference()
FNDA:0,System.String core.modelview.product.GetBasicProductModelView::get_reference()
DA:19,0
FN:24,System.String core.modelview.product.GetBasicProductModelView::get_designation()
FNDA:0,System.String core.modelview.product.GetBasicProductModelView::get_designation()
DA:25,0
LF:3
LH:0
BRF:0
BRH:0
FNF:3
FNH:0
end_of_record
SF:/home/freitas/Development/Projects/CDIO/cdio-il2018-19sem5-grupo3/MYCM/core/modelview/product/GetProductModelView.cs
FN:19,System.Int64 core.modelview.product.GetProductModelView::get_id()
FNDA:0,System.Int64 core.modelview.product.GetProductModelView::get_id()
DA:20,0
FN:25,System.String core.modelview.product.GetProductModelView::get_reference()
FNDA:0,System.String core.modelview.product.GetProductModelView::get_reference()
DA:26,0
FN:31,System.String core.modelview.product.GetProductModelView::get_designation()
FNDA:0,System.String core.modelview.product.GetProductModelView::get_designation()
DA:32,0
FN:37,core.modelview.productcategory.GetBasicProductCategoryModelView core.modelview.product.GetProductModelView::get_category()
FNDA:0,core.modelview.productcategory.GetBasicProductCategoryModelView core.modelview.product.GetProductModelView::get_category()
DA:38,0
FN:43,core.modelview.material.GetAllMaterialsModelView core.modelview.product.GetProductModelView::get_materials()
FNDA:0,core.modelview.material.GetAllMaterialsModelView core.modelview.product.GetProductModelView::get_materials()
DA:44,0
FN:50,core.modelview.component.GetAllComponentsModelView core.modelview.product.GetProductModelView::get_components()
FNDA:0,core.modelview.component.GetAllComponentsModelView core.modelview.product.GetProductModelView::get_components()
DA:51,0
FN:57,System.Collections.Generic.List`1<core.modelview.measurement.GetMeasurementModelView> core.modelview.product.GetProductModelView::get_measurements()
FNDA:0,System.Collections.Generic.List`1<core.modelview.measurement.GetMeasurementModelView> core.modelview.product.GetProductModelView::get_measurements()
DA:58,0
FN:64,core.modelview.slotdimensions.GetSlotDimensionsModelView core.modelview.product.GetProductModelView::get_slotSizes()
FNDA:0,core.modelview.slotdimensions.GetSlotDimensionsModelView core.modelview.product.GetProductModelView::get_slotSizes()
DA:65,0
LF:8
LH:0
BRF:0
BRH:0
FNF:8
FNH:0
end_of_record
SF:/home/freitas/Development/Projects/CDIO/cdio-il2018-19sem5-grupo3/MYCM/core/modelview/product/ProductModelViewService.cs
FN:20,core.modelview.product.GetBasicProductModelView core.modelview.product.ProductModelViewService::fromEntityAsBasic(core.domain.Product)
FNDA:0,core.modelview.product.GetBasicProductModelView core.modelview.product.ProductModelViewService::fromEntityAsBasic(core.domain.Product)
DA:21,0
DA:22,0
DA:23,0
DA:24,0
DA:25,0
DA:26,0
DA:27,0
FN:33,core.modelview.product.GetProductModelView core.modelview.product.ProductModelViewService::fromEntity(core.domain.Product)
FNDA:0,core.modelview.product.GetProductModelView core.modelview.product.ProductModelViewService::fromEntity(core.domain.Product)
DA:34,0
DA:35,0
DA:36,0
DA:37,0
DA:38,0
DA:39,0
DA:40,0
DA:41,0
DA:42,0
DA:43,0
DA:44,0
DA:45,0
DA:46,0
DA:47,0
DA:48,0
DA:49,0
DA:50,0
DA:51,0
DA:52,0
BRDA:40,77,0,0
BRDA:40,77,1,0
BRDA:43,112,0,0
BRDA:43,112,1,0
BRDA:44,166,0,0
BRDA:44,166,1,0
BRDA:45,220,0,0
BRDA:45,220,1,0
FN:58,core.modelview.product.GetAllProductsModelView core.modelview.product.ProductModelViewService::fromCollection(System.Collections.Generic.IEnumerable`1<core.domain.Product>)
FNDA:0,core.modelview.product.GetAllProductsModelView core.modelview.product.ProductModelViewService::fromCollection(System.Collections.Generic.IEnumerable`1<core.domain.Product>)
DA:59,0
DA:60,0
DA:61,0
DA:62,0
DA:63,0
BRDA:61,43,1,0
BRDA:61,43,0,0
LF:31
LH:0
BRF:10
BRH:0
FNF:3
FNH:0
end_of_record
SF:/home/freitas/Development/Projects/CDIO/cdio-il2018-19sem5-grupo3/MYCM/core/modelview/product/UpdateProductModelView.cs
FN:17,System.Int64 core.modelview.product.UpdateProductModelView::get_productId()
FNDA:0,System.Int64 core.modelview.product.UpdateProductModelView::get_productId()
DA:18,0
FN:24,System.String core.modelview.product.UpdateProductModelView::get_reference()
FNDA:0,System.String core.modelview.product.UpdateProductModelView::get_reference()
DA:25,0
FN:31,System.String core.modelview.product.UpdateProductModelView::get_designation()
FNDA:0,System.String core.modelview.product.UpdateProductModelView::get_designation()
DA:32,0
FN:38,System.Nullable`1<System.Int64> core.modelview.product.UpdateProductModelView::get_productCategoryId()
FNDA:0,System.Nullable`1<System.Int64> core.modelview.product.UpdateProductModelView::get_productCategoryId()
DA:39,0
LF:4
LH:0
BRF:0
BRH:0
FNF:4
FNH:0
end_of_record
SF:/home/freitas/Development/Projects/CDIO/cdio-il2018-19sem5-grupo3/MYCM/core/modelview/product/UpdateProductPropertiesModelView.cs
FN:12,System.Int64 core.modelview.product.UpdateProductPropertiesModelView::get_id()
FNDA:0,System.Int64 core.modelview.product.UpdateProductPropertiesModelView::get_id()
DA:13,0
FN:18,System.String core.modelview.product.UpdateProductPropertiesModelView::get_reference()
FNDA:0,System.String core.modelview.product.UpdateProductPropertiesModelView::get_reference()
DA:19,0
FN:24,System.String core.modelview.product.UpdateProductPropertiesModelView::get_designation()
FNDA:0,System.String core.modelview.product.UpdateProductPropertiesModelView::get_designation()
DA:25,0
FN:30,System.Int64 core.modelview.product.UpdateProductPropertiesModelView::get_categoryId()
FNDA:0,System.Int64 core.modelview.product.UpdateProductPropertiesModelView::get_categoryId()
DA:31,0
LF:4
LH:0
BRF:0
BRH:0
FNF:4
FNH:0
end_of_record
SF:/home/freitas/Development/Projects/CDIO/cdio-il2018-19sem5-grupo3/MYCM/core/modelview/pricetableentries/AddFinishPriceTableEntryModelView.cs
FN:15,System.Int64 core.modelview.pricetableentries.AddFinishPriceTableEntryModelView::get_finishId()
FNDA:0,System.Int64 core.modelview.pricetableentries.AddFinishPriceTableEntryModelView::get_finishId()
DA:16,0
LF:1
LH:0
BRF:0
BRH:0
FNF:1
FNH:0
end_of_record
SF:/home/freitas/Development/Projects/CDIO/cdio-il2018-19sem5-grupo3/MYCM/core/modelview/pricetableentries/BasicPriceTableEntryModelView.cs
FN:16,System.Int64 core.modelview.pricetableentries.BasicPriceTableEntryModelView::get_tableEntryId()
FNDA:0,System.Int64 core.modelview.pricetableentries.BasicPriceTableEntryModelView::get_tableEntryId()
DA:17,0
FN:23,System.Int64 core.modelview.pricetableentries.BasicPriceTableEntryModelView::get_entityId()
FNDA:0,System.Int64 core.modelview.pricetableentries.BasicPriceTableEntryModelView::get_entityId()
DA:24,0
FN:30,core.dto.PriceTableEntryDTO core.modelview.pricetableentries.BasicPriceTableEntryModelView::get_priceTableEntry()
FNDA:0,core.dto.PriceTableEntryDTO core.modelview.pricetableentries.BasicPriceTableEntryModelView::get_priceTableEntry()
DA:31,0
LF:3
LH:0
BRF:0
BRH:0
FNF:3
FNH:0
end_of_record
SF:/home/freitas/Development/Projects/CDIO/cdio-il2018-19sem5-grupo3/MYCM/core/modelview/pricetableentries/UpdateFinishPriceTableEntryModelView.cs
FN:15,System.Int64 core.modelview.pricetableentries.UpdateFinishPriceTableEntryModelView::get_finishId()
FNDA:0,System.Int64 core.modelview.pricetableentries.UpdateFinishPriceTableEntryModelView::get_finishId()
DA:16,0
LF:1
LH:0
BRF:0
BRH:0
FNF:1
FNH:0
end_of_record
SF:/home/freitas/Development/Projects/CDIO/cdio-il2018-19sem5-grupo3/MYCM/core/modelview/pricetable/GetMaterialFinishPriceModelView.cs
FN:12,System.Int64 core.modelview.pricetable.GetMaterialFinishPriceModelView::get_id()
FNDA:0,System.Int64 core.modelview.pricetable.GetMaterialFinishPriceModelView::get_id()
DA:13,0
FN:18,System.Double core.modelview.pricetable.GetMaterialFinishPriceModelView::get_value()
FNDA:0,System.Double core.modelview.pricetable.GetMaterialFinishPriceModelView::get_value()
DA:19,0
FN:24,System.String core.modelview.pricetable.GetMaterialFinishPriceModelView::get_currency()
FNDA:0,System.String core.modelview.pricetable.GetMaterialFinishPriceModelView::get_currency()
DA:25,0
FN:30,System.String core.modelview.pricetable.GetMaterialFinishPriceModelView::get_area()
FNDA:0,System.String core.modelview.pricetable.GetMaterialFinishPriceModelView::get_area()
DA:31,0
FN:36,System.String core.modelview.pricetable.GetMaterialFinishPriceModelView::get_startingDate()
FNDA:0,System.String core.modelview.pricetable.GetMaterialFinishPriceModelView::get_startingDate()
DA:37,0
FN:42,System.String core.modelview.pricetable.GetMaterialFinishPriceModelView::get_endingDate()
FNDA:0,System.String core.modelview.pricetable.GetMaterialFinishPriceModelView::get_endingDate()
DA:43,0
LF:6
LH:0
BRF:0
BRH:0
FNF:6
FNH:0
end_of_record
SF:/home/freitas/Development/Projects/CDIO/cdio-il2018-19sem5-grupo3/MYCM/core/modelview/pricetable/GetMaterialPriceModelView.cs
FN:12,System.Int64 core.modelview.pricetable.GetMaterialPriceModelView::get_id()
FNDA:0,System.Int64 core.modelview.pricetable.GetMaterialPriceModelView::get_id()
DA:13,0
FN:18,System.Double core.modelview.pricetable.GetMaterialPriceModelView::get_value()
FNDA:0,System.Double core.modelview.pricetable.GetMaterialPriceModelView::get_value()
DA:19,0
FN:24,System.String core.modelview.pricetable.GetMaterialPriceModelView::get_currency()
FNDA:0,System.String core.modelview.pricetable.GetMaterialPriceModelView::get_currency()
DA:25,0
FN:30,System.String core.modelview.pricetable.GetMaterialPriceModelView::get_area()
FNDA:0,System.String core.modelview.pricetable.GetMaterialPriceModelView::get_area()
DA:31,0
FN:36,System.String core.modelview.pricetable.GetMaterialPriceModelView::get_startingDate()
FNDA:0,System.String core.modelview.pricetable.GetMaterialPriceModelView::get_startingDate()
DA:37,0
FN:42,System.String core.modelview.pricetable.GetMaterialPriceModelView::get_endingDate()
FNDA:0,System.String core.modelview.pricetable.GetMaterialPriceModelView::get_endingDate()
DA:43,0
LF:6
LH:0
BRF:0
BRH:0
FNF:6
FNH:0
end_of_record
SF:/home/freitas/Development/Projects/CDIO/cdio-il2018-19sem5-grupo3/MYCM/core/modelview/pricetable/PriceTableModelViewService.cs
FN:17,core.modelview.pricetable.GetMaterialPriceModelView core.modelview.pricetable.PriceTableModelViewService::fromMaterialEntity(core.domain.MaterialPriceTableEntry)
FNDA:0,core.modelview.pricetable.GetMaterialPriceModelView core.modelview.pricetable.PriceTableModelViewService::fromMaterialEntity(core.domain.MaterialPriceTableEntry)
DA:18,0
DA:19,0
DA:20,0
DA:21,0
DA:22,0
DA:23,0
DA:24,0
DA:25,0
DA:26,0
DA:27,0
FN:33,core.modelview.pricetable.GetMaterialFinishPriceModelView core.modelview.pricetable.PriceTableModelViewService::fromMaterialFinishEntity(core.domain.FinishPriceTableEntry)
FNDA:0,core.modelview.pricetable.GetMaterialFinishPriceModelView core.modelview.pricetable.PriceTableModelViewService::fromMaterialFinishEntity(core.domain.FinishPriceTableEntry)
DA:34,0
DA:35,0
DA:36,0
DA:37,0
DA:38,0
DA:39,0
DA:40,0
DA:41,0
DA:42,0
DA:43,0
FN:49,core.modelview.pricetable.GetAllMaterialPriceHistoryModelView core.modelview.pricetable.PriceTableModelViewService::fromMaterialCollection(System.Collections.Generic.IEnumerable`1<core.domain.MaterialPriceTableEntry>)
FNDA:0,core.modelview.pricetable.GetAllMaterialPriceHistoryModelView core.modelview.pricetable.PriceTableModelViewService::fromMaterialCollection(System.Collections.Generic.IEnumerable`1<core.domain.MaterialPriceTableEntry>)
DA:50,0
DA:51,0
DA:52,0
DA:53,0
DA:54,0
BRDA:52,43,1,0
BRDA:52,43,0,0
FN:60,core.modelview.pricetable.GetAllMaterialFinishPriceHistoryModelView core.modelview.pricetable.PriceTableModelViewService::fromMaterialFinishCollection(System.Collections.Generic.IEnumerable`1<core.domain.FinishPriceTableEntry>)
FNDA:0,core.modelview.pricetable.GetAllMaterialFinishPriceHistoryModelView core.modelview.pricetable.PriceTableModelViewService::fromMaterialFinishCollection(System.Collections.Generic.IEnumerable`1<core.domain.FinishPriceTableEntry>)
DA:61,0
DA:62,0
DA:63,0
DA:64,0
DA:65,0
BRDA:63,43,1,0
BRDA:63,43,0,0
LF:30
LH:0
BRF:4
BRH:0
FNF:4
FNH:0
end_of_record
SF:/home/freitas/Development/Projects/CDIO/cdio-il2018-19sem5-grupo3/MYCM/core/modelview/measurement/AddMeasurementModelView.cs
FN:15,core.modelview.dimension.AddDimensionModelView core.modelview.measurement.AddMeasurementModelView::get_widthDimension()
FNDA:0,core.modelview.dimension.AddDimensionModelView core.modelview.measurement.AddMeasurementModelView::get_widthDimension()
DA:16,0
FN:21,core.modelview.dimension.AddDimensionModelView core.modelview.measurement.AddMeasurementModelView::get_heightDimension()
FNDA:0,core.modelview.dimension.AddDimensionModelView core.modelview.measurement.AddMeasurementModelView::get_heightDimension()
DA:22,0
FN:27,core.modelview.dimension.AddDimensionModelView core.modelview.measurement.AddMeasurementModelView::get_depthDimension()
FNDA:0,core.modelview.dimension.AddDimensionModelView core.modelview.measurement.AddMeasurementModelView::get_depthDimension()
DA:28,0
LF:3
LH:0
BRF:0
BRH:0
FNF:3
FNH:0
end_of_record
SF:/home/freitas/Development/Projects/CDIO/cdio-il2018-19sem5-grupo3/MYCM/core/modelview/measurement/GetMeasurementModelView.cs
FN:16,System.Int64 core.modelview.measurement.GetMeasurementModelView::get_measurementId()
FNDA:0,System.Int64 core.modelview.measurement.GetMeasurementModelView::get_measurementId()
DA:17,0
FN:23,core.modelview.dimension.GetDimensionModelView core.modelview.measurement.GetMeasurementModelView::get_height()
FNDA:0,core.modelview.dimension.GetDimensionModelView core.modelview.measurement.GetMeasurementModelView::get_height()
DA:24,0
FN:30,core.modelview.dimension.GetDimensionModelView core.modelview.measurement.GetMeasurementModelView::get_width()
FNDA:0,core.modelview.dimension.GetDimensionModelView core.modelview.measurement.GetMeasurementModelView::get_width()
DA:31,0
FN:37,core.modelview.dimension.GetDimensionModelView core.modelview.measurement.GetMeasurementModelView::get_depth()
FNDA:0,core.modelview.dimension.GetDimensionModelView core.modelview.measurement.GetMeasurementModelView::get_depth()
DA:38,0
LF:4
LH:0
BRF:0
BRH:0
FNF:4
FNH:0
end_of_record
SF:/home/freitas/Development/Projects/CDIO/cdio-il2018-19sem5-grupo3/MYCM/core/modelview/measurement/MeasurementModelViewService.cs
FN:29,core.domain.Measurement core.modelview.measurement.MeasurementModelViewService::fromModelView(core.modelview.measurement.AddMeasurementModelView)
FNDA:0,core.domain.Measurement core.modelview.measurement.MeasurementModelViewService::fromModelView(core.modelview.measurement.AddMeasurementModelView)
DA:30,0
DA:31,0
DA:32,0
DA:33,0
DA:36,0
DA:37,0
DA:38,0
DA:40,0
DA:41,0
BRDA:31,7,0,0
BRDA:31,7,1,0
FN:48,System.Collections.Generic.IEnumerable`1<core.domain.Measurement> core.modelview.measurement.MeasurementModelViewService::fromModelViews(System.Collections.Generic.IEnumerable`1<core.modelview.measurement.AddMeasurementModelView>)
FNDA:0,System.Collections.Generic.IEnumerable`1<core.domain.Measurement> core.modelview.measurement.MeasurementModelViewService::fromModelViews(System.Collections.Generic.IEnumerable`1<core.modelview.measurement.AddMeasurementModelView>)
DA:49,0
DA:50,0
DA:52,0
DA:53,0
DA:54,0
DA:57,0
DA:58,0
DA:59,0
DA:60,0
DA:62,0
DA:63,0
BRDA:52,13,0,0
BRDA:52,13,1,0
BRDA:57,60,1,0
BRDA:57,60,0,0
FN:71,core.modelview.measurement.GetMeasurementModelView core.modelview.measurement.MeasurementModelViewService::fromEntity(core.domain.Measurement)
FNDA:0,core.modelview.measurement.GetMeasurementModelView core.modelview.measurement.MeasurementModelViewService::fromEntity(core.domain.Measurement)
DA:72,0
DA:73,0
DA:74,0
DA:75,0
DA:78,0
DA:79,0
DA:80,0
DA:82,0
DA:83,0
DA:84,0
DA:85,0
DA:86,0
DA:88,0
DA:89,0
BRDA:73,9,0,0
BRDA:73,9,1,0
FN:97,System.Collections.Generic.IEnumerable`1<core.modelview.measurement.GetMeasurementModelView> core.modelview.measurement.MeasurementModelViewService::fromCollection(System.Collections.Generic.IEnumerable`1<core.domain.Measurement>)
FNDA:0,System.Collections.Generic.IEnumerable`1<core.modelview.measurement.GetMeasurementModelView> core.modelview.measurement.MeasurementModelViewService::fromCollection(System.Collections.Generic.IEnumerable`1<core.domain.Measurement>)
DA:98,0
DA:99,0
DA:101,0
DA:102,0
DA:103,0
DA:106,0
DA:107,0
DA:108,0
DA:109,0
DA:111,0
DA:112,0
BRDA:101,13,0,0
BRDA:101,13,1,0
BRDA:106,60,1,0
BRDA:106,60,0,0
LF:45
LH:0
BRF:12
BRH:0
FNF:4
FNH:0
end_of_record
SF:/home/freitas/Development/Projects/CDIO/cdio-il2018-19sem5-grupo3/MYCM/core/modelview/material/AddColorModelView.cs
FN:14,core.dto.ColorDTO core.modelview.material.AddColorModelView::get_color()
FNDA:0,core.dto.ColorDTO core.modelview.material.AddColorModelView::get_color()
DA:15,0
LF:1
LH:0
BRF:0
BRH:0
FNF:1
FNH:0
end_of_record
SF:/home/freitas/Development/Projects/CDIO/cdio-il2018-19sem5-grupo3/MYCM/core/modelview/material/AddFinishModelView.cs
FN:14,core.dto.FinishDTO core.modelview.material.AddFinishModelView::get_finish()
FNDA:0,core.dto.FinishDTO core.modelview.material.AddFinishModelView::get_finish()
DA:15,0
LF:1
LH:0
BRF:0
BRH:0
FNF:1
FNH:0
end_of_record
SF:/home/freitas/Development/Projects/CDIO/cdio-il2018-19sem5-grupo3/MYCM/core/modelview/material/GetBasicMaterialModelView.cs
FN:12,System.Int64 core.modelview.material.GetBasicMaterialModelView::get_id()
FNDA:0,System.Int64 core.modelview.material.GetBasicMaterialModelView::get_id()
DA:13,0
FN:18,System.String core.modelview.material.GetBasicMaterialModelView::get_reference()
FNDA:0,System.String core.modelview.material.GetBasicMaterialModelView::get_reference()
DA:19,0
FN:24,System.String core.modelview.material.GetBasicMaterialModelView::get_designation()
FNDA:0,System.String core.modelview.material.GetBasicMaterialModelView::get_designation()
DA:25,0
LF:3
LH:0
BRF:0
BRH:0
FNF:3
FNH:0
end_of_record
SF:/home/freitas/Development/Projects/CDIO/cdio-il2018-19sem5-grupo3/MYCM/core/modelview/material/GetMaterialModelView.cs
FN:14,System.Int64 core.modelview.material.GetMaterialModelView::get_id()
FNDA:0,System.Int64 core.modelview.material.GetMaterialModelView::get_id()
DA:15,0
FN:20,System.String core.modelview.material.GetMaterialModelView::get_reference()
FNDA:0,System.String core.modelview.material.GetMaterialModelView::get_reference()
DA:21,0
FN:26,System.String core.modelview.material.GetMaterialModelView::get_designation()
FNDA:0,System.String core.modelview.material.GetMaterialModelView::get_designation()
DA:27,0
FN:33,System.Collections.Generic.List`1<core.dto.ColorDTO> core.modelview.material.GetMaterialModelView::get_colors()
FNDA:0,System.Collections.Generic.List`1<core.dto.ColorDTO> core.modelview.material.GetMaterialModelView::get_colors()
DA:34,0
FN:40,System.Collections.Generic.List`1<core.dto.FinishDTO> core.modelview.material.GetMaterialModelView::get_finishes()
FNDA:0,System.Collections.Generic.List`1<core.dto.FinishDTO> core.modelview.material.GetMaterialModelView::get_finishes()
DA:41,0
LF:5
LH:0
BRF:0
BRH:0
FNF:5
FNH:0
end_of_record
SF:/home/freitas/Development/Projects/CDIO/cdio-il2018-19sem5-grupo3/MYCM/core/modelview/material/MaterialModelViewService.cs
FN:17,core.modelview.material.GetBasicMaterialModelView core.modelview.material.MaterialModelViewService::fromEntityAsBasic(core.domain.Material)
FNDA:0,core.modelview.material.GetBasicMaterialModelView core.modelview.material.MaterialModelViewService::fromEntityAsBasic(core.domain.Material)
DA:18,0
DA:19,0
DA:20,0
DA:21,0
DA:22,0
DA:23,0
DA:24,0
FN:30,core.modelview.material.GetMaterialModelView core.modelview.material.MaterialModelViewService::fromEntity(core.domain.Material)
FNDA:0,core.modelview.material.GetMaterialModelView core.modelview.material.MaterialModelViewService::fromEntity(core.domain.Material)
DA:31,0
DA:32,0
DA:33,0
DA:34,0
DA:35,0
DA:36,0
DA:37,0
DA:38,0
DA:39,0
FN:45,core.modelview.material.GetAllMaterialsModelView core.modelview.material.MaterialModelViewService::fromCollection(System.Collections.Generic.IEnumerable`1<core.domain.Material>)
FNDA:0,core.modelview.material.GetAllMaterialsModelView core.modelview.material.MaterialModelViewService::fromCollection(System.Collections.Generic.IEnumerable`1<core.domain.Material>)
DA:46,0
DA:47,0
DA:48,0
DA:49,0
DA:50,0
BRDA:48,43,1,0
BRDA:48,43,0,0
LF:21
LH:0
BRF:2
BRH:0
FNF:3
FNH:0
end_of_record
SF:/home/freitas/Development/Projects/CDIO/cdio-il2018-19sem5-grupo3/MYCM/core/modelview/dimension/AddContinuouslDimensionIntervalModelView.cs
FN:15,System.Double core.modelview.dimension.AddContinuousDimensionIntervalModelView::get_minValue()
FNDA:0,System.Double core.modelview.dimension.AddContinuousDimensionIntervalModelView::get_minValue()
DA:16,0
FN:22,System.Double core.modelview.dimension.AddContinuousDimensionIntervalModelView::get_maxValue()
FNDA:0,System.Double core.modelview.dimension.AddContinuousDimensionIntervalModelView::get_maxValue()
DA:23,0
FN:29,System.Double core.modelview.dimension.AddContinuousDimensionIntervalModelView::get_increment()
FNDA:0,System.Double core.modelview.dimension.AddContinuousDimensionIntervalModelView::get_increment()
DA:30,0
LF:3
LH:0
BRF:0
BRH:0
FNF:3
FNH:0
end_of_record
SF:/home/freitas/Development/Projects/CDIO/cdio-il2018-19sem5-grupo3/MYCM/core/modelview/dimension/AddDimensionModelView.cs
FN:18,System.String core.modelview.dimension.AddDimensionModelView::get_unit()
FNDA:0,System.String core.modelview.dimension.AddDimensionModelView::get_unit()
DA:19,0
LF:1
LH:0
BRF:0
BRH:0
FNF:1
FNH:0
end_of_record
SF:/home/freitas/Development/Projects/CDIO/cdio-il2018-19sem5-grupo3/MYCM/core/modelview/dimension/AddDiscreteDimensionIntervalModelView.cs
FN:16,System.Collections.Generic.List`1<System.Double> core.modelview.dimension.AddDiscreteDimensionIntervalModelView::get_values()
FNDA:0,System.Collections.Generic.List`1<System.Double> core.modelview.dimension.AddDiscreteDimensionIntervalModelView::get_values()
DA:17,0
LF:1
LH:0
BRF:0
BRH:0
FNF:1
FNH:0
end_of_record
SF:/home/freitas/Development/Projects/CDIO/cdio-il2018-19sem5-grupo3/MYCM/core/modelview/dimension/AddSingleValueDimensionModelView.cs
FN:15,System.Double core.modelview.dimension.AddSingleValueDimensionModelView::get_value()
FNDA:0,System.Double core.modelview.dimension.AddSingleValueDimensionModelView::get_value()
DA:16,0
LF:1
LH:0
BRF:0
BRH:0
FNF:1
FNH:0
end_of_record
SF:/home/freitas/Development/Projects/CDIO/cdio-il2018-19sem5-grupo3/MYCM/core/modelview/dimension/DimensionModelViewService.cs
FN:30,core.modelview.dimension.GetDimensionModelView core.modelview.dimension.DimensionModelViewService::fromEntity(core.domain.Dimension)
FNDA:0,core.modelview.dimension.GetDimensionModelView core.modelview.dimension.DimensionModelViewService::fromEntity(core.domain.Dimension)
DA:31,0
DA:32,0
DA:33,0
DA:34,0
DA:37,0
DA:39,0
DA:40,0
DA:41,0
DA:42,0
DA:43,0
DA:44,0
DA:45,0
DA:47,0
DA:49,0
DA:50,0
DA:51,0
DA:52,0
DA:53,0
DA:54,0
DA:56,0
DA:57,0
DA:58,0
DA:59,0
DA:60,0
DA:61,0
DA:63,0
DA:65,0
DA:66,0
DA:67,0
DA:68,0
DA:69,0
DA:70,0
DA:71,0
DA:72,0
DA:73,0
DA:75,0
DA:78,0
DA:79,0
DA:82,0
BRDA:32,7,0,0
BRDA:32,7,1,0
BRDA:39,46,0,0
BRDA:39,46,1,0
BRDA:49,133,0,0
BRDA:57,239,1,0
BRDA:57,239,0,0
BRDA:49,133,1,0
BRDA:65,294,0,0
BRDA:65,294,1,0
FN:89,core.modelview.dimension.GetAllDimensionsModelView core.modelview.dimension.DimensionModelViewService::fromCollection(System.Collections.Generic.IEnumerable`1<core.domain.Dimension>)
FNDA:0,core.modelview.dimension.GetAllDimensionsModelView core.modelview.dimension.DimensionModelViewService::fromCollection(System.Collections.Generic.IEnumerable`1<core.domain.Dimension>)
DA:90,0
DA:91,0
DA:92,0
DA:93,0
DA:94,0
BRDA:92,43,1,0
BRDA:92,43,0,0
FN:102,core.domain.Dimension core.modelview.dimension.DimensionModelViewService::fromModelView(core.modelview.dimension.AddDimensionModelView)
FNDA:0,core.domain.Dimension core.modelview.dimension.DimensionModelViewService::fromModelView(core.modelview.dimension.AddDimensionModelView)
DA:103,0
DA:104,0
DA:105,0
DA:106,0
DA:109,0
DA:111,0
DA:113,0
DA:114,0
DA:115,0
DA:117,0
DA:119,0
DA:121,0
DA:122,0
DA:123,0
DA:125,0
DA:127,0
DA:128,0
DA:129,0
DA:130,0
DA:131,0
DA:133,0
DA:135,0
DA:136,0
DA:137,0
DA:139,0
DA:140,0
DA:141,0
DA:143,0
DA:146,0
DA:147,0
DA:149,0
BRDA:104,7,0,0
BRDA:104,7,1,0
BRDA:113,53,0,0
BRDA:113,53,1,0
BRDA:121,113,0,0
BRDA:127,186,1,0
BRDA:127,186,0,0
BRDA:121,113,1,0
BRDA:135,236,0,0
BRDA:135,236,1,0
FN:156,System.Collections.Generic.IEnumerable`1<core.domain.Dimension> core.modelview.dimension.DimensionModelViewService::fromModelViews(System.Collections.Generic.IEnumerable`1<core.modelview.dimension.AddDimensionModelView>)
FNDA:0,System.Collections.Generic.IEnumerable`1<core.domain.Dimension> core.modelview.dimension.DimensionModelViewService::fromModelViews(System.Collections.Generic.IEnumerable`1<core.modelview.dimension.AddDimensionModelView>)
DA:157,0
DA:158,0
DA:160,0
DA:161,0
DA:162,0
DA:165,0
DA:166,0
DA:167,0
DA:169,0
DA:170,0
DA:172,0
DA:173,0
BRDA:160,13,0,0
BRDA:160,13,1,0
BRDA:165,64,1,0
BRDA:165,64,0,0
LF:87
LH:0
BRF:26
BRH:0
FNF:4
FNH:0
end_of_record
SF:/home/freitas/Development/Projects/CDIO/cdio-il2018-19sem5-grupo3/MYCM/core/modelview/dimension/GetContinuousDimensionIntervalModelView.cs
FN:13,System.Double core.modelview.dimension.GetContinuousDimensionIntervalModelView::get_minValue()
FNDA:0,System.Double core.modelview.dimension.GetContinuousDimensionIntervalModelView::get_minValue()
DA:14,0
FN:20,System.Double core.modelview.dimension.GetContinuousDimensionIntervalModelView::get_maxValue()
FNDA:0,System.Double core.modelview.dimension.GetContinuousDimensionIntervalModelView::get_maxValue()
DA:21,0
FN:27,System.Double core.modelview.dimension.GetContinuousDimensionIntervalModelView::get_increment()
FNDA:0,System.Double core.modelview.dimension.GetContinuousDimensionIntervalModelView::get_increment()
DA:28,0
LF:3
LH:0
BRF:0
BRH:0
FNF:3
FNH:0
end_of_record
SF:/home/freitas/Development/Projects/CDIO/cdio-il2018-19sem5-grupo3/MYCM/core/modelview/dimension/GetDimensionModelView.cs
FN:15,System.Int64 core.modelview.dimension.GetDimensionModelView::get_id()
FNDA:0,System.Int64 core.modelview.dimension.GetDimensionModelView::get_id()
DA:16,0
FN:21,System.String core.modelview.dimension.GetDimensionModelView::get_unit()
FNDA:0,System.String core.modelview.dimension.GetDimensionModelView::get_unit()
DA:22,0
LF:2
LH:0
BRF:0
BRH:0
FNF:2
FNH:0
end_of_record
SF:/home/freitas/Development/Projects/CDIO/cdio-il2018-19sem5-grupo3/MYCM/core/modelview/dimension/GetDiscreteDimensionIntervalModelView.cs
FN:15,System.Collections.Generic.List`1<System.Double> core.modelview.dimension.GetDiscreteDimensionIntervalModelView::get_values()
FNDA:0,System.Collections.Generic.List`1<System.Double> core.modelview.dimension.GetDiscreteDimensionIntervalModelView::get_values()
DA:16,0
LF:1
LH:0
BRF:0
BRH:0
FNF:1
FNH:0
end_of_record
[...]
DA:73,0
DA:74,0
DA:75,0
DA:76,0
DA:77,0
DA:79,0
DA:80,0
DA:81,0
DA:82,0
DA:84,0
DA:85,0
DA:86,0
DA:87,0
DA:89,0
DA:90,0
DA:91,0
DA:92,0
DA:93,0
DA:94,0
DA:96,0
DA:98,0
DA:99,0
DA:100,0
DA:101,0
BRDA:79,45,0,0
BRDA:79,45,1,0
BRDA:84,77,0,0
BRDA:84,77,1,0
BRDA:89,110,0,0
BRDA:89,110,1,0
FN:107,System.Boolean core.application.ProductController::updateProductCategory(core.modelview.product.UpdateProductModelView)
FNDA:0,System.Boolean core.application.ProductController::updateProductCategory(core.modelview.product.UpdateProductModelView)
DA:108,0
DA:109,0
DA:110,0
DA:111,0
DA:112,0
DA:113,0
DA:114,0
DA:115,0
DA:116,0
DA:117,0
DA:118,0
DA:119,0
DA:120,0
DA:121,0
BRDA:113,48,0,0
BRDA:113,48,1,0
BRDA:118,98,0,0
BRDA:118,98,1,0
BRDA:118,111,0,0
BRDA:118,111,1,0
FN:127,core.modelview.material.GetMaterialModelView core.application.ProductController::addMaterialToProduct(core.modelview.product.AddMaterialToProductModelView)
FNDA:0,core.modelview.material.GetMaterialModelView core.application.ProductController::addMaterialToProduct(core.modelview.product.AddMaterialToProductModelView)
DA:128,0
DA:129,0
DA:130,0
DA:132,0
DA:134,0
DA:136,0
DA:138,0
DA:139,0
FN:144,System.Void core.application.ProductController::deleteMaterialFromProduct(core.modelview.product.DeleteMaterialFromProducModelView)
FNDA:0,System.Void core.application.ProductController::deleteMaterialFromProduct(core.modelview.product.DeleteMaterialFromProducModelView)
DA:145,0
DA:146,0
DA:147,0
DA:149,0
DA:151,0
DA:153,0
DA:154,0
FN:160,core.modelview.restriction.GetRestrictionModelView core.application.ProductController::addRestrictionToProductComponentMaterial(core.modelview.product.AddRestrictionToProductComponentMaterialModelView)
FNDA:0,core.modelview.restriction.GetRestrictionModelView core.application.ProductController::addRestrictionToProductComponentMaterial(core.modelview.product.AddRestrictionToProductComponentMaterialModelView)
DA:161,0
DA:162,0
DA:163,0
DA:165,0
DA:169,0
DA:171,0
FN:177,System.Void core.application.ProductController::deleteRestrictionFromProductComponentMaterial(core.modelview.product.DeleteRestrictionFromProductComponentMaterialModelView)
FNDA:0,System.Void core.application.ProductController::deleteRestrictionFromProductComponentMaterial(core.modelview.product.DeleteRestrictionFromProductComponentMaterialModelView)
DA:178,0
DA:179,0
DA:180,0
DA:182,0
DA:186,0
DA:188,0
FN:195,core.modelview.component.GetComponentModelView core.application.ProductController::addComponentToProduct(core.modelview.product.AddComponentToProductModelView)
FNDA:0,core.modelview.component.GetComponentModelView core.application.ProductController::addComponentToProduct(core.modelview.product.AddComponentToProductModelView)
DA:196,0
DA:197,0
DA:198,0
DA:200,0
DA:202,0
DA:204,0
DA:207,0
DA:208,0
FN:213,System.Void core.application.ProductController::deleteComponentFromProduct(core.modelview.product.DeleteComponentFromProductModelView)
FNDA:0,System.Void core.application.ProductController::deleteComponentFromProduct(core.modelview.product.DeleteComponentFromProductModelView)
DA:214,0
DA:215,0
DA:216,0
DA:218,0
DA:220,0
DA:222,0
DA:223,0
FN:229,core.modelview.restriction.GetRestrictionModelView core.application.ProductController::addRestrictionToProductComponent(core.modelview.product.AddRestrictionToProductComponentModelView)
FNDA:0,core.modelview.restriction.GetRestrictionModelView core.application.ProductController::addRestrictionToProductComponent(core.modelview.product.AddRestrictionToProductComponentModelView)
DA:230,0
DA:231,0
DA:232,0
DA:234,0
DA:238,0
DA:240,0
FN:246,System.Void core.application.ProductController::deleteRestrictionFromProductComponent(core.modelview.product.DeleteRestrictionFromProductComponentModelView)
FNDA:0,System.Void core.application.ProductController::deleteRestrictionFromProductComponent(core.modelview.product.DeleteRestrictionFromProductComponentModelView)
DA:247,0
DA:248,0
DA:249,0
DA:251,0
DA:255,0
DA:257,0
FN:265,core.modelview.restriction.GetAllRestrictionsModelView core.application.ProductController::addRestrictionToProductWidthDimension(core.modelview.product.AddRestrictionToProductComponentDimensionModelView)
FNDA:0,core.modelview.restriction.GetAllRestrictionsModelView core.application.ProductController::addRestrictionToProductWidthDimension(core.modelview.product.AddRestrictionToProductComponentDimensionModelView)
DA:266,0
DA:267,0
DA:268,0
DA:272,0
DA:274,0
FN:281,core.modelview.restriction.GetAllRestrictionsModelView core.application.ProductController::addRestrictionToProductHeightDimension(core.modelview.product.AddRestrictionToProductComponentDimensionModelView)
FNDA:0,core.modelview.restriction.GetAllRestrictionsModelView core.application.ProductController::addRestrictionToProductHeightDimension(core.modelview.product.AddRestrictionToProductComponentDimensionModelView)
DA:282,0
DA:283,0
DA:284,0
DA:288,0
DA:290,0
FN:297,core.modelview.restriction.GetAllRestrictionsModelView core.application.ProductController::addRestrictionToProductDepthDimension(core.modelview.product.AddRestrictionToProductComponentDimensionModelView)
FNDA:0,core.modelview.restriction.GetAllRestrictionsModelView core.application.ProductController::addRestrictionToProductDepthDimension(core.modelview.product.AddRestrictionToProductComponentDimensionModelView)
DA:298,0
DA:299,0
DA:300,0
DA:304,0
DA:306,0
FN:312,System.Void core.application.ProductController::deleteRestrictionFromProductComponentWidthDimension(core.modelview.product.DeleteRestrictionFromProductComponentDimensionModelView)
FNDA:0,System.Void core.application.ProductController::deleteRestrictionFromProductComponentWidthDimension(core.modelview.product.DeleteRestrictionFromProductComponentDimensionModelView)
DA:313,0
DA:314,0
DA:315,0
DA:319,0
DA:321,0
FN:327,System.Void core.application.ProductController::deleteRestrictionFromProductComponentHeightDimension(core.modelview.product.DeleteRestrictionFromProductComponentDimensionModelView)
FNDA:0,System.Void core.application.ProductController::deleteRestrictionFromProductComponentHeightDimension(core.modelview.product.DeleteRestrictionFromProductComponentDimensionModelView)
DA:328,0
DA:329,0
DA:330,0
DA:334,0
DA:336,0
FN:342,System.Void core.application.ProductController::deleteRestrictionFromProductComponentDepthDimension(core.modelview.product.DeleteRestrictionFromProductComponentDimensionModelView)
FNDA:0,System.Void core.application.ProductController::deleteRestrictionFromProductComponentDepthDimension(core.modelview.product.DeleteRestrictionFromProductComponentDimensionModelView)
DA:343,0
DA:344,0
DA:345,0
DA:349,0
DA:351,0
FN:358,System.Boolean core.application.ProductController::disableProduct(core.dto.ProductDTO)
FNDA:0,System.Boolean core.application.ProductController::disableProduct(core.dto.ProductDTO)
DA:359,0
DA:360,0
DA:361,0
DA:362,0
DA:363,0
BRDA:362,26,0,0
BRDA:362,34,0,0
BRDA:362,26,1,0
BRDA:362,34,1,0
FN:369,System.Boolean core.application.ProductController::removeProduct(core.dto.ProductDTO)
FNDA:0,System.Boolean core.application.ProductController::removeProduct(core.dto.ProductDTO)
DA:370,0
DA:371,0
DA:372,0
DA:373,0
DA:374,0
BRDA:373,26,0,0
BRDA:373,34,0,0
BRDA:373,26,1,0
BRDA:373,34,1,0
FN:379,core.modelview.product.GetAllProductsModelView core.application.ProductController::findAllProducts()
FNDA:0,core.modelview.product.GetAllProductsModelView core.application.ProductController::findAllProducts()
DA:380,0
DA:381,0
DA:382,0
DA:383,0
DA:384,0
FN:390,core.modelview.product.GetProductModelView core.application.ProductController::findProductByID(core.dto.FetchProductDTO)
FNDA:0,core.modelview.product.GetProductModelView core.application.ProductController::findProductByID(core.dto.FetchProductDTO)
DA:391,0
DA:392,0
DA:393,0
DA:394,0
DA:395,0
DA:396,0
FN:402,core.modelview.product.GetProductModelView core.application.ProductController::findByReference(core.dto.FetchProductDTO)
FNDA:0,core.modelview.product.GetProductModelView core.application.ProductController::findByReference(core.dto.FetchProductDTO)
DA:403,0
DA:404,0
DA:405,0
DA:406,0
DA:407,0
DA:408,0
FN:416,core.dto.RestrictionDTO core.application.ProductController::addComponentRestriction(System.Int64,System.Int64,core.dto.RestrictionDTO)
FNDA:0,core.dto.RestrictionDTO core.application.ProductController::addComponentRestriction(System.Int64,System.Int64,core.dto.RestrictionDTO)
DA:417,0
DA:418,0
DA:420,0
DA:422,0
DA:423,0
DA:424,0
DA:425,0
DA:426,0
DA:427,0
DA:428,0
DA:429,0
DA:431,0
DA:432,0
DA:433,0
DA:434,0
DA:435,0
DA:436,0
DA:437,0
DA:438,0
DA:439,0
DA:440,0
DA:441,0
DA:442,0
DA:444,0
BRDA:418,14,0,0
BRDA:422,47,0,0
BRDA:422,47,1,0
BRDA:418,14,1,0
BRDA:437,205,0,0
BRDA:437,205,1,0
FN:450,System.Collections.Generic.IEnumerable`1<core.domain.Dimension> core.application.ProductController::getProductDTOEnumerableDimensions(System.Collections.Generic.List`1<core.dto.DimensionDTO>)
FNDA:0,System.Collections.Generic.IEnumerable`1<core.domain.Dimension> core.application.ProductController::getProductDTOEnumerableDimensions(System.Collections.Generic.List`1<core.dto.DimensionDTO>)
DA:451,0
DA:452,0
DA:453,0
DA:454,0
DA:455,0
DA:456,0
DA:457,0
DA:458,0
DA:459,0
DA:460,0
DA:461,0
DA:462,0
DA:463,0
DA:464,0
DA:465,0
DA:466,0
DA:467,0
DA:468,0
DA:469,0
BRDA:453,236,1,0
BRDA:454,52,0,0
BRDA:454,52,1,0
BRDA:458,117,0,0
BRDA:458,117,1,0
BRDA:462,193,0,0
BRDA:462,193,1,0
BRDA:453,236,0,0
FN:475,System.Collections.Generic.IEnumerable`1<core.dto.ProductDTO> core.application.ProductController::extractProductsDTOFromComponentsDTO(System.Collections.Generic.IEnumerable`1<core.dto.ComponentDTO>)
FNDA:0,System.Collections.Generic.IEnumerable`1<core.dto.ProductDTO> core.application.ProductController::extractProductsDTOFromComponentsDTO(System.Collections.Generic.IEnumerable`1<core.dto.ComponentDTO>)
DA:476,0
DA:477,0
DA:478,0
DA:479,0
DA:480,0
BRDA:478,43,1,0
BRDA:478,43,0,0
FN:53,System.Void core.application.ProductController::.ctor()
FNDA:0,System.Void core.application.ProductController::.ctor()
DA:54,0
LF:204
LH:0
BRF:38
BRH:0
FNF:26
FNH:0
end_of_record
SF:/home/freitas/Development/Projects/CDIO/cdio-il2018-19sem5-grupo3/MYCM/support/utils/Properties.cs
FN:28,System.Void support.system.Properties::put(System.Object,System.Object)
FNDA:0,System.Void support.system.Properties::put(System.Object,System.Object)
DA:29,0
FN:35,System.Object support.system.Properties::get(System.Object)
FNDA:0,System.Object support.system.Properties::get(System.Object)
DA:36,0
DA:37,0
DA:38,0
DA:39,0
DA:40,0
FN:45,System.Void support.system.Properties::load(System.IO.Stream)
FNDA:0,System.Void support.system.Properties::load(System.IO.Stream)
DA:46,0
DA:47,0
DA:48,0
DA:49,0
DA:50,0
DA:51,0
DA:52,0
FN:17,System.Void support.system.Properties::.ctor()
FNDA:0,System.Void support.system.Properties::.ctor()
DA:18,0
DA:22,0
FN:13,System.Void support.system.Properties::.cctor()
FNDA:0,System.Void support.system.Properties::.cctor()
DA:14,0
LF:16
LH:0
BRF:0
BRH:0
FNF:5
FNH:0
end_of_record
SF:/home/freitas/Development/Projects/CDIO/cdio-il2018-19sem5-grupo3/MYCM/support/utils/Collections.cs
FN:19,System.Boolean support.utils.Collections::isListEmpty(System.Collections.Generic.List`1<T>)
FNDA:618,System.Boolean support.utils.Collections::isListEmpty(System.Collections.Generic.List`1<T>)
DA:20,618
DA:21,618
DA:22,618
BRDA:21,2,0,618
BRDA:21,2,1,0
FN:29,System.Boolean support.utils.Collections::isListNull(System.Collections.Generic.List`1<T>)
FNDA:622,System.Boolean support.utils.Collections::isListNull(System.Collections.Generic.List`1<T>)
DA:30,622
DA:31,622
DA:32,622
FN:39,System.Boolean support.utils.Collections::isEnumerableNullOrEmpty(System.Collections.Generic.IEnumerable`1<T>)
FNDA:420,System.Boolean support.utils.Collections::isEnumerableNullOrEmpty(System.Collections.Generic.IEnumerable`1<T>)
DA:40,420
DA:41,420
DA:42,419
BRDA:41,2,0,417
BRDA:41,2,1,3
FN:49,System.Int32 support.utils.Collections::getEnumerableSize(System.Collections.Generic.IEnumerable`1<T>)
FNDA:0,System.Int32 support.utils.Collections::getEnumerableSize(System.Collections.Generic.IEnumerable`1<T>)
DA:50,0
DA:51,0
DA:52,0
DA:53,0
DA:54,0
DA:55,0
DA:56,0
DA:57,0
DA:59,0
BRDA:51,24,0,0
BRDA:51,24,1,0
BRDA:55,72,1,0
BRDA:55,72,0,0
FN:66,System.Collections.Generic.List`1<T> support.utils.Collections::enumerableAsList(System.Collections.Generic.IEnumerable`1<T>)
FNDA:0,System.Collections.Generic.List`1<T> support.utils.Collections::enumerableAsList(System.Collections.Generic.IEnumerable`1<T>)
DA:67,0
DA:68,0
DA:69,0
DA:70,0
DA:71,0
DA:73,0
BRDA:68,24,0,0
BRDA:68,24,1,0
LF:24
LH:9
BRF:10
BRH:3
FNF:5
FNH:3
end_of_record
SF:/home/freitas/Development/Projects/CDIO/cdio-il2018-19sem5-grupo3/MYCM/support/utils/Strings.cs
FN:12,System.Boolean support.utils.Strings::isNullOrEmpty(System.String)
FNDA:4211,System.Boolean support.utils.Strings::isNullOrEmpty(System.String)
DA:13,4211
BRDA:13,2,0,1396
BRDA:13,2,1,8
LF:1
LH:1
BRF:2
BRH:2
FNF:1
FNH:1
end_of_record
SF:/home/freitas/Development/Projects/CDIO/cdio-il2018-19sem5-grupo3/MYCM/support/io/Streams.cs
FN:19,System.Collections.Generic.List`1<System.String> support.io.Streams::readAllLines(System.IO.Stream)
FNDA:0,System.Collections.Generic.List`1<System.String> support.io.Streams::readAllLines(System.IO.Stream)
DA:20,0
DA:21,0
DA:22,0
DA:23,0
DA:24,0
DA:25,0
DA:26,0
BRDA:24,47,1,0
BRDA:24,47,0,0
FN:31,System.Void support.io.Streams::grantStreamIsValidForRead(System.IO.Stream)
FNDA:0,System.Void support.io.Streams::grantStreamIsValidForRead(System.IO.Stream)
DA:32,0
DA:33,0
DA:34,0
BRDA:33,2,0,0
BRDA:33,2,1,0
BRDA:33,18,0,0
BRDA:33,18,1,0
FN:13,System.Void support.io.Streams::.cctor()
FNDA:0,System.Void support.io.Streams::.cctor()
DA:14,0
LF:11
LH:0
BRF:6
BRH:0
FNF:3
FNH:0
end_of_record
SF:/home/freitas/Development/Projects/CDIO/cdio-il2018-19sem5-grupo3/MYCM/support/dto/DTOUtils.cs
FN:12,T support.dto.DTOUtils::reverseDTO(support.dto.DTOParseable`2<T,D>)
FNDA:0,T support.dto.DTOUtils::reverseDTO(support.dto.DTOParseable`2<T,D>)
DA:13,0
DA:14,0
DA:15,0
FN:23,System.Collections.Generic.IEnumerable`1<T> support.dto.DTOUtils::reverseDTOS(System.Collections.Generic.IEnumerable`1<support.dto.DTOParseable`2<T,D>>)
FNDA:0,System.Collections.Generic.IEnumerable`1<T> support.dto.DTOUtils::reverseDTOS(System.Collections.Generic.IEnumerable`1<support.dto.DTOParseable`2<T,D>>)
DA:24,0
DA:25,0
DA:26,0
DA:27,0
DA:28,0
BRDA:26,43,1,0
BRDA:26,43,0,0
FN:35,D support.dto.DTOUtils::parseToDTO(support.dto.DTOAble`1<D>)
FNDA:0,D support.dto.DTOUtils::parseToDTO(support.dto.DTOAble`1<D>)
DA:36,0
DA:37,0
DA:38,0
FN:45,System.Collections.Generic.IEnumerable`1<D> support.dto.DTOUtils::parseToDTOS(System.Collections.Generic.IEnumerable`1<support.dto.DTOAble`1<D>>)
FNDA:42,System.Collections.Generic.IEnumerable`1<D> support.dto.DTOUtils::parseToDTOS(System.Collections.Generic.IEnumerable`1<support.dto.DTOAble`1<D>>)
DA:46,42
DA:47,42
DA:48,189
DA:49,42
DA:50,42
BRDA:48,43,1,21
BRDA:48,43,0,42
LF:16
LH:5
BRF:4
BRH:2
FNF:4
FNH:1
end_of_record
SF:/home/freitas/Development/Projects/CDIO/cdio-il2018-19sem5-grupo3/MYCM/support/dto/GenericDTO.cs
FN:42,System.Boolean support.dto.GenericDTO::put(System.String,System.Object)
FNDA:2,System.Boolean support.dto.GenericDTO::put(System.String,System.Object)
DA:43,2
DA:44,6
DA:45,2
DA:46,2
FN:52,System.Object support.dto.GenericDTO::get(System.String)
FNDA:8,System.Object support.dto.GenericDTO::get(System.String)
DA:53,8
FN:56,System.Object support.dto.GenericDTO::get_Item(System.String)
FNDA:0,System.Object support.dto.GenericDTO::get_Item(System.String)
DA:57,0
FN:58,System.Collections.Generic.ICollection`1<System.String> support.dto.GenericDTO::get_Keys()
FNDA:0,System.Collections.Generic.ICollection`1<System.String> support.dto.GenericDTO::get_Keys()
DA:59,0
FN:60,System.Collections.Generic.ICollection`1<System.Object> support.dto.GenericDTO::get_Values()
FNDA:0,System.Collections.Generic.ICollection`1<System.Object> support.dto.GenericDTO::get_Values()
DA:61,0
FN:62,System.Int32 support.dto.GenericDTO::get_Count()
FNDA:0,System.Int32 support.dto.GenericDTO::get_Count()
DA:63,0
FN:64,System.Boolean support.dto.GenericDTO::get_IsReadOnly()
FNDA:0,System.Boolean support.dto.GenericDTO::get_IsReadOnly()
DA:65,0
FN:71,System.Void support.dto.GenericDTO::Add(System.String,System.Object)
FNDA:6,System.Void support.dto.GenericDTO::Add(System.String,System.Object)
DA:72,6
FN:77,System.Void support.dto.GenericDTO::Add(System.Collections.Generic.KeyValuePair`2<System.String,System.Object>)
FNDA:0,System.Void support.dto.GenericDTO::Add(System.Collections.Generic.KeyValuePair`2<System.String,System.Object>)
DA:78,0
FN:82,System.Void support.dto.GenericDTO::Clear()
FNDA:0,System.Void support.dto.GenericDTO::Clear()
DA:83,0
FN:89,System.Boolean support.dto.GenericDTO::Contains(System.Collections.Generic.KeyValuePair`2<System.String,System.Object>)
FNDA:0,System.Boolean support.dto.GenericDTO::Contains(System.Collections.Generic.KeyValuePair`2<System.String,System.Object>)
DA:90,0
FN:96,System.Boolean support.dto.GenericDTO::ContainsKey(System.String)
FNDA:0,System.Boolean support.dto.GenericDTO::ContainsKey(System.String)
DA:97,0
FN:103,System.Void support.dto.GenericDTO::CopyTo(System.Collections.Generic.KeyValuePair`2<System.String,System.Object>[],System.Int32)
FNDA:0,System.Void support.dto.GenericDTO::CopyTo(System.Collections.Generic.KeyValuePair`2<System.String,System.Object>[],System.Int32)
DA:104,0
FN:109,System.Collections.Generic.IEnumerator`1<System.Collections.Generic.KeyValuePair`2<System.String,System.Object>> support.dto.GenericDTO::GetEnumerator()
FNDA:0,System.Collections.Generic.IEnumerator`1<System.Collections.Generic.KeyValuePair`2<System.String,System.Object>> support.dto.GenericDTO::GetEnumerator()
DA:110,0
FN:116,System.Boolean support.dto.GenericDTO::Remove(System.String)
FNDA:0,System.Boolean support.dto.GenericDTO::Remove(System.String)
DA:117,0
FN:123,System.Boolean support.dto.GenericDTO::Remove(System.Collections.Generic.KeyValuePair`2<System.String,System.Object>)
FNDA:0,System.Boolean support.dto.GenericDTO::Remove(System.Collections.Generic.KeyValuePair`2<System.String,System.Object>)
DA:124,0
FN:131,System.Boolean support.dto.GenericDTO::TryGetValue(System.String,System.Object&)
FNDA:0,System.Boolean support.dto.GenericDTO::TryGetValue(System.String,System.Object&)
DA:132,0
FN:137,System.Collections.IEnumerator support.dto.GenericDTO::System.Collections.IEnumerable.GetEnumerator()
FNDA:0,System.Collections.IEnumerator support.dto.GenericDTO::System.Collections.IEnumerable.GetEnumerator()
DA:138,0
FN:143,System.Void support.dto.GenericDTO::checkGenericDTO(System.String)
FNDA:2,System.Void support.dto.GenericDTO::checkGenericDTO(System.String)
DA:144,2
DA:145,2
DA:146,0
DA:148,2
BRDA:145,2,0,2
BRDA:145,2,1,0
BRDA:145,23,0,0
BRDA:145,23,1,2
FN:23,System.Void support.dto.GenericDTO::.ctor(System.String)
FNDA:2,System.Void support.dto.GenericDTO::.ctor(System.String)
DA:24,2
DA:29,4
DA:30,2
DA:31,2
DA:32,2
FN:15,System.Void support.dto.GenericDTO::.cctor()
FNDA:0,System.Void support.dto.GenericDTO::.cctor()
DA:16,0
LF:31
LH:14
BRF:4
BRH:2
FNF:21
FNH:5
end_of_record
SF:/home/freitas/Development/Projects/CDIO/cdio-il2018-19sem5-grupo3/MYCM/support/domain/Activatable.cs
FN:11,System.Boolean support.domain.Activatable::get_activated()
FNDA:1118,System.Boolean support.domain.Activatable::get_activated()
DA:12,1118
FN:17,System.Boolean support.domain.Activatable::activate()
FNDA:1,System.Boolean support.domain.Activatable::activate()
DA:18,1
DA:19,1
DA:20,1
DA:21,1
DA:24,0
DA:26,0
DA:27,1
BRDA:19,9,0,1
BRDA:19,9,1,0
FN:32,System.Boolean support.domain.Activatable::deactivate()
FNDA:4,System.Boolean support.domain.Activatable::deactivate()
DA:33,4
DA:34,4
DA:35,1
DA:36,1
DA:39,3
DA:41,3
DA:42,4
BRDA:34,12,0,1
BRDA:34,12,1,3
LF:15
LH:13
BRF:4
BRH:3
FNF:3
FNH:3
end_of_record